Unity Editor version:    2022.3.47f1 (88c277b85d21)
Branch:                  2022.3/staging
Build type:              Release
Batch mode:              YES
macOS version:           Version 13.6.7 (Build 22G720)
Darwin version:          22.6.0
Architecture:            arm64
Running under Rosetta:   NO
Available memory:        32768 MB
Using pre-set license
Pro License: YES

COMMAND LINE ARGUMENTS:
/Applications/Unity/Hub/Editor/2022.3.47f1/Unity.app/Contents/MacOS/Unity
-adb2
-batchMode
-noUpm
-name
AssetImportWorker2
-projectPath
/Users/jongha/Documents/GitHub/DelRev/DelRev
-logFile
Logs/AssetImportWorker2.log
-srvPort
49267
Successfully changed project path to: /Users/jongha/Documents/GitHub/DelRev/DelRev
/Users/jongha/Documents/GitHub/DelRev/DelRev
[UnityMemory] Configuration Parameters - Can be set up in boot.config
    "memorysetup-bucket-allocator-granularity=16"
    "memorysetup-bucket-allocator-bucket-count=8"
    "memorysetup-bucket-allocator-block-size=33554432"
    "memorysetup-bucket-allocator-block-count=8"
    "memorysetup-main-allocator-block-size=16777216"
    "memorysetup-thread-allocator-block-size=16777216"
    "memorysetup-gfx-main-allocator-block-size=16777216"
    "memorysetup-gfx-thread-allocator-block-size=16777216"
    "memorysetup-cache-allocator-block-size=4194304"
    "memorysetup-typetree-allocator-block-size=2097152"
    "memorysetup-profiler-bucket-allocator-granularity=16"
    "memorysetup-profiler-bucket-allocator-bucket-count=8"
    "memorysetup-profiler-bucket-allocator-block-size=33554432"
    "memorysetup-profiler-bucket-allocator-block-count=8"
    "memorysetup-profiler-allocator-block-size=16777216"
    "memorysetup-profiler-editor-allocator-block-size=1048576"
    "memorysetup-temp-allocator-size-main=16777216"
    "memorysetup-job-temp-allocator-block-size=2097152"
    "memorysetup-job-temp-allocator-block-size-background=1048576"
    "memorysetup-job-temp-allocator-reduction-small-platforms=262144"
    "memorysetup-allocator-temp-initial-block-size-main=262144"
    "memorysetup-allocator-temp-initial-block-size-worker=262144"
    "memorysetup-temp-allocator-size-background-worker=32768"
    "memorysetup-temp-allocator-size-job-worker=262144"
    "memorysetup-temp-allocator-size-preload-manager=33554432"
    "memorysetup-temp-allocator-size-nav-mesh-worker=65536"
    "memorysetup-temp-allocator-size-audio-worker=65536"
    "memorysetup-temp-allocator-size-cloud-worker=32768"
    "memorysetup-temp-allocator-size-gi-baking-worker=262144"
    "memorysetup-temp-allocator-size-gfx=262144"
Player connection [8121590016]  Target information:

Player connection [8121590016]  * "[IP] 192.168.35.131 [Port] 0 [Flags] 2 [Guid] 1648334643 [EditorId] 1648334643 [Version] 1048832 [Id] OSXEditor(0,ijonghaui-MacBookPro.local) [Debug] 1 [PackageName] OSXEditor [ProjectName] Editor" 

Player connection [8121590016] Host joined multi-casting on [225.0.0.222:54997]...
Player connection [8121590016] Host joined alternative multi-casting on [225.0.0.222:34997]...
[PhysX] Initialized MultithreadedTaskDispatcher with 10 workers.
Refreshing native plugins compatible for Editor in 3.03 ms, found 2 plugins.
Preloading 0 native plugins for Editor in 0.00 ms.
Initialize engine version: 2022.3.47f1 (88c277b85d21)
[Subsystems] Discovering subsystems at path /Applications/Unity/Hub/Editor/2022.3.47f1/Unity.app/Contents/Resources/UnitySubsystems
[Subsystems] Discovering subsystems at path /Users/jongha/Documents/GitHub/DelRev/DelRev/Assets
GfxDevice: creating device client; threaded=0; jobified=0
 preferred device: Apple M1 Max (high power)
Metal devices available: 1
0: Apple M1 Max (high power)
Using device Apple M1 Max (high power)
Initializing Metal device caps: Apple M1 Max
Initialize mono
Mono path[0] = '/Applications/Unity/Hub/Editor/2022.3.47f1/Unity.app/Contents/Managed'
Mono path[1] = '/Applications/Unity/Hub/Editor/2022.3.47f1/Unity.app/Contents/MonoBleedingEdge/lib/mono/unityjit-macos'
Mono config path = '/Applications/Unity/Hub/Editor/2022.3.47f1/Unity.app/Contents/MonoBleedingEdge/etc'
Using monoOptions --debugger-agent=transport=dt_socket,embedding=1,server=y,suspend=n,address=127.0.0.1:56207
Begin MonoManager ReloadAssembly
Registering precompiled unity dll's ...
Register platform support module: /Applications/Unity/Hub/Editor/2022.3.47f1/PlaybackEngines/WebGLSupport/UnityEditor.WebGL.Extensions.dll
Register platform support module: /Applications/Unity/Hub/Editor/2022.3.47f1/Unity.app/Contents/PlaybackEngines/MacStandaloneSupport/UnityEditor.OSXStandalone.Extensions.dll
Register platform support module: /Applications/Unity/Hub/Editor/2022.3.47f1/PlaybackEngines/AndroidPlayer/UnityEditor.Android.Extensions.dll
Register platform support module: /Applications/Unity/Hub/Editor/2022.3.47f1/PlaybackEngines/iOSSupport/UnityEditor.iOS.Extensions.dll
Register platform support module: /Applications/Unity/Hub/Editor/2022.3.47f1/PlaybackEngines/WindowsStandaloneSupport/UnityEditor.WindowsStandalone.Extensions.dll
Registered in 0.002120 seconds.
- Loaded All Assemblies, in  0.207 seconds
Native extension for WindowsStandalone target not found
[usbmuxd] Start listen thread
[usbmuxd] Listen thread started
[usbmuxd] Send listen message
Native extension for iOS target not found
Native extension for Android target not found
Android Extension - Scanning For ADB Devices 80 ms
Native extension for OSXStandalone target not found
Native extension for WebGL target not found
Mono: successfully reloaded assembly
- Finished resetting the current domain, in  0.307 seconds
Domain Reload Profiling: 514ms
	BeginReloadAssembly (46ms)
		ExecutionOrderSort (0ms)
		DisableScriptedObjects (0ms)
		BackupInstance (0ms)
		ReleaseScriptingObjects (0ms)
		CreateAndSetChildDomain (0ms)
	RebuildCommonClasses (23ms)
	RebuildNativeTypeToScriptingClass (8ms)
	initialDomainReloadingComplete (31ms)
	LoadAllAssembliesAndSetupDomain (99ms)
		LoadAssemblies (46ms)
		RebuildTransferFunctionScriptingTraits (0ms)
		AnalyzeDomain (98ms)
			TypeCache.Refresh (97ms)
				TypeCache.ScanAssembly (88ms)
			ScanForSourceGeneratedMonoScriptInfo (0ms)
			ResolveRequiredComponents (0ms)
	FinalizeReload (307ms)
		ReleaseScriptCaches (0ms)
		RebuildScriptCaches (0ms)
		SetupLoadedEditorAssemblies (277ms)
			LogAssemblyErrors (0ms)
			InitializePlatformSupportModulesInManaged (179ms)
			SetLoadedEditorAssemblies (3ms)
			RefreshPlugins (0ms)
			BeforeProcessingInitializeOnLoad (1ms)
			ProcessInitializeOnLoadAttributes (67ms)
			ProcessInitializeOnLoadMethodAttributes (27ms)
			AfterProcessingInitializeOnLoad (0ms)
			EditorAssembliesLoaded (0ms)
		ExecutionOrderSort2 (0ms)
		AwakeInstancesAfterBackupRestoration (0ms)
========================================================================
Worker process is ready to serve import requests
Caller must complete domain reload
Begin MonoManager ReloadAssembly
- Loaded All Assemblies, in  0.635 seconds
Native extension for WindowsStandalone target not found
Native extension for iOS target not found
Native extension for Android target not found
Native extension for OSXStandalone target not found
Native extension for WebGL target not found
Mono: successfully reloaded assembly
- Finished resetting the current domain, in  0.500 seconds
Domain Reload Profiling: 1136ms
	BeginReloadAssembly (150ms)
		ExecutionOrderSort (0ms)
		DisableScriptedObjects (3ms)
		BackupInstance (0ms)
		ReleaseScriptingObjects (0ms)
		CreateAndSetChildDomain (43ms)
	RebuildCommonClasses (24ms)
	RebuildNativeTypeToScriptingClass (8ms)
	initialDomainReloadingComplete (35ms)
	LoadAllAssembliesAndSetupDomain (419ms)
		LoadAssemblies (305ms)
		RebuildTransferFunctionScriptingTraits (0ms)
		AnalyzeDomain (179ms)
			TypeCache.Refresh (155ms)
				TypeCache.ScanAssembly (135ms)
			ScanForSourceGeneratedMonoScriptInfo (15ms)
			ResolveRequiredComponents (8ms)
	FinalizeReload (500ms)
		ReleaseScriptCaches (0ms)
		RebuildScriptCaches (0ms)
		SetupLoadedEditorAssemblies (384ms)
			LogAssemblyErrors (0ms)
			InitializePlatformSupportModulesInManaged (26ms)
			SetLoadedEditorAssemblies (3ms)
			RefreshPlugins (0ms)
			BeforeProcessingInitializeOnLoad (48ms)
			ProcessInitializeOnLoadAttributes (264ms)
			ProcessInitializeOnLoadMethodAttributes (40ms)
			AfterProcessingInitializeOnLoad (2ms)
			EditorAssembliesLoaded (0ms)
		ExecutionOrderSort2 (0ms)
		AwakeInstancesAfterBackupRestoration (2ms)
Launching external process: /Applications/Unity/Hub/Editor/2022.3.47f1/Unity.app/Contents/Tools/UnityShaderCompiler
Launched and connected shader compiler UnityShaderCompiler after 0.05 seconds
Refreshing native plugins compatible for Editor in 2.05 ms, found 2 plugins.
Preloading 0 native plugins for Editor in 0.00 ms.
Unloading 5345 Unused Serialized files (Serialized files now loaded: 0)
Unloading 31 unused Assets / (0.7 MB). Loaded Objects now: 5822.
Memory consumption went from 246.8 MB to 246.2 MB.
Total: 5.203583 ms (FindLiveObjects: 0.435417 ms CreateObjectMapping: 0.200083 ms MarkObjects: 4.215833 ms  DeleteObjects: 0.351500 ms)

AssetImportParameters requested are different than current active one (requested -> active):
  custom:scripting/monoscript/fileName/NavMeshSurface.cs: 6ef652ad69ea88173bf35c557b9dddbd -> 34aebd278d8d3d5db6b23265b9c700f9
  custom:container-demuxer-ogg: 62fdf1f143b41e24485cea50d1cbac27 -> 
  custom:scripting/monoscript/fileName/NavMeshModifierVolumeEditor.cs: 5dc38ce975f8531f0c32b6103abe4b3a -> 262a50135a116189426aa01c964a744c
  custom:scripting/monoscript/fileName/NavigationOverlay.cs: c5a44226873678a0cb60da52538c2f49 -> 2744f4e7946ebbb71339c9b1ce538d00
  custom:scripting/monoscript/fileName/ConverterItemDescriptor.cs: 994a2a840cbf21580524a5ee48ba943a -> ce581e054faf450c31196535a41f95f6
  custom:scripting/monoscript/fileName/BuiltInToNavMeshSurfaceConverterContainer.cs: c211ada32dadd57d744f821bc5284c6c -> c40a906f9f99ea8a6c5aaa215767017f
  custom:video-decoder-ogg-theora: a1e56fd34408186e4bbccfd4996cb3dc -> 
  custom:scripting/monoscript/fileName/NavigationWindow.cs: 1279a85ab048fbed97c5121b62728812 -> 7884404b71178f59d8819c380b951d7c
  custom:scripting/monoscript/fileName/NavMeshComponentsGUIUtility.cs: 031a331373bebd0dbd0914421ec4dc78 -> 08c52049b94db52661003d42fda4ecff
  custom:scripting/monoscript/fileName/ConverterItemInfo.cs: ac42f0e17844a33779eab11e15959d0e -> f61437cbb7953fbfeff62301ac8e3fd0
  custom:CustomObjectIndexerAttribute: 72b91833f83ae208fae7752999fa3104 -> 
  custom:scripting/monoscript/fileName/NavMeshAssetManager.cs: e08a0378c721f1f25bd22088f2f1c57f -> 79eb4858c2054289cd611249ab36b0a5
  custom:scripting/monoscript/fileName/NavMeshSurfaceEditor.cs: facd6a0c9776c7d71689d1aab9819f46 -> adb1294e971eab992abc2e3e7e051565
  custom:container-demuxer-webm: 4f35f7cbe854078d1ac9338744f61a02 -> 
  custom:scripting/monoscript/fileName/NavMeshModifierVolume.cs: 6bd7a278588de5bdfc0e671df1a878df -> 8dc531216c72b86c60b86e16ff3da10b
  custom:scripting/monoscript/fileName/NavMeshUpdaterUtility.cs: 8ab501a5bf03f031c19b40f7668c1641 -> 5eb03802e6dba19b3e13aaf384805cac
  custom:scripting/monoscript/fileName/NavigationPreferences.cs: 0363b64d3a7a7e0cf24ac21ff2a55693 -> ada9399a4f085d4c824cc06527e7fcae
  custom:scripting/monoscript/fileName/Director.cs: 5eb3d142590217f41c4d62b1c8a29dc7 -> a640d0f47f78a7e4ebb57403003e2bbb
  custom:scripting/monoscript/fileName/NavMeshUpdaterEditor.cs: 50121c23ec79e7ac6c70dd99f719297f -> 169704080eda430978bba61ddedeb304
  custom:scripting/monoscript/fileName/NavMeshModifierEditor.cs: 64d96048d1ecb52c13f79fe460520c53 -> b8675d28116f43f78881455a7301fe8c
  custom:container-muxer-webm: aa71ff27fc2769a1b78a27578f13a17b -> 
  custom:video-decoder-webm-vp8: 9c59270c3fd7afecdb556c50c9e8de78 -> 
  custom:scripting/monoscript/fileName/HelpUrls.cs: 2ab62bc7616e1f75bb9eaa819a355c35 -> c1a90585e3e9c9d25f58f9141655f24f
  custom:scripting/monoscript/fileName/EditorStyles.cs: 11ab1db9e92fdf6f91f7e4f8529bd1fd -> 86b9f4d8fe570a8d8295bfc466c975cf
  custom:SearchIndexIgnoredProperties: e643bd26f0fe6173181afceb89e7c659 -> 
  custom:scripting/monoscript/fileName/NavMeshLinkEditor.cs: db5b506298670e15595eb17639342f60 -> aed8ae070d922149bb2ba3de06889ff6
  custom:AudioImporter_EditorPlatform: 3918e3fc78b5a79bad01e8451be0beb8 -> 
  custom:scripting/monoscript/fileName/NavMeshModifier.cs: 9f2f9ac4a63518769861a9fe3fc49054 -> 99ae5ed91bb784edc4f8312d7de046da
  custom:scripting/monoscript/fileName/IDangerTarget.cs: 0c873814c455377db02d26747af107f7 -> 241d303714f1488ee23fa75bf711b2e7
  custom:scripting/monoscript/fileName/NavMeshSceneConverter.cs: 6496c5f8eec789f0b87d8b24a60b77ce -> baf486a1c1cdf03a3111dd113d13c2f4
  custom:scripting/monoscript/fileName/SystemConverterContainer.cs: bdec785a88883dec09abdd8ddca1fdd8 -> eb4026ea01a117ce0888f693e9eed2cd
  custom:scripting/monoscript/fileName/NavMeshLink.cs: d553acf56818ed54adbed2f21967e3cd -> 0b3d0eeb07ab57d259e8f9365538df09
  custom:framework-osx-AVFoundation: e770b220cccbd017edd2c1fefb359320 -> 
  custom:scripting/monoscript/fileName/ObsoleteNavigationWindowMenuEntry.cs: 4e6e880c198acc644c2491c8b716b9b6 -> c7f73386e6473f401a8e4151cac4e1e5
  custom:scripting/monoscript/fileName/InitializeConverterContext.cs: 50a04ff198dcd709e5450f3b9d7061b1 -> a45c5db80ce634a6cb9d0945b8b3954d
  custom:scripting/monoscript/fileName/SystemConverter.cs: 7cde37e2d29752cb5e16f9b46b9ba9df -> c748d1769fc66e95256254a1cc1497f3
  custom:video-encoder-webm-vp8: eb34c28f22e8b96e1ab97ce403110664 -> 
  custom:audio-decoder-ogg-vorbis: bf7c407c2cedff20999df2af8eb42d56 -> 
  custom:scripting/monoscript/fileName/Principal.cs: a0aeb8acfeb0debf2b8ee70b46c046fa -> 
  custom:scripting/monoscript/fileName/RunItemContext.cs: efefd8ae99d1ef552ffd46e4466293bd -> bb4ef75ce860de201ddb04b582034b5c
  custom:audio-encoder-webm-vorbis: bf7c407c2cedff20999df2af8eb42d56 -> 
  custom:scripting/monoscript/fileName/CCTVScanner.cs: f07b35ed66aa3c4c3b1688f93adbf95f -> 
  custom:scripting/monoscript/fileName/SystemConvertersEditor.cs: b157cb077fe6af3401a860fcac0dab41 -> c127c1335f24b77ca70195bf2136c6a2
========================================================================
Received Import Request.
  Time since last request: 18396.585033 seconds.
  path: Assets/1.Script/3.Monster/kindergarten/SmartKid/SmartKidAI.cs
  artifactKey: Guid(96d9e8bbd451d524b818cd67e3909f50) Importer(815301076,1909f56bfc062723c751e8b465ee728b)
Start importing Assets/1.Script/3.Monster/kindergarten/SmartKid/SmartKidAI.cs using Guid(96d9e8bbd451d524b818cd67e3909f50) Importer(815301076,1909f56bfc062723c751e8b465ee728b) [PhysX] Initialized MultithreadedTaskDispatcher with 10 workers.
 -> (artifact id: '3ed874dbf11e90d4c80d177d06e6368a') in 0.002715 seconds
Number of updated asset objects reloaded before import = 0
Number of asset objects unloaded after import = 0
========================================================================
Received Prepare
Caller must complete domain reload
Begin MonoManager ReloadAssembly
Thread 0x2bcb1f000 may have been prematurely finalized
- Loaded All Assemblies, in  0.309 seconds
Native extension for WindowsStandalone target not found
Native extension for iOS target not found
Native extension for Android target not found
Native extension for OSXStandalone target not found
Native extension for WebGL target not found
Mono: successfully reloaded assembly
- Finished resetting the current domain, in  0.880 seconds
Domain Reload Profiling: 1189ms
	BeginReloadAssembly (108ms)
		ExecutionOrderSort (0ms)
		DisableScriptedObjects (3ms)
		BackupInstance (0ms)
		ReleaseScriptingObjects (0ms)
		CreateAndSetChildDomain (45ms)
	RebuildCommonClasses (22ms)
	RebuildNativeTypeToScriptingClass (8ms)
	initialDomainReloadingComplete (15ms)
	LoadAllAssembliesAndSetupDomain (155ms)
		LoadAssemblies (156ms)
		RebuildTransferFunctionScriptingTraits (0ms)
		AnalyzeDomain (34ms)
			TypeCache.Refresh (11ms)
				TypeCache.ScanAssembly (2ms)
			ScanForSourceGeneratedMonoScriptInfo (15ms)
			ResolveRequiredComponents (8ms)
	FinalizeReload (880ms)
		ReleaseScriptCaches (0ms)
		RebuildScriptCaches (0ms)
		SetupLoadedEditorAssemblies (263ms)
			LogAssemblyErrors (0ms)
			InitializePlatformSupportModulesInManaged (17ms)
			SetLoadedEditorAssemblies (4ms)
			RefreshPlugins (0ms)
			BeforeProcessingInitializeOnLoad (45ms)
			ProcessInitializeOnLoadAttributes (160ms)
			ProcessInitializeOnLoadMethodAttributes (36ms)
			AfterProcessingInitializeOnLoad (1ms)
			EditorAssembliesLoaded (0ms)
		ExecutionOrderSort2 (0ms)
		AwakeInstancesAfterBackupRestoration (4ms)
Refreshing native plugins compatible for Editor in 1.34 ms, found 2 plugins.
Preloading 0 native plugins for Editor in 0.00 ms.
Unloading 5155 Unused Serialized files (Serialized files now loaded: 0)
Unloading 26 unused Assets / (0.7 MB). Loaded Objects now: 5826.
Memory consumption went from 213.7 MB to 213.1 MB.
Total: 2.653416 ms (FindLiveObjects: 0.185334 ms CreateObjectMapping: 0.061500 ms MarkObjects: 2.240708 ms  DeleteObjects: 0.165041 ms)

Prepare: number of updated asset objects reloaded= 0
AssetImportParameters requested are different than current active one (requested -> active):
  custom:scripting/monoscript/fileName/NavMeshSurface.cs: 6ef652ad69ea88173bf35c557b9dddbd -> 34aebd278d8d3d5db6b23265b9c700f9
  custom:container-demuxer-ogg: 62fdf1f143b41e24485cea50d1cbac27 -> 
  custom:scripting/monoscript/fileName/NavMeshModifierVolumeEditor.cs: 5dc38ce975f8531f0c32b6103abe4b3a -> 262a50135a116189426aa01c964a744c
  custom:scripting/monoscript/fileName/NavigationOverlay.cs: c5a44226873678a0cb60da52538c2f49 -> 2744f4e7946ebbb71339c9b1ce538d00
  custom:scripting/monoscript/fileName/ConverterItemDescriptor.cs: 994a2a840cbf21580524a5ee48ba943a -> ce581e054faf450c31196535a41f95f6
  custom:scripting/monoscript/fileName/BuiltInToNavMeshSurfaceConverterContainer.cs: c211ada32dadd57d744f821bc5284c6c -> c40a906f9f99ea8a6c5aaa215767017f
  custom:video-decoder-ogg-theora: a1e56fd34408186e4bbccfd4996cb3dc -> 
  custom:scripting/monoscript/fileName/NavigationWindow.cs: 1279a85ab048fbed97c5121b62728812 -> 7884404b71178f59d8819c380b951d7c
  custom:scripting/monoscript/fileName/NavMeshComponentsGUIUtility.cs: 031a331373bebd0dbd0914421ec4dc78 -> 08c52049b94db52661003d42fda4ecff
  custom:scripting/monoscript/fileName/ConverterItemInfo.cs: ac42f0e17844a33779eab11e15959d0e -> f61437cbb7953fbfeff62301ac8e3fd0
  custom:CustomObjectIndexerAttribute: 72b91833f83ae208fae7752999fa3104 -> 
  custom:scripting/monoscript/fileName/NavMeshAssetManager.cs: e08a0378c721f1f25bd22088f2f1c57f -> 79eb4858c2054289cd611249ab36b0a5
  custom:scripting/monoscript/fileName/NavMeshSurfaceEditor.cs: facd6a0c9776c7d71689d1aab9819f46 -> adb1294e971eab992abc2e3e7e051565
  custom:container-demuxer-webm: 4f35f7cbe854078d1ac9338744f61a02 -> 
  custom:scripting/monoscript/fileName/NavMeshModifierVolume.cs: 6bd7a278588de5bdfc0e671df1a878df -> 8dc531216c72b86c60b86e16ff3da10b
  custom:scripting/monoscript/fileName/NavMeshUpdaterUtility.cs: 8ab501a5bf03f031c19b40f7668c1641 -> 5eb03802e6dba19b3e13aaf384805cac
  custom:scripting/monoscript/fileName/NavigationPreferences.cs: 0363b64d3a7a7e0cf24ac21ff2a55693 -> ada9399a4f085d4c824cc06527e7fcae
  custom:scripting/monoscript/fileName/Director.cs: 5eb3d142590217f41c4d62b1c8a29dc7 -> a640d0f47f78a7e4ebb57403003e2bbb
  custom:scripting/monoscript/fileName/NavMeshUpdaterEditor.cs: 50121c23ec79e7ac6c70dd99f719297f -> 169704080eda430978bba61ddedeb304
  custom:scripting/monoscript/fileName/NavMeshModifierEditor.cs: 64d96048d1ecb52c13f79fe460520c53 -> b8675d28116f43f78881455a7301fe8c
  custom:container-muxer-webm: aa71ff27fc2769a1b78a27578f13a17b -> 
  custom:video-decoder-webm-vp8: 9c59270c3fd7afecdb556c50c9e8de78 -> 
  custom:scripting/monoscript/fileName/HelpUrls.cs: 2ab62bc7616e1f75bb9eaa819a355c35 -> c1a90585e3e9c9d25f58f9141655f24f
  custom:scripting/monoscript/fileName/EditorStyles.cs: 11ab1db9e92fdf6f91f7e4f8529bd1fd -> 86b9f4d8fe570a8d8295bfc466c975cf
  custom:SearchIndexIgnoredProperties: e643bd26f0fe6173181afceb89e7c659 -> 
  custom:scripting/monoscript/fileName/NavMeshLinkEditor.cs: db5b506298670e15595eb17639342f60 -> aed8ae070d922149bb2ba3de06889ff6
  custom:AudioImporter_EditorPlatform: 3918e3fc78b5a79bad01e8451be0beb8 -> 
  custom:scripting/monoscript/fileName/NavMeshModifier.cs: 9f2f9ac4a63518769861a9fe3fc49054 -> 99ae5ed91bb784edc4f8312d7de046da
  custom:scripting/monoscript/fileName/IDangerTarget.cs: 0c873814c455377db02d26747af107f7 -> 241d303714f1488ee23fa75bf711b2e7
  custom:scripting/monoscript/fileName/NavMeshSceneConverter.cs: 6496c5f8eec789f0b87d8b24a60b77ce -> baf486a1c1cdf03a3111dd113d13c2f4
  custom:scripting/monoscript/fileName/SystemConverterContainer.cs: bdec785a88883dec09abdd8ddca1fdd8 -> eb4026ea01a117ce0888f693e9eed2cd
  custom:scripting/monoscript/fileName/NavMeshLink.cs: d553acf56818ed54adbed2f21967e3cd -> 0b3d0eeb07ab57d259e8f9365538df09
  custom:framework-osx-AVFoundation: e770b220cccbd017edd2c1fefb359320 -> 
  custom:scripting/monoscript/fileName/ObsoleteNavigationWindowMenuEntry.cs: 4e6e880c198acc644c2491c8b716b9b6 -> c7f73386e6473f401a8e4151cac4e1e5
  custom:scripting/monoscript/fileName/InitializeConverterContext.cs: 50a04ff198dcd709e5450f3b9d7061b1 -> a45c5db80ce634a6cb9d0945b8b3954d
  custom:scripting/monoscript/fileName/SystemConverter.cs: 7cde37e2d29752cb5e16f9b46b9ba9df -> c748d1769fc66e95256254a1cc1497f3
  custom:video-encoder-webm-vp8: eb34c28f22e8b96e1ab97ce403110664 -> 
  custom:audio-decoder-ogg-vorbis: bf7c407c2cedff20999df2af8eb42d56 -> 
  custom:scripting/monoscript/fileName/Principal.cs: a0aeb8acfeb0debf2b8ee70b46c046fa -> 
  custom:scripting/monoscript/fileName/RunItemContext.cs: efefd8ae99d1ef552ffd46e4466293bd -> bb4ef75ce860de201ddb04b582034b5c
  custom:audio-encoder-webm-vorbis: bf7c407c2cedff20999df2af8eb42d56 -> 
  custom:scripting/monoscript/fileName/CCTVScanner.cs: f07b35ed66aa3c4c3b1688f93adbf95f -> 
  custom:scripting/monoscript/fileName/SystemConvertersEditor.cs: b157cb077fe6af3401a860fcac0dab41 -> c127c1335f24b77ca70195bf2136c6a2
========================================================================
Received Prepare
Caller must complete domain reload
Begin MonoManager ReloadAssembly
Thread 0x17f783000 may have been prematurely finalized
- Loaded All Assemblies, in  0.245 seconds
Native extension for WindowsStandalone target not found
Native extension for iOS target not found
Native extension for Android target not found
Native extension for OSXStandalone target not found
Native extension for WebGL target not found
Mono: successfully reloaded assembly
- Finished resetting the current domain, in  0.526 seconds
Domain Reload Profiling: 770ms
	BeginReloadAssembly (80ms)
		ExecutionOrderSort (0ms)
		DisableScriptedObjects (2ms)
		BackupInstance (0ms)
		ReleaseScriptingObjects (0ms)
		CreateAndSetChildDomain (26ms)
	RebuildCommonClasses (22ms)
	RebuildNativeTypeToScriptingClass (8ms)
	initialDomainReloadingComplete (13ms)
	LoadAllAssembliesAndSetupDomain (120ms)
		LoadAssemblies (135ms)
		RebuildTransferFunctionScriptingTraits (0ms)
		AnalyzeDomain (15ms)
			TypeCache.Refresh (6ms)
				TypeCache.ScanAssembly (0ms)
			ScanForSourceGeneratedMonoScriptInfo (0ms)
			ResolveRequiredComponents (8ms)
	FinalizeReload (526ms)
		ReleaseScriptCaches (0ms)
		RebuildScriptCaches (0ms)
		SetupLoadedEditorAssemblies (262ms)
			LogAssemblyErrors (0ms)
			InitializePlatformSupportModulesInManaged (17ms)
			SetLoadedEditorAssemblies (3ms)
			RefreshPlugins (0ms)
			BeforeProcessingInitializeOnLoad (45ms)
			ProcessInitializeOnLoadAttributes (161ms)
			ProcessInitializeOnLoadMethodAttributes (35ms)
			AfterProcessingInitializeOnLoad (1ms)
			EditorAssembliesLoaded (0ms)
		ExecutionOrderSort2 (0ms)
		AwakeInstancesAfterBackupRestoration (4ms)
Refreshing native plugins compatible for Editor in 0.90 ms, found 2 plugins.
Preloading 0 native plugins for Editor in 0.00 ms.
Unloading 5155 Unused Serialized files (Serialized files now loaded: 0)
Unloading 26 unused Assets / (0.7 MB). Loaded Objects now: 5830.
Memory consumption went from 216.6 MB to 216.0 MB.
Total: 2.522292 ms (FindLiveObjects: 0.206000 ms CreateObjectMapping: 0.064417 ms MarkObjects: 2.099541 ms  DeleteObjects: 0.151792 ms)

Prepare: number of updated asset objects reloaded= 0
AssetImportParameters requested are different than current active one (requested -> active):
  custom:scripting/monoscript/fileName/NavMeshSurface.cs: 6ef652ad69ea88173bf35c557b9dddbd -> 34aebd278d8d3d5db6b23265b9c700f9
  custom:container-demuxer-ogg: 62fdf1f143b41e24485cea50d1cbac27 -> 
  custom:scripting/monoscript/fileName/NavMeshModifierVolumeEditor.cs: 5dc38ce975f8531f0c32b6103abe4b3a -> 262a50135a116189426aa01c964a744c
  custom:scripting/monoscript/fileName/NavigationOverlay.cs: c5a44226873678a0cb60da52538c2f49 -> 2744f4e7946ebbb71339c9b1ce538d00
  custom:scripting/monoscript/fileName/ConverterItemDescriptor.cs: 994a2a840cbf21580524a5ee48ba943a -> ce581e054faf450c31196535a41f95f6
  custom:scripting/monoscript/fileName/BuiltInToNavMeshSurfaceConverterContainer.cs: c211ada32dadd57d744f821bc5284c6c -> c40a906f9f99ea8a6c5aaa215767017f
  custom:video-decoder-ogg-theora: a1e56fd34408186e4bbccfd4996cb3dc -> 
  custom:scripting/monoscript/fileName/NavigationWindow.cs: 1279a85ab048fbed97c5121b62728812 -> 7884404b71178f59d8819c380b951d7c
  custom:scripting/monoscript/fileName/NavMeshComponentsGUIUtility.cs: 031a331373bebd0dbd0914421ec4dc78 -> 08c52049b94db52661003d42fda4ecff
  custom:scripting/monoscript/fileName/ConverterItemInfo.cs: ac42f0e17844a33779eab11e15959d0e -> f61437cbb7953fbfeff62301ac8e3fd0
  custom:CustomObjectIndexerAttribute: 72b91833f83ae208fae7752999fa3104 -> 
  custom:scripting/monoscript/fileName/NavMeshAssetManager.cs: e08a0378c721f1f25bd22088f2f1c57f -> 79eb4858c2054289cd611249ab36b0a5
  custom:scripting/monoscript/fileName/NavMeshSurfaceEditor.cs: facd6a0c9776c7d71689d1aab9819f46 -> adb1294e971eab992abc2e3e7e051565
  custom:container-demuxer-webm: 4f35f7cbe854078d1ac9338744f61a02 -> 
  custom:scripting/monoscript/fileName/NavMeshModifierVolume.cs: 6bd7a278588de5bdfc0e671df1a878df -> 8dc531216c72b86c60b86e16ff3da10b
  custom:scripting/monoscript/fileName/NavMeshUpdaterUtility.cs: 8ab501a5bf03f031c19b40f7668c1641 -> 5eb03802e6dba19b3e13aaf384805cac
  custom:scripting/monoscript/fileName/NavigationPreferences.cs: 0363b64d3a7a7e0cf24ac21ff2a55693 -> ada9399a4f085d4c824cc06527e7fcae
  custom:scripting/monoscript/fileName/Director.cs: 5eb3d142590217f41c4d62b1c8a29dc7 -> a640d0f47f78a7e4ebb57403003e2bbb
  custom:scripting/monoscript/fileName/NavMeshUpdaterEditor.cs: 50121c23ec79e7ac6c70dd99f719297f -> 169704080eda430978bba61ddedeb304
  custom:scripting/monoscript/fileName/NavMeshModifierEditor.cs: 64d96048d1ecb52c13f79fe460520c53 -> b8675d28116f43f78881455a7301fe8c
  custom:container-muxer-webm: aa71ff27fc2769a1b78a27578f13a17b -> 
  custom:video-decoder-webm-vp8: 9c59270c3fd7afecdb556c50c9e8de78 -> 
  custom:scripting/monoscript/fileName/HelpUrls.cs: 2ab62bc7616e1f75bb9eaa819a355c35 -> c1a90585e3e9c9d25f58f9141655f24f
  custom:scripting/monoscript/fileName/EditorStyles.cs: 11ab1db9e92fdf6f91f7e4f8529bd1fd -> 86b9f4d8fe570a8d8295bfc466c975cf
  custom:SearchIndexIgnoredProperties: e643bd26f0fe6173181afceb89e7c659 -> 
  custom:scripting/monoscript/fileName/NavMeshLinkEditor.cs: db5b506298670e15595eb17639342f60 -> aed8ae070d922149bb2ba3de06889ff6
  custom:AudioImporter_EditorPlatform: 3918e3fc78b5a79bad01e8451be0beb8 -> 
  custom:scripting/monoscript/fileName/NavMeshModifier.cs: 9f2f9ac4a63518769861a9fe3fc49054 -> 99ae5ed91bb784edc4f8312d7de046da
  custom:scripting/monoscript/fileName/IDangerTarget.cs: 0c873814c455377db02d26747af107f7 -> 241d303714f1488ee23fa75bf711b2e7
  custom:scripting/monoscript/fileName/NavMeshSceneConverter.cs: 6496c5f8eec789f0b87d8b24a60b77ce -> baf486a1c1cdf03a3111dd113d13c2f4
  custom:scripting/monoscript/fileName/SystemConverterContainer.cs: bdec785a88883dec09abdd8ddca1fdd8 -> eb4026ea01a117ce0888f693e9eed2cd
  custom:scripting/monoscript/fileName/NavMeshLink.cs: d553acf56818ed54adbed2f21967e3cd -> 0b3d0eeb07ab57d259e8f9365538df09
  custom:framework-osx-AVFoundation: e770b220cccbd017edd2c1fefb359320 -> 
  custom:scripting/monoscript/fileName/ObsoleteNavigationWindowMenuEntry.cs: 4e6e880c198acc644c2491c8b716b9b6 -> c7f73386e6473f401a8e4151cac4e1e5
  custom:scripting/monoscript/fileName/InitializeConverterContext.cs: 50a04ff198dcd709e5450f3b9d7061b1 -> a45c5db80ce634a6cb9d0945b8b3954d
  custom:scripting/monoscript/fileName/SystemConverter.cs: 7cde37e2d29752cb5e16f9b46b9ba9df -> c748d1769fc66e95256254a1cc1497f3
  custom:video-encoder-webm-vp8: eb34c28f22e8b96e1ab97ce403110664 -> 
  custom:audio-decoder-ogg-vorbis: bf7c407c2cedff20999df2af8eb42d56 -> 
  custom:scripting/monoscript/fileName/Principal.cs: a0aeb8acfeb0debf2b8ee70b46c046fa -> 
  custom:scripting/monoscript/fileName/RunItemContext.cs: efefd8ae99d1ef552ffd46e4466293bd -> bb4ef75ce860de201ddb04b582034b5c
  custom:audio-encoder-webm-vorbis: bf7c407c2cedff20999df2af8eb42d56 -> 
  custom:scripting/monoscript/fileName/CCTVScanner.cs: f07b35ed66aa3c4c3b1688f93adbf95f -> 
  custom:scripting/monoscript/fileName/SystemConvertersEditor.cs: b157cb077fe6af3401a860fcac0dab41 -> c127c1335f24b77ca70195bf2136c6a2
========================================================================
Received Prepare
Caller must complete domain reload
Begin MonoManager ReloadAssembly
Thread 0x17f783000 may have been prematurely finalized
- Loaded All Assemblies, in  0.245 seconds
Native extension for WindowsStandalone target not found
Native extension for iOS target not found
Native extension for Android target not found
Native extension for OSXStandalone target not found
Native extension for WebGL target not found
Mono: successfully reloaded assembly
- Finished resetting the current domain, in  0.505 seconds
Domain Reload Profiling: 750ms
	BeginReloadAssembly (80ms)
		ExecutionOrderSort (0ms)
		DisableScriptedObjects (3ms)
		BackupInstance (0ms)
		ReleaseScriptingObjects (0ms)
		CreateAndSetChildDomain (26ms)
	RebuildCommonClasses (22ms)
	RebuildNativeTypeToScriptingClass (8ms)
	initialDomainReloadingComplete (14ms)
	LoadAllAssembliesAndSetupDomain (121ms)
		LoadAssemblies (135ms)
		RebuildTransferFunctionScriptingTraits (0ms)
		AnalyzeDomain (15ms)
			TypeCache.Refresh (6ms)
				TypeCache.ScanAssembly (0ms)
			ScanForSourceGeneratedMonoScriptInfo (0ms)
			ResolveRequiredComponents (8ms)
	FinalizeReload (505ms)
		ReleaseScriptCaches (0ms)
		RebuildScriptCaches (0ms)
		SetupLoadedEditorAssemblies (241ms)
			LogAssemblyErrors (0ms)
			InitializePlatformSupportModulesInManaged (17ms)
			SetLoadedEditorAssemblies (3ms)
			RefreshPlugins (0ms)
			BeforeProcessingInitializeOnLoad (43ms)
			ProcessInitializeOnLoadAttributes (145ms)
			ProcessInitializeOnLoadMethodAttributes (32ms)
			AfterProcessingInitializeOnLoad (1ms)
			EditorAssembliesLoaded (0ms)
		ExecutionOrderSort2 (0ms)
		AwakeInstancesAfterBackupRestoration (5ms)
Refreshing native plugins compatible for Editor in 1.18 ms, found 2 plugins.
Preloading 0 native plugins for Editor in 0.00 ms.
Unloading 5155 Unused Serialized files (Serialized files now loaded: 0)
Unloading 26 unused Assets / (0.7 MB). Loaded Objects now: 5834.
Memory consumption went from 219.6 MB to 218.9 MB.
Total: 2.535041 ms (FindLiveObjects: 0.157500 ms CreateObjectMapping: 0.062208 ms MarkObjects: 2.166917 ms  DeleteObjects: 0.145166 ms)

Prepare: number of updated asset objects reloaded= 0
AssetImportParameters requested are different than current active one (requested -> active):
  custom:scripting/monoscript/fileName/NavMeshSurface.cs: 6ef652ad69ea88173bf35c557b9dddbd -> 34aebd278d8d3d5db6b23265b9c700f9
  custom:container-demuxer-ogg: 62fdf1f143b41e24485cea50d1cbac27 -> 
  custom:scripting/monoscript/fileName/NavMeshModifierVolumeEditor.cs: 5dc38ce975f8531f0c32b6103abe4b3a -> 262a50135a116189426aa01c964a744c
  custom:scripting/monoscript/fileName/NavigationOverlay.cs: c5a44226873678a0cb60da52538c2f49 -> 2744f4e7946ebbb71339c9b1ce538d00
  custom:scripting/monoscript/fileName/ConverterItemDescriptor.cs: 994a2a840cbf21580524a5ee48ba943a -> ce581e054faf450c31196535a41f95f6
  custom:scripting/monoscript/fileName/BuiltInToNavMeshSurfaceConverterContainer.cs: c211ada32dadd57d744f821bc5284c6c -> c40a906f9f99ea8a6c5aaa215767017f
  custom:video-decoder-ogg-theora: a1e56fd34408186e4bbccfd4996cb3dc -> 
  custom:scripting/monoscript/fileName/NavigationWindow.cs: 1279a85ab048fbed97c5121b62728812 -> 7884404b71178f59d8819c380b951d7c
  custom:scripting/monoscript/fileName/NavMeshComponentsGUIUtility.cs: 031a331373bebd0dbd0914421ec4dc78 -> 08c52049b94db52661003d42fda4ecff
  custom:scripting/monoscript/fileName/ConverterItemInfo.cs: ac42f0e17844a33779eab11e15959d0e -> f61437cbb7953fbfeff62301ac8e3fd0
  custom:CustomObjectIndexerAttribute: 72b91833f83ae208fae7752999fa3104 -> 
  custom:scripting/monoscript/fileName/NavMeshAssetManager.cs: e08a0378c721f1f25bd22088f2f1c57f -> 79eb4858c2054289cd611249ab36b0a5
  custom:scripting/monoscript/fileName/NavMeshSurfaceEditor.cs: facd6a0c9776c7d71689d1aab9819f46 -> adb1294e971eab992abc2e3e7e051565
  custom:container-demuxer-webm: 4f35f7cbe854078d1ac9338744f61a02 -> 
  custom:scripting/monoscript/fileName/NavMeshModifierVolume.cs: 6bd7a278588de5bdfc0e671df1a878df -> 8dc531216c72b86c60b86e16ff3da10b
  custom:scripting/monoscript/fileName/NavMeshUpdaterUtility.cs: 8ab501a5bf03f031c19b40f7668c1641 -> 5eb03802e6dba19b3e13aaf384805cac
  custom:scripting/monoscript/fileName/NavigationPreferences.cs: 0363b64d3a7a7e0cf24ac21ff2a55693 -> ada9399a4f085d4c824cc06527e7fcae
  custom:scripting/monoscript/fileName/Director.cs: 5eb3d142590217f41c4d62b1c8a29dc7 -> a640d0f47f78a7e4ebb57403003e2bbb
  custom:scripting/monoscript/fileName/NavMeshUpdaterEditor.cs: 50121c23ec79e7ac6c70dd99f719297f -> 169704080eda430978bba61ddedeb304
  custom:scripting/monoscript/fileName/NavMeshModifierEditor.cs: 64d96048d1ecb52c13f79fe460520c53 -> b8675d28116f43f78881455a7301fe8c
  custom:container-muxer-webm: aa71ff27fc2769a1b78a27578f13a17b -> 
  custom:video-decoder-webm-vp8: 9c59270c3fd7afecdb556c50c9e8de78 -> 
  custom:scripting/monoscript/fileName/HelpUrls.cs: 2ab62bc7616e1f75bb9eaa819a355c35 -> c1a90585e3e9c9d25f58f9141655f24f
  custom:scripting/monoscript/fileName/EditorStyles.cs: 11ab1db9e92fdf6f91f7e4f8529bd1fd -> 86b9f4d8fe570a8d8295bfc466c975cf
  custom:SearchIndexIgnoredProperties: e643bd26f0fe6173181afceb89e7c659 -> 
  custom:scripting/monoscript/fileName/NavMeshLinkEditor.cs: db5b506298670e15595eb17639342f60 -> aed8ae070d922149bb2ba3de06889ff6
  custom:AudioImporter_EditorPlatform: 3918e3fc78b5a79bad01e8451be0beb8 -> 
  custom:scripting/monoscript/fileName/NavMeshModifier.cs: 9f2f9ac4a63518769861a9fe3fc49054 -> 99ae5ed91bb784edc4f8312d7de046da
  custom:scripting/monoscript/fileName/IDangerTarget.cs: 0c873814c455377db02d26747af107f7 -> 241d303714f1488ee23fa75bf711b2e7
  custom:scripting/monoscript/fileName/NavMeshSceneConverter.cs: 6496c5f8eec789f0b87d8b24a60b77ce -> baf486a1c1cdf03a3111dd113d13c2f4
  custom:scripting/monoscript/fileName/SystemConverterContainer.cs: bdec785a88883dec09abdd8ddca1fdd8 -> eb4026ea01a117ce0888f693e9eed2cd
  custom:scripting/monoscript/fileName/NavMeshLink.cs: d553acf56818ed54adbed2f21967e3cd -> 0b3d0eeb07ab57d259e8f9365538df09
  custom:framework-osx-AVFoundation: e770b220cccbd017edd2c1fefb359320 -> 
  custom:scripting/monoscript/fileName/ObsoleteNavigationWindowMenuEntry.cs: 4e6e880c198acc644c2491c8b716b9b6 -> c7f73386e6473f401a8e4151cac4e1e5
  custom:scripting/monoscript/fileName/InitializeConverterContext.cs: 50a04ff198dcd709e5450f3b9d7061b1 -> a45c5db80ce634a6cb9d0945b8b3954d
  custom:scripting/monoscript/fileName/SystemConverter.cs: 7cde37e2d29752cb5e16f9b46b9ba9df -> c748d1769fc66e95256254a1cc1497f3
  custom:video-encoder-webm-vp8: eb34c28f22e8b96e1ab97ce403110664 -> 
  custom:audio-decoder-ogg-vorbis: bf7c407c2cedff20999df2af8eb42d56 -> 
  custom:scripting/monoscript/fileName/Principal.cs: a0aeb8acfeb0debf2b8ee70b46c046fa -> 
  custom:scripting/monoscript/fileName/RunItemContext.cs: efefd8ae99d1ef552ffd46e4466293bd -> bb4ef75ce860de201ddb04b582034b5c
  custom:audio-encoder-webm-vorbis: bf7c407c2cedff20999df2af8eb42d56 -> 
  custom:scripting/monoscript/fileName/CCTVScanner.cs: f07b35ed66aa3c4c3b1688f93adbf95f -> 
  custom:scripting/monoscript/fileName/SystemConvertersEditor.cs: b157cb077fe6af3401a860fcac0dab41 -> c127c1335f24b77ca70195bf2136c6a2
========================================================================
Received Prepare
Caller must complete domain reload
Begin MonoManager ReloadAssembly
Thread 0x17f783000 may have been prematurely finalized
- Loaded All Assemblies, in  0.242 seconds
Native extension for WindowsStandalone target not found
Native extension for iOS target not found
Native extension for Android target not found
Native extension for OSXStandalone target not found
Native extension for WebGL target not found
Mono: successfully reloaded assembly
- Finished resetting the current domain, in  0.502 seconds
Domain Reload Profiling: 744ms
	BeginReloadAssembly (80ms)
		ExecutionOrderSort (0ms)
		DisableScriptedObjects (2ms)
		BackupInstance (0ms)
		ReleaseScriptingObjects (0ms)
		CreateAndSetChildDomain (26ms)
	RebuildCommonClasses (22ms)
	RebuildNativeTypeToScriptingClass (8ms)
	initialDomainReloadingComplete (13ms)
	LoadAllAssembliesAndSetupDomain (118ms)
		LoadAssemblies (132ms)
		RebuildTransferFunctionScriptingTraits (0ms)
		AnalyzeDomain (15ms)
			TypeCache.Refresh (6ms)
				TypeCache.ScanAssembly (0ms)
			ScanForSourceGeneratedMonoScriptInfo (0ms)
			ResolveRequiredComponents (8ms)
	FinalizeReload (502ms)
		ReleaseScriptCaches (0ms)
		RebuildScriptCaches (0ms)
		SetupLoadedEditorAssemblies (261ms)
			LogAssemblyErrors (0ms)
			InitializePlatformSupportModulesInManaged (16ms)
			SetLoadedEditorAssemblies (3ms)
			RefreshPlugins (0ms)
			BeforeProcessingInitializeOnLoad (44ms)
			ProcessInitializeOnLoadAttributes (161ms)
			ProcessInitializeOnLoadMethodAttributes (35ms)
			AfterProcessingInitializeOnLoad (1ms)
			EditorAssembliesLoaded (0ms)
		ExecutionOrderSort2 (0ms)
		AwakeInstancesAfterBackupRestoration (4ms)
Refreshing native plugins compatible for Editor in 1.08 ms, found 2 plugins.
Preloading 0 native plugins for Editor in 0.00 ms.
Unloading 5155 Unused Serialized files (Serialized files now loaded: 0)
Unloading 26 unused Assets / (0.7 MB). Loaded Objects now: 5838.
Memory consumption went from 222.4 MB to 221.8 MB.
Total: 2.556917 ms (FindLiveObjects: 0.167292 ms CreateObjectMapping: 0.061417 ms MarkObjects: 2.174583 ms  DeleteObjects: 0.152875 ms)

Prepare: number of updated asset objects reloaded= 0
AssetImportParameters requested are different than current active one (requested -> active):
  custom:scripting/monoscript/fileName/NavMeshSurface.cs: 6ef652ad69ea88173bf35c557b9dddbd -> 34aebd278d8d3d5db6b23265b9c700f9
  custom:container-demuxer-ogg: 62fdf1f143b41e24485cea50d1cbac27 -> 
  custom:scripting/monoscript/fileName/NavMeshModifierVolumeEditor.cs: 5dc38ce975f8531f0c32b6103abe4b3a -> 262a50135a116189426aa01c964a744c
  custom:scripting/monoscript/fileName/NavigationOverlay.cs: c5a44226873678a0cb60da52538c2f49 -> 2744f4e7946ebbb71339c9b1ce538d00
  custom:scripting/monoscript/fileName/ConverterItemDescriptor.cs: 994a2a840cbf21580524a5ee48ba943a -> ce581e054faf450c31196535a41f95f6
  custom:scripting/monoscript/fileName/BuiltInToNavMeshSurfaceConverterContainer.cs: c211ada32dadd57d744f821bc5284c6c -> c40a906f9f99ea8a6c5aaa215767017f
  custom:video-decoder-ogg-theora: a1e56fd34408186e4bbccfd4996cb3dc -> 
  custom:scripting/monoscript/fileName/NavigationWindow.cs: 1279a85ab048fbed97c5121b62728812 -> 7884404b71178f59d8819c380b951d7c
  custom:scripting/monoscript/fileName/NavMeshComponentsGUIUtility.cs: 031a331373bebd0dbd0914421ec4dc78 -> 08c52049b94db52661003d42fda4ecff
  custom:scripting/monoscript/fileName/ConverterItemInfo.cs: ac42f0e17844a33779eab11e15959d0e -> f61437cbb7953fbfeff62301ac8e3fd0
  custom:CustomObjectIndexerAttribute: 72b91833f83ae208fae7752999fa3104 -> 
  custom:scripting/monoscript/fileName/NavMeshAssetManager.cs: e08a0378c721f1f25bd22088f2f1c57f -> 79eb4858c2054289cd611249ab36b0a5
  custom:scripting/monoscript/fileName/NavMeshSurfaceEditor.cs: facd6a0c9776c7d71689d1aab9819f46 -> adb1294e971eab992abc2e3e7e051565
  custom:container-demuxer-webm: 4f35f7cbe854078d1ac9338744f61a02 -> 
  custom:scripting/monoscript/fileName/NavMeshModifierVolume.cs: 6bd7a278588de5bdfc0e671df1a878df -> 8dc531216c72b86c60b86e16ff3da10b
  custom:scripting/monoscript/fileName/NavMeshUpdaterUtility.cs: 8ab501a5bf03f031c19b40f7668c1641 -> 5eb03802e6dba19b3e13aaf384805cac
  custom:scripting/monoscript/fileName/NavigationPreferences.cs: 0363b64d3a7a7e0cf24ac21ff2a55693 -> ada9399a4f085d4c824cc06527e7fcae
  custom:scripting/monoscript/fileName/Director.cs: 5eb3d142590217f41c4d62b1c8a29dc7 -> a640d0f47f78a7e4ebb57403003e2bbb
  custom:scripting/monoscript/fileName/NavMeshUpdaterEditor.cs: 50121c23ec79e7ac6c70dd99f719297f -> 169704080eda430978bba61ddedeb304
  custom:scripting/monoscript/fileName/NavMeshModifierEditor.cs: 64d96048d1ecb52c13f79fe460520c53 -> b8675d28116f43f78881455a7301fe8c
  custom:container-muxer-webm: aa71ff27fc2769a1b78a27578f13a17b -> 
  custom:video-decoder-webm-vp8: 9c59270c3fd7afecdb556c50c9e8de78 -> 
  custom:scripting/monoscript/fileName/HelpUrls.cs: 2ab62bc7616e1f75bb9eaa819a355c35 -> c1a90585e3e9c9d25f58f9141655f24f
  custom:scripting/monoscript/fileName/EditorStyles.cs: 11ab1db9e92fdf6f91f7e4f8529bd1fd -> 86b9f4d8fe570a8d8295bfc466c975cf
  custom:SearchIndexIgnoredProperties: e643bd26f0fe6173181afceb89e7c659 -> 
  custom:scripting/monoscript/fileName/NavMeshLinkEditor.cs: db5b506298670e15595eb17639342f60 -> aed8ae070d922149bb2ba3de06889ff6
  custom:AudioImporter_EditorPlatform: 3918e3fc78b5a79bad01e8451be0beb8 -> 
  custom:scripting/monoscript/fileName/NavMeshModifier.cs: 9f2f9ac4a63518769861a9fe3fc49054 -> 99ae5ed91bb784edc4f8312d7de046da
  custom:scripting/monoscript/fileName/IDangerTarget.cs: 0c873814c455377db02d26747af107f7 -> 241d303714f1488ee23fa75bf711b2e7
  custom:scripting/monoscript/fileName/NavMeshSceneConverter.cs: 6496c5f8eec789f0b87d8b24a60b77ce -> baf486a1c1cdf03a3111dd113d13c2f4
  custom:scripting/monoscript/fileName/SystemConverterContainer.cs: bdec785a88883dec09abdd8ddca1fdd8 -> eb4026ea01a117ce0888f693e9eed2cd
  custom:scripting/monoscript/fileName/NavMeshLink.cs: d553acf56818ed54adbed2f21967e3cd -> 0b3d0eeb07ab57d259e8f9365538df09
  custom:framework-osx-AVFoundation: e770b220cccbd017edd2c1fefb359320 -> 
  custom:scripting/monoscript/fileName/ObsoleteNavigationWindowMenuEntry.cs: 4e6e880c198acc644c2491c8b716b9b6 -> c7f73386e6473f401a8e4151cac4e1e5
  custom:scripting/monoscript/fileName/InitializeConverterContext.cs: 50a04ff198dcd709e5450f3b9d7061b1 -> a45c5db80ce634a6cb9d0945b8b3954d
  custom:scripting/monoscript/fileName/SystemConverter.cs: 7cde37e2d29752cb5e16f9b46b9ba9df -> c748d1769fc66e95256254a1cc1497f3
  custom:video-encoder-webm-vp8: eb34c28f22e8b96e1ab97ce403110664 -> 
  custom:audio-decoder-ogg-vorbis: bf7c407c2cedff20999df2af8eb42d56 -> 
  custom:scripting/monoscript/fileName/Principal.cs: a0aeb8acfeb0debf2b8ee70b46c046fa -> 
  custom:scripting/monoscript/fileName/RunItemContext.cs: efefd8ae99d1ef552ffd46e4466293bd -> bb4ef75ce860de201ddb04b582034b5c
  custom:audio-encoder-webm-vorbis: bf7c407c2cedff20999df2af8eb42d56 -> 
  custom:scripting/monoscript/fileName/CCTVScanner.cs: f07b35ed66aa3c4c3b1688f93adbf95f -> 
  custom:scripting/monoscript/fileName/SystemConvertersEditor.cs: b157cb077fe6af3401a860fcac0dab41 -> c127c1335f24b77ca70195bf2136c6a2
========================================================================
Received Prepare
Caller must complete domain reload
Begin MonoManager ReloadAssembly
Thread 0x17f783000 may have been prematurely finalized
- Loaded All Assemblies, in  0.234 seconds
Native extension for WindowsStandalone target not found
Native extension for iOS target not found
Native extension for Android target not found
Native extension for OSXStandalone target not found
Native extension for WebGL target not found
Mono: successfully reloaded assembly
- Finished resetting the current domain, in  0.483 seconds
Domain Reload Profiling: 717ms
	BeginReloadAssembly (80ms)
		ExecutionOrderSort (0ms)
		DisableScriptedObjects (2ms)
		BackupInstance (0ms)
		ReleaseScriptingObjects (0ms)
		CreateAndSetChildDomain (26ms)
	RebuildCommonClasses (21ms)
	RebuildNativeTypeToScriptingClass (7ms)
	initialDomainReloadingComplete (12ms)
	LoadAllAssembliesAndSetupDomain (113ms)
		LoadAssemblies (128ms)
		RebuildTransferFunctionScriptingTraits (0ms)
		AnalyzeDomain (15ms)
			TypeCache.Refresh (6ms)
				TypeCache.ScanAssembly (0ms)
			ScanForSourceGeneratedMonoScriptInfo (0ms)
			ResolveRequiredComponents (8ms)
	FinalizeReload (483ms)
		ReleaseScriptCaches (0ms)
		RebuildScriptCaches (0ms)
		SetupLoadedEditorAssemblies (246ms)
			LogAssemblyErrors (0ms)
			InitializePlatformSupportModulesInManaged (16ms)
			SetLoadedEditorAssemblies (4ms)
			RefreshPlugins (0ms)
			BeforeProcessingInitializeOnLoad (46ms)
			ProcessInitializeOnLoadAttributes (147ms)
			ProcessInitializeOnLoadMethodAttributes (32ms)
			AfterProcessingInitializeOnLoad (1ms)
			EditorAssembliesLoaded (0ms)
		ExecutionOrderSort2 (0ms)
		AwakeInstancesAfterBackupRestoration (5ms)
Refreshing native plugins compatible for Editor in 1.10 ms, found 2 plugins.
Preloading 0 native plugins for Editor in 0.00 ms.
Unloading 5155 Unused Serialized files (Serialized files now loaded: 0)
Unloading 26 unused Assets / (0.7 MB). Loaded Objects now: 5842.
Memory consumption went from 225.2 MB to 224.5 MB.
Total: 2.589042 ms (FindLiveObjects: 0.158958 ms CreateObjectMapping: 0.060417 ms MarkObjects: 2.211625 ms  DeleteObjects: 0.157584 ms)

Prepare: number of updated asset objects reloaded= 0
AssetImportParameters requested are different than current active one (requested -> active):
  custom:scripting/monoscript/fileName/NavMeshSurface.cs: 6ef652ad69ea88173bf35c557b9dddbd -> 34aebd278d8d3d5db6b23265b9c700f9
  custom:container-demuxer-ogg: 62fdf1f143b41e24485cea50d1cbac27 -> 
  custom:scripting/monoscript/fileName/NavMeshModifierVolumeEditor.cs: 5dc38ce975f8531f0c32b6103abe4b3a -> 262a50135a116189426aa01c964a744c
  custom:scripting/monoscript/fileName/NavigationOverlay.cs: c5a44226873678a0cb60da52538c2f49 -> 2744f4e7946ebbb71339c9b1ce538d00
  custom:scripting/monoscript/fileName/ConverterItemDescriptor.cs: 994a2a840cbf21580524a5ee48ba943a -> ce581e054faf450c31196535a41f95f6
  custom:scripting/monoscript/fileName/BuiltInToNavMeshSurfaceConverterContainer.cs: c211ada32dadd57d744f821bc5284c6c -> c40a906f9f99ea8a6c5aaa215767017f
  custom:video-decoder-ogg-theora: a1e56fd34408186e4bbccfd4996cb3dc -> 
  custom:scripting/monoscript/fileName/NavigationWindow.cs: 1279a85ab048fbed97c5121b62728812 -> 7884404b71178f59d8819c380b951d7c
  custom:scripting/monoscript/fileName/NavMeshComponentsGUIUtility.cs: 031a331373bebd0dbd0914421ec4dc78 -> 08c52049b94db52661003d42fda4ecff
  custom:scripting/monoscript/fileName/ConverterItemInfo.cs: ac42f0e17844a33779eab11e15959d0e -> f61437cbb7953fbfeff62301ac8e3fd0
  custom:CustomObjectIndexerAttribute: 72b91833f83ae208fae7752999fa3104 -> 
  custom:scripting/monoscript/fileName/NavMeshAssetManager.cs: e08a0378c721f1f25bd22088f2f1c57f -> 79eb4858c2054289cd611249ab36b0a5
  custom:scripting/monoscript/fileName/NavMeshSurfaceEditor.cs: facd6a0c9776c7d71689d1aab9819f46 -> adb1294e971eab992abc2e3e7e051565
  custom:container-demuxer-webm: 4f35f7cbe854078d1ac9338744f61a02 -> 
  custom:scripting/monoscript/fileName/NavMeshModifierVolume.cs: 6bd7a278588de5bdfc0e671df1a878df -> 8dc531216c72b86c60b86e16ff3da10b
  custom:scripting/monoscript/fileName/NavMeshUpdaterUtility.cs: 8ab501a5bf03f031c19b40f7668c1641 -> 5eb03802e6dba19b3e13aaf384805cac
  custom:scripting/monoscript/fileName/NavigationPreferences.cs: 0363b64d3a7a7e0cf24ac21ff2a55693 -> ada9399a4f085d4c824cc06527e7fcae
  custom:scripting/monoscript/fileName/Director.cs: 5eb3d142590217f41c4d62b1c8a29dc7 -> a640d0f47f78a7e4ebb57403003e2bbb
  custom:scripting/monoscript/fileName/NavMeshUpdaterEditor.cs: 50121c23ec79e7ac6c70dd99f719297f -> 169704080eda430978bba61ddedeb304
  custom:scripting/monoscript/fileName/NavMeshModifierEditor.cs: 64d96048d1ecb52c13f79fe460520c53 -> b8675d28116f43f78881455a7301fe8c
  custom:container-muxer-webm: aa71ff27fc2769a1b78a27578f13a17b -> 
  custom:video-decoder-webm-vp8: 9c59270c3fd7afecdb556c50c9e8de78 -> 
  custom:scripting/monoscript/fileName/HelpUrls.cs: 2ab62bc7616e1f75bb9eaa819a355c35 -> c1a90585e3e9c9d25f58f9141655f24f
  custom:scripting/monoscript/fileName/EditorStyles.cs: 11ab1db9e92fdf6f91f7e4f8529bd1fd -> 86b9f4d8fe570a8d8295bfc466c975cf
  custom:SearchIndexIgnoredProperties: e643bd26f0fe6173181afceb89e7c659 -> 
  custom:scripting/monoscript/fileName/NavMeshLinkEditor.cs: db5b506298670e15595eb17639342f60 -> aed8ae070d922149bb2ba3de06889ff6
  custom:AudioImporter_EditorPlatform: 3918e3fc78b5a79bad01e8451be0beb8 -> 
  custom:scripting/monoscript/fileName/NavMeshModifier.cs: 9f2f9ac4a63518769861a9fe3fc49054 -> 99ae5ed91bb784edc4f8312d7de046da
  custom:scripting/monoscript/fileName/IDangerTarget.cs: 0c873814c455377db02d26747af107f7 -> 241d303714f1488ee23fa75bf711b2e7
  custom:scripting/monoscript/fileName/NavMeshSceneConverter.cs: 6496c5f8eec789f0b87d8b24a60b77ce -> baf486a1c1cdf03a3111dd113d13c2f4
  custom:scripting/monoscript/fileName/SystemConverterContainer.cs: bdec785a88883dec09abdd8ddca1fdd8 -> eb4026ea01a117ce0888f693e9eed2cd
  custom:scripting/monoscript/fileName/NavMeshLink.cs: d553acf56818ed54adbed2f21967e3cd -> 0b3d0eeb07ab57d259e8f9365538df09
  custom:framework-osx-AVFoundation: e770b220cccbd017edd2c1fefb359320 -> 
  custom:scripting/monoscript/fileName/ObsoleteNavigationWindowMenuEntry.cs: 4e6e880c198acc644c2491c8b716b9b6 -> c7f73386e6473f401a8e4151cac4e1e5
  custom:scripting/monoscript/fileName/InitializeConverterContext.cs: 50a04ff198dcd709e5450f3b9d7061b1 -> a45c5db80ce634a6cb9d0945b8b3954d
  custom:scripting/monoscript/fileName/SystemConverter.cs: 7cde37e2d29752cb5e16f9b46b9ba9df -> c748d1769fc66e95256254a1cc1497f3
  custom:video-encoder-webm-vp8: eb34c28f22e8b96e1ab97ce403110664 -> 
  custom:audio-decoder-ogg-vorbis: bf7c407c2cedff20999df2af8eb42d56 -> 
  custom:scripting/monoscript/fileName/Principal.cs: a0aeb8acfeb0debf2b8ee70b46c046fa -> 
  custom:scripting/monoscript/fileName/RunItemContext.cs: efefd8ae99d1ef552ffd46e4466293bd -> bb4ef75ce860de201ddb04b582034b5c
  custom:audio-encoder-webm-vorbis: bf7c407c2cedff20999df2af8eb42d56 -> 
  custom:scripting/monoscript/fileName/CCTVScanner.cs: f07b35ed66aa3c4c3b1688f93adbf95f -> 
  custom:scripting/monoscript/fileName/SystemConvertersEditor.cs: b157cb077fe6af3401a860fcac0dab41 -> c127c1335f24b77ca70195bf2136c6a2
========================================================================
Received Prepare
Caller must complete domain reload
Begin MonoManager ReloadAssembly
Thread 0x17f783000 may have been prematurely finalized
- Loaded All Assemblies, in  0.232 seconds
Native extension for WindowsStandalone target not found
Native extension for iOS target not found
Native extension for Android target not found
Native extension for OSXStandalone target not found
Native extension for WebGL target not found
Mono: successfully reloaded assembly
- Finished resetting the current domain, in  0.482 seconds
Domain Reload Profiling: 714ms
	BeginReloadAssembly (80ms)
		ExecutionOrderSort (0ms)
		DisableScriptedObjects (2ms)
		BackupInstance (0ms)
		ReleaseScriptingObjects (0ms)
		CreateAndSetChildDomain (26ms)
	RebuildCommonClasses (21ms)
	RebuildNativeTypeToScriptingClass (7ms)
	initialDomainReloadingComplete (12ms)
	LoadAllAssembliesAndSetupDomain (111ms)
		LoadAssemblies (126ms)
		RebuildTransferFunctionScriptingTraits (0ms)
		AnalyzeDomain (14ms)
			TypeCache.Refresh (6ms)
				TypeCache.ScanAssembly (0ms)
			ScanForSourceGeneratedMonoScriptInfo (0ms)
			ResolveRequiredComponents (7ms)
	FinalizeReload (482ms)
		ReleaseScriptCaches (0ms)
		RebuildScriptCaches (0ms)
		SetupLoadedEditorAssemblies (246ms)
			LogAssemblyErrors (0ms)
			InitializePlatformSupportModulesInManaged (17ms)
			SetLoadedEditorAssemblies (3ms)
			RefreshPlugins (0ms)
			BeforeProcessingInitializeOnLoad (45ms)
			ProcessInitializeOnLoadAttributes (149ms)
			ProcessInitializeOnLoadMethodAttributes (31ms)
			AfterProcessingInitializeOnLoad (1ms)
			EditorAssembliesLoaded (0ms)
		ExecutionOrderSort2 (0ms)
		AwakeInstancesAfterBackupRestoration (4ms)
Refreshing native plugins compatible for Editor in 1.06 ms, found 2 plugins.
Preloading 0 native plugins for Editor in 0.00 ms.
Unloading 5155 Unused Serialized files (Serialized files now loaded: 0)
Unloading 26 unused Assets / (0.7 MB). Loaded Objects now: 5846.
Memory consumption went from 228.1 MB to 227.4 MB.
Total: 2.734417 ms (FindLiveObjects: 0.166625 ms CreateObjectMapping: 0.061334 ms MarkObjects: 2.351792 ms  DeleteObjects: 0.154084 ms)

Prepare: number of updated asset objects reloaded= 0
AssetImportParameters requested are different than current active one (requested -> active):
  custom:scripting/monoscript/fileName/NavMeshSurface.cs: 6ef652ad69ea88173bf35c557b9dddbd -> 34aebd278d8d3d5db6b23265b9c700f9
  custom:container-demuxer-ogg: 62fdf1f143b41e24485cea50d1cbac27 -> 
  custom:scripting/monoscript/fileName/NavMeshModifierVolumeEditor.cs: 5dc38ce975f8531f0c32b6103abe4b3a -> 262a50135a116189426aa01c964a744c
  custom:scripting/monoscript/fileName/NavigationOverlay.cs: c5a44226873678a0cb60da52538c2f49 -> 2744f4e7946ebbb71339c9b1ce538d00
  custom:scripting/monoscript/fileName/ConverterItemDescriptor.cs: 994a2a840cbf21580524a5ee48ba943a -> ce581e054faf450c31196535a41f95f6
  custom:scripting/monoscript/fileName/BuiltInToNavMeshSurfaceConverterContainer.cs: c211ada32dadd57d744f821bc5284c6c -> c40a906f9f99ea8a6c5aaa215767017f
  custom:video-decoder-ogg-theora: a1e56fd34408186e4bbccfd4996cb3dc -> 
  custom:scripting/monoscript/fileName/NavigationWindow.cs: 1279a85ab048fbed97c5121b62728812 -> 7884404b71178f59d8819c380b951d7c
  custom:scripting/monoscript/fileName/NavMeshComponentsGUIUtility.cs: 031a331373bebd0dbd0914421ec4dc78 -> 08c52049b94db52661003d42fda4ecff
  custom:scripting/monoscript/fileName/ConverterItemInfo.cs: ac42f0e17844a33779eab11e15959d0e -> f61437cbb7953fbfeff62301ac8e3fd0
  custom:CustomObjectIndexerAttribute: 72b91833f83ae208fae7752999fa3104 -> 
  custom:scripting/monoscript/fileName/NavMeshAssetManager.cs: e08a0378c721f1f25bd22088f2f1c57f -> 79eb4858c2054289cd611249ab36b0a5
  custom:scripting/monoscript/fileName/NavMeshSurfaceEditor.cs: facd6a0c9776c7d71689d1aab9819f46 -> adb1294e971eab992abc2e3e7e051565
  custom:container-demuxer-webm: 4f35f7cbe854078d1ac9338744f61a02 -> 
  custom:scripting/monoscript/fileName/NavMeshModifierVolume.cs: 6bd7a278588de5bdfc0e671df1a878df -> 8dc531216c72b86c60b86e16ff3da10b
  custom:scripting/monoscript/fileName/NavMeshUpdaterUtility.cs: 8ab501a5bf03f031c19b40f7668c1641 -> 5eb03802e6dba19b3e13aaf384805cac
  custom:scripting/monoscript/fileName/NavigationPreferences.cs: 0363b64d3a7a7e0cf24ac21ff2a55693 -> ada9399a4f085d4c824cc06527e7fcae
  custom:scripting/monoscript/fileName/Director.cs: 5eb3d142590217f41c4d62b1c8a29dc7 -> a640d0f47f78a7e4ebb57403003e2bbb
  custom:scripting/monoscript/fileName/NavMeshUpdaterEditor.cs: 50121c23ec79e7ac6c70dd99f719297f -> 169704080eda430978bba61ddedeb304
  custom:scripting/monoscript/fileName/NavMeshModifierEditor.cs: 64d96048d1ecb52c13f79fe460520c53 -> b8675d28116f43f78881455a7301fe8c
  custom:container-muxer-webm: aa71ff27fc2769a1b78a27578f13a17b -> 
  custom:video-decoder-webm-vp8: 9c59270c3fd7afecdb556c50c9e8de78 -> 
  custom:scripting/monoscript/fileName/HelpUrls.cs: 2ab62bc7616e1f75bb9eaa819a355c35 -> c1a90585e3e9c9d25f58f9141655f24f
  custom:scripting/monoscript/fileName/EditorStyles.cs: 11ab1db9e92fdf6f91f7e4f8529bd1fd -> 86b9f4d8fe570a8d8295bfc466c975cf
  custom:SearchIndexIgnoredProperties: e643bd26f0fe6173181afceb89e7c659 -> 
  custom:scripting/monoscript/fileName/NavMeshLinkEditor.cs: db5b506298670e15595eb17639342f60 -> aed8ae070d922149bb2ba3de06889ff6
  custom:AudioImporter_EditorPlatform: 3918e3fc78b5a79bad01e8451be0beb8 -> 
  custom:scripting/monoscript/fileName/NavMeshModifier.cs: 9f2f9ac4a63518769861a9fe3fc49054 -> 99ae5ed91bb784edc4f8312d7de046da
  custom:scripting/monoscript/fileName/IDangerTarget.cs: 0c873814c455377db02d26747af107f7 -> 241d303714f1488ee23fa75bf711b2e7
  custom:scripting/monoscript/fileName/NavMeshSceneConverter.cs: 6496c5f8eec789f0b87d8b24a60b77ce -> baf486a1c1cdf03a3111dd113d13c2f4
  custom:scripting/monoscript/fileName/SystemConverterContainer.cs: bdec785a88883dec09abdd8ddca1fdd8 -> eb4026ea01a117ce0888f693e9eed2cd
  custom:scripting/monoscript/fileName/NavMeshLink.cs: d553acf56818ed54adbed2f21967e3cd -> 0b3d0eeb07ab57d259e8f9365538df09
  custom:framework-osx-AVFoundation: e770b220cccbd017edd2c1fefb359320 -> 
  custom:scripting/monoscript/fileName/ObsoleteNavigationWindowMenuEntry.cs: 4e6e880c198acc644c2491c8b716b9b6 -> c7f73386e6473f401a8e4151cac4e1e5
  custom:scripting/monoscript/fileName/InitializeConverterContext.cs: 50a04ff198dcd709e5450f3b9d7061b1 -> a45c5db80ce634a6cb9d0945b8b3954d
  custom:scripting/monoscript/fileName/SystemConverter.cs: 7cde37e2d29752cb5e16f9b46b9ba9df -> c748d1769fc66e95256254a1cc1497f3
  custom:video-encoder-webm-vp8: eb34c28f22e8b96e1ab97ce403110664 -> 
  custom:audio-decoder-ogg-vorbis: bf7c407c2cedff20999df2af8eb42d56 -> 
  custom:scripting/monoscript/fileName/Principal.cs: a0aeb8acfeb0debf2b8ee70b46c046fa -> 
  custom:scripting/monoscript/fileName/RunItemContext.cs: efefd8ae99d1ef552ffd46e4466293bd -> bb4ef75ce860de201ddb04b582034b5c
  custom:audio-encoder-webm-vorbis: bf7c407c2cedff20999df2af8eb42d56 -> 
  custom:scripting/monoscript/fileName/CCTVScanner.cs: f07b35ed66aa3c4c3b1688f93adbf95f -> 
  custom:scripting/monoscript/fileName/SystemConvertersEditor.cs: b157cb077fe6af3401a860fcac0dab41 -> c127c1335f24b77ca70195bf2136c6a2
========================================================================
Received Import Request.
  Time since last request: 508.119064 seconds.
  path: Assets/1.Script/3.Monster/kindergarten/SmartKid/MathProblemUI.cs
  artifactKey: Guid(e91b2e73ba9723b4b837edbff366c33d) Importer(815301076,1909f56bfc062723c751e8b465ee728b)
Start importing Assets/1.Script/3.Monster/kindergarten/SmartKid/MathProblemUI.cs using Guid(e91b2e73ba9723b4b837edbff366c33d) Importer(815301076,1909f56bfc062723c751e8b465ee728b) [PhysX] Initialized MultithreadedTaskDispatcher with 10 workers.
 -> (artifact id: 'd459af928df02259515ddd7b1c4fb52b') in 0.001101 seconds
Number of updated asset objects reloaded before import = 0
Number of asset objects unloaded after import = 0
========================================================================
Received Prepare
Caller must complete domain reload
Begin MonoManager ReloadAssembly
Thread 0x17f783000 may have been prematurely finalized
- Loaded All Assemblies, in  0.298 seconds
Native extension for WindowsStandalone target not found
Native extension for iOS target not found
Native extension for Android target not found
Native extension for OSXStandalone target not found
Native extension for WebGL target not found
Mono: successfully reloaded assembly
- Finished resetting the current domain, in  0.860 seconds
Domain Reload Profiling: 1158ms
	BeginReloadAssembly (101ms)
		ExecutionOrderSort (0ms)
		DisableScriptedObjects (3ms)
		BackupInstance (0ms)
		ReleaseScriptingObjects (0ms)
		CreateAndSetChildDomain (38ms)
	RebuildCommonClasses (23ms)
	RebuildNativeTypeToScriptingClass (8ms)
	initialDomainReloadingComplete (14ms)
	LoadAllAssembliesAndSetupDomain (151ms)
		LoadAssemblies (155ms)
		RebuildTransferFunctionScriptingTraits (0ms)
		AnalyzeDomain (32ms)
			TypeCache.Refresh (9ms)
				TypeCache.ScanAssembly (2ms)
			ScanForSourceGeneratedMonoScriptInfo (14ms)
			ResolveRequiredComponents (8ms)
	FinalizeReload (860ms)
		ReleaseScriptCaches (0ms)
		RebuildScriptCaches (0ms)
		SetupLoadedEditorAssemblies (260ms)
			LogAssemblyErrors (0ms)
			InitializePlatformSupportModulesInManaged (19ms)
			SetLoadedEditorAssemblies (4ms)
			RefreshPlugins (0ms)
			BeforeProcessingInitializeOnLoad (48ms)
			ProcessInitializeOnLoadAttributes (155ms)
			ProcessInitializeOnLoadMethodAttributes (34ms)
			AfterProcessingInitializeOnLoad (1ms)
			EditorAssembliesLoaded (0ms)
		ExecutionOrderSort2 (0ms)
		AwakeInstancesAfterBackupRestoration (4ms)
Refreshing native plugins compatible for Editor in 1.10 ms, found 2 plugins.
Preloading 0 native plugins for Editor in 0.00 ms.
Unloading 5155 Unused Serialized files (Serialized files now loaded: 0)
Unloading 26 unused Assets / (0.7 MB). Loaded Objects now: 5850.
Memory consumption went from 231.0 MB to 230.3 MB.
Total: 2.753417 ms (FindLiveObjects: 0.181625 ms CreateObjectMapping: 0.068583 ms MarkObjects: 2.276125 ms  DeleteObjects: 0.226500 ms)

Prepare: number of updated asset objects reloaded= 0
AssetImportParameters requested are different than current active one (requested -> active):
  custom:scripting/monoscript/fileName/NavMeshSurface.cs: 6ef652ad69ea88173bf35c557b9dddbd -> 34aebd278d8d3d5db6b23265b9c700f9
  custom:container-demuxer-ogg: 62fdf1f143b41e24485cea50d1cbac27 -> 
  custom:scripting/monoscript/fileName/NavMeshModifierVolumeEditor.cs: 5dc38ce975f8531f0c32b6103abe4b3a -> 262a50135a116189426aa01c964a744c
  custom:scripting/monoscript/fileName/NavigationOverlay.cs: c5a44226873678a0cb60da52538c2f49 -> 2744f4e7946ebbb71339c9b1ce538d00
  custom:scripting/monoscript/fileName/ConverterItemDescriptor.cs: 994a2a840cbf21580524a5ee48ba943a -> ce581e054faf450c31196535a41f95f6
  custom:scripting/monoscript/fileName/BuiltInToNavMeshSurfaceConverterContainer.cs: c211ada32dadd57d744f821bc5284c6c -> c40a906f9f99ea8a6c5aaa215767017f
  custom:video-decoder-ogg-theora: a1e56fd34408186e4bbccfd4996cb3dc -> 
  custom:scripting/monoscript/fileName/NavigationWindow.cs: 1279a85ab048fbed97c5121b62728812 -> 7884404b71178f59d8819c380b951d7c
  custom:scripting/monoscript/fileName/NavMeshComponentsGUIUtility.cs: 031a331373bebd0dbd0914421ec4dc78 -> 08c52049b94db52661003d42fda4ecff
  custom:scripting/monoscript/fileName/ConverterItemInfo.cs: ac42f0e17844a33779eab11e15959d0e -> f61437cbb7953fbfeff62301ac8e3fd0
  custom:CustomObjectIndexerAttribute: 72b91833f83ae208fae7752999fa3104 -> 
  custom:scripting/monoscript/fileName/NavMeshAssetManager.cs: e08a0378c721f1f25bd22088f2f1c57f -> 79eb4858c2054289cd611249ab36b0a5
  custom:scripting/monoscript/fileName/NavMeshSurfaceEditor.cs: facd6a0c9776c7d71689d1aab9819f46 -> adb1294e971eab992abc2e3e7e051565
  custom:container-demuxer-webm: 4f35f7cbe854078d1ac9338744f61a02 -> 
  custom:scripting/monoscript/fileName/NavMeshModifierVolume.cs: 6bd7a278588de5bdfc0e671df1a878df -> 8dc531216c72b86c60b86e16ff3da10b
  custom:scripting/monoscript/fileName/NavMeshUpdaterUtility.cs: 8ab501a5bf03f031c19b40f7668c1641 -> 5eb03802e6dba19b3e13aaf384805cac
  custom:scripting/monoscript/fileName/NavigationPreferences.cs: 0363b64d3a7a7e0cf24ac21ff2a55693 -> ada9399a4f085d4c824cc06527e7fcae
  custom:scripting/monoscript/fileName/Director.cs: 5eb3d142590217f41c4d62b1c8a29dc7 -> a640d0f47f78a7e4ebb57403003e2bbb
  custom:scripting/monoscript/fileName/NavMeshUpdaterEditor.cs: 50121c23ec79e7ac6c70dd99f719297f -> 169704080eda430978bba61ddedeb304
  custom:scripting/monoscript/fileName/NavMeshModifierEditor.cs: 64d96048d1ecb52c13f79fe460520c53 -> b8675d28116f43f78881455a7301fe8c
  custom:container-muxer-webm: aa71ff27fc2769a1b78a27578f13a17b -> 
  custom:video-decoder-webm-vp8: 9c59270c3fd7afecdb556c50c9e8de78 -> 
  custom:scripting/monoscript/fileName/HelpUrls.cs: 2ab62bc7616e1f75bb9eaa819a355c35 -> c1a90585e3e9c9d25f58f9141655f24f
  custom:scripting/monoscript/fileName/EditorStyles.cs: 11ab1db9e92fdf6f91f7e4f8529bd1fd -> 86b9f4d8fe570a8d8295bfc466c975cf
  custom:SearchIndexIgnoredProperties: e643bd26f0fe6173181afceb89e7c659 -> 
  custom:scripting/monoscript/fileName/NavMeshLinkEditor.cs: db5b506298670e15595eb17639342f60 -> aed8ae070d922149bb2ba3de06889ff6
  custom:AudioImporter_EditorPlatform: 3918e3fc78b5a79bad01e8451be0beb8 -> 
  custom:scripting/monoscript/fileName/NavMeshModifier.cs: 9f2f9ac4a63518769861a9fe3fc49054 -> 99ae5ed91bb784edc4f8312d7de046da
  custom:scripting/monoscript/fileName/IDangerTarget.cs: 0c873814c455377db02d26747af107f7 -> 241d303714f1488ee23fa75bf711b2e7
  custom:scripting/monoscript/fileName/NavMeshSceneConverter.cs: 6496c5f8eec789f0b87d8b24a60b77ce -> baf486a1c1cdf03a3111dd113d13c2f4
  custom:scripting/monoscript/fileName/SystemConverterContainer.cs: bdec785a88883dec09abdd8ddca1fdd8 -> eb4026ea01a117ce0888f693e9eed2cd
  custom:scripting/monoscript/fileName/NavMeshLink.cs: d553acf56818ed54adbed2f21967e3cd -> 0b3d0eeb07ab57d259e8f9365538df09
  custom:framework-osx-AVFoundation: e770b220cccbd017edd2c1fefb359320 -> 
  custom:scripting/monoscript/fileName/ObsoleteNavigationWindowMenuEntry.cs: 4e6e880c198acc644c2491c8b716b9b6 -> c7f73386e6473f401a8e4151cac4e1e5
  custom:scripting/monoscript/fileName/InitializeConverterContext.cs: 50a04ff198dcd709e5450f3b9d7061b1 -> a45c5db80ce634a6cb9d0945b8b3954d
  custom:scripting/monoscript/fileName/SystemConverter.cs: 7cde37e2d29752cb5e16f9b46b9ba9df -> c748d1769fc66e95256254a1cc1497f3
  custom:video-encoder-webm-vp8: eb34c28f22e8b96e1ab97ce403110664 -> 
  custom:audio-decoder-ogg-vorbis: bf7c407c2cedff20999df2af8eb42d56 -> 
  custom:scripting/monoscript/fileName/Principal.cs: a0aeb8acfeb0debf2b8ee70b46c046fa -> 
  custom:scripting/monoscript/fileName/RunItemContext.cs: efefd8ae99d1ef552ffd46e4466293bd -> bb4ef75ce860de201ddb04b582034b5c
  custom:audio-encoder-webm-vorbis: bf7c407c2cedff20999df2af8eb42d56 -> 
  custom:scripting/monoscript/fileName/CCTVScanner.cs: f07b35ed66aa3c4c3b1688f93adbf95f -> 
  custom:scripting/monoscript/fileName/SystemConvertersEditor.cs: b157cb077fe6af3401a860fcac0dab41 -> c127c1335f24b77ca70195bf2136c6a2
========================================================================
Received Prepare
Caller must complete domain reload
Begin MonoManager ReloadAssembly
Thread 0x17f783000 may have been prematurely finalized
- Loaded All Assemblies, in  0.236 seconds
Native extension for WindowsStandalone target not found
Native extension for iOS target not found
Native extension for Android target not found
Native extension for OSXStandalone target not found
Native extension for WebGL target not found
Mono: successfully reloaded assembly
- Finished resetting the current domain, in  0.481 seconds
Domain Reload Profiling: 717ms
	BeginReloadAssembly (80ms)
		ExecutionOrderSort (0ms)
		DisableScriptedObjects (2ms)
		BackupInstance (0ms)
		ReleaseScriptingObjects (0ms)
		CreateAndSetChildDomain (26ms)
	RebuildCommonClasses (23ms)
	RebuildNativeTypeToScriptingClass (8ms)
	initialDomainReloadingComplete (14ms)
	LoadAllAssembliesAndSetupDomain (111ms)
		LoadAssemblies (128ms)
		RebuildTransferFunctionScriptingTraits (0ms)
		AnalyzeDomain (14ms)
			TypeCache.Refresh (5ms)
				TypeCache.ScanAssembly (0ms)
			ScanForSourceGeneratedMonoScriptInfo (0ms)
			ResolveRequiredComponents (8ms)
	FinalizeReload (481ms)
		ReleaseScriptCaches (0ms)
		RebuildScriptCaches (0ms)
		SetupLoadedEditorAssemblies (244ms)
			LogAssemblyErrors (0ms)
			InitializePlatformSupportModulesInManaged (16ms)
			SetLoadedEditorAssemblies (3ms)
			RefreshPlugins (0ms)
			BeforeProcessingInitializeOnLoad (42ms)
			ProcessInitializeOnLoadAttributes (149ms)
			ProcessInitializeOnLoadMethodAttributes (33ms)
			AfterProcessingInitializeOnLoad (1ms)
			EditorAssembliesLoaded (0ms)
		ExecutionOrderSort2 (0ms)
		AwakeInstancesAfterBackupRestoration (4ms)
Refreshing native plugins compatible for Editor in 1.12 ms, found 2 plugins.
Preloading 0 native plugins for Editor in 0.00 ms.
Unloading 5155 Unused Serialized files (Serialized files now loaded: 0)
Unloading 26 unused Assets / (0.7 MB). Loaded Objects now: 5854.
Memory consumption went from 233.9 MB to 233.2 MB.
Total: 2.394958 ms (FindLiveObjects: 0.159833 ms CreateObjectMapping: 0.069958 ms MarkObjects: 2.014083 ms  DeleteObjects: 0.150625 ms)

Prepare: number of updated asset objects reloaded= 0
AssetImportParameters requested are different than current active one (requested -> active):
  custom:scripting/monoscript/fileName/NavMeshSurface.cs: 6ef652ad69ea88173bf35c557b9dddbd -> 34aebd278d8d3d5db6b23265b9c700f9
  custom:container-demuxer-ogg: 62fdf1f143b41e24485cea50d1cbac27 -> 
  custom:scripting/monoscript/fileName/NavMeshModifierVolumeEditor.cs: 5dc38ce975f8531f0c32b6103abe4b3a -> 262a50135a116189426aa01c964a744c
  custom:scripting/monoscript/fileName/NavigationOverlay.cs: c5a44226873678a0cb60da52538c2f49 -> 2744f4e7946ebbb71339c9b1ce538d00
  custom:scripting/monoscript/fileName/ConverterItemDescriptor.cs: 994a2a840cbf21580524a5ee48ba943a -> ce581e054faf450c31196535a41f95f6
  custom:scripting/monoscript/fileName/BuiltInToNavMeshSurfaceConverterContainer.cs: c211ada32dadd57d744f821bc5284c6c -> c40a906f9f99ea8a6c5aaa215767017f
  custom:video-decoder-ogg-theora: a1e56fd34408186e4bbccfd4996cb3dc -> 
  custom:scripting/monoscript/fileName/NavigationWindow.cs: 1279a85ab048fbed97c5121b62728812 -> 7884404b71178f59d8819c380b951d7c
  custom:scripting/monoscript/fileName/NavMeshComponentsGUIUtility.cs: 031a331373bebd0dbd0914421ec4dc78 -> 08c52049b94db52661003d42fda4ecff
  custom:scripting/monoscript/fileName/ConverterItemInfo.cs: ac42f0e17844a33779eab11e15959d0e -> f61437cbb7953fbfeff62301ac8e3fd0
  custom:CustomObjectIndexerAttribute: 72b91833f83ae208fae7752999fa3104 -> 
  custom:scripting/monoscript/fileName/NavMeshAssetManager.cs: e08a0378c721f1f25bd22088f2f1c57f -> 79eb4858c2054289cd611249ab36b0a5
  custom:scripting/monoscript/fileName/NavMeshSurfaceEditor.cs: facd6a0c9776c7d71689d1aab9819f46 -> adb1294e971eab992abc2e3e7e051565
  custom:container-demuxer-webm: 4f35f7cbe854078d1ac9338744f61a02 -> 
  custom:scripting/monoscript/fileName/NavMeshModifierVolume.cs: 6bd7a278588de5bdfc0e671df1a878df -> 8dc531216c72b86c60b86e16ff3da10b
  custom:scripting/monoscript/fileName/NavMeshUpdaterUtility.cs: 8ab501a5bf03f031c19b40f7668c1641 -> 5eb03802e6dba19b3e13aaf384805cac
  custom:scripting/monoscript/fileName/NavigationPreferences.cs: 0363b64d3a7a7e0cf24ac21ff2a55693 -> ada9399a4f085d4c824cc06527e7fcae
  custom:scripting/monoscript/fileName/Director.cs: 5eb3d142590217f41c4d62b1c8a29dc7 -> a640d0f47f78a7e4ebb57403003e2bbb
  custom:scripting/monoscript/fileName/NavMeshUpdaterEditor.cs: 50121c23ec79e7ac6c70dd99f719297f -> 169704080eda430978bba61ddedeb304
  custom:scripting/monoscript/fileName/NavMeshModifierEditor.cs: 64d96048d1ecb52c13f79fe460520c53 -> b8675d28116f43f78881455a7301fe8c
  custom:container-muxer-webm: aa71ff27fc2769a1b78a27578f13a17b -> 
  custom:video-decoder-webm-vp8: 9c59270c3fd7afecdb556c50c9e8de78 -> 
  custom:scripting/monoscript/fileName/HelpUrls.cs: 2ab62bc7616e1f75bb9eaa819a355c35 -> c1a90585e3e9c9d25f58f9141655f24f
  custom:scripting/monoscript/fileName/EditorStyles.cs: 11ab1db9e92fdf6f91f7e4f8529bd1fd -> 86b9f4d8fe570a8d8295bfc466c975cf
  custom:SearchIndexIgnoredProperties: e643bd26f0fe6173181afceb89e7c659 -> 
  custom:scripting/monoscript/fileName/NavMeshLinkEditor.cs: db5b506298670e15595eb17639342f60 -> aed8ae070d922149bb2ba3de06889ff6
  custom:AudioImporter_EditorPlatform: 3918e3fc78b5a79bad01e8451be0beb8 -> 
  custom:scripting/monoscript/fileName/NavMeshModifier.cs: 9f2f9ac4a63518769861a9fe3fc49054 -> 99ae5ed91bb784edc4f8312d7de046da
  custom:scripting/monoscript/fileName/IDangerTarget.cs: 0c873814c455377db02d26747af107f7 -> 241d303714f1488ee23fa75bf711b2e7
  custom:scripting/monoscript/fileName/NavMeshSceneConverter.cs: 6496c5f8eec789f0b87d8b24a60b77ce -> baf486a1c1cdf03a3111dd113d13c2f4
  custom:scripting/monoscript/fileName/SystemConverterContainer.cs: bdec785a88883dec09abdd8ddca1fdd8 -> eb4026ea01a117ce0888f693e9eed2cd
  custom:scripting/monoscript/fileName/NavMeshLink.cs: d553acf56818ed54adbed2f21967e3cd -> 0b3d0eeb07ab57d259e8f9365538df09
  custom:framework-osx-AVFoundation: e770b220cccbd017edd2c1fefb359320 -> 
  custom:scripting/monoscript/fileName/ObsoleteNavigationWindowMenuEntry.cs: 4e6e880c198acc644c2491c8b716b9b6 -> c7f73386e6473f401a8e4151cac4e1e5
  custom:scripting/monoscript/fileName/InitializeConverterContext.cs: 50a04ff198dcd709e5450f3b9d7061b1 -> a45c5db80ce634a6cb9d0945b8b3954d
  custom:scripting/monoscript/fileName/SystemConverter.cs: 7cde37e2d29752cb5e16f9b46b9ba9df -> c748d1769fc66e95256254a1cc1497f3
  custom:video-encoder-webm-vp8: eb34c28f22e8b96e1ab97ce403110664 -> 
  custom:audio-decoder-ogg-vorbis: bf7c407c2cedff20999df2af8eb42d56 -> 
  custom:scripting/monoscript/fileName/Principal.cs: a0aeb8acfeb0debf2b8ee70b46c046fa -> 
  custom:scripting/monoscript/fileName/RunItemContext.cs: efefd8ae99d1ef552ffd46e4466293bd -> bb4ef75ce860de201ddb04b582034b5c
  custom:audio-encoder-webm-vorbis: bf7c407c2cedff20999df2af8eb42d56 -> 
  custom:scripting/monoscript/fileName/CCTVScanner.cs: f07b35ed66aa3c4c3b1688f93adbf95f -> 
  custom:scripting/monoscript/fileName/SystemConvertersEditor.cs: b157cb077fe6af3401a860fcac0dab41 -> c127c1335f24b77ca70195bf2136c6a2
========================================================================
Received Import Request.
  Time since last request: 69.427027 seconds.
  path: Assets/1.Script/3.Monster/kindergarten/SmartKid/MathProblemUI.cs
  artifactKey: Guid(e91b2e73ba9723b4b837edbff366c33d) Importer(815301076,1909f56bfc062723c751e8b465ee728b)
Start importing Assets/1.Script/3.Monster/kindergarten/SmartKid/MathProblemUI.cs using Guid(e91b2e73ba9723b4b837edbff366c33d) Importer(815301076,1909f56bfc062723c751e8b465ee728b) [PhysX] Initialized MultithreadedTaskDispatcher with 10 workers.
 -> (artifact id: 'e8a8ddd7c91a293e04ca3fa1d73bf6b9') in 0.001095 seconds
Number of updated asset objects reloaded before import = 0
Number of asset objects unloaded after import = 0
========================================================================
Received Import Request.
  Time since last request: 76.499290 seconds.
  path: Assets/1.Script/3.Monster/kindergarten/SmartKid/SmartKidAI.cs
  artifactKey: Guid(96d9e8bbd451d524b818cd67e3909f50) Importer(815301076,1909f56bfc062723c751e8b465ee728b)
Start importing Assets/1.Script/3.Monster/kindergarten/SmartKid/SmartKidAI.cs using Guid(96d9e8bbd451d524b818cd67e3909f50) Importer(815301076,1909f56bfc062723c751e8b465ee728b) [PhysX] Initialized MultithreadedTaskDispatcher with 10 workers.
 -> (artifact id: 'f00a16ced3839fe1c76da330356becf1') in 0.000383 seconds
Number of updated asset objects reloaded before import = 0
Number of asset objects unloaded after import = 0
========================================================================
Received Prepare
Caller must complete domain reload
Begin MonoManager ReloadAssembly
Thread 0x17f783000 may have been prematurely finalized
- Loaded All Assemblies, in  0.416 seconds
Native extension for WindowsStandalone target not found
Native extension for iOS target not found
Native extension for Android target not found
Native extension for OSXStandalone target not found
Native extension for WebGL target not found
Mono: successfully reloaded assembly
- Finished resetting the current domain, in  1.038 seconds
Domain Reload Profiling: 1454ms
	BeginReloadAssembly (160ms)
		ExecutionOrderSort (0ms)
		DisableScriptedObjects (5ms)
		BackupInstance (0ms)
		ReleaseScriptingObjects (0ms)
		CreateAndSetChildDomain (70ms)
	RebuildCommonClasses (28ms)
	RebuildNativeTypeToScriptingClass (9ms)
	initialDomainReloadingComplete (19ms)
	LoadAllAssembliesAndSetupDomain (200ms)
		LoadAssemblies (206ms)
		RebuildTransferFunctionScriptingTraits (0ms)
		AnalyzeDomain (40ms)
			TypeCache.Refresh (12ms)
				TypeCache.ScanAssembly (2ms)
			ScanForSourceGeneratedMonoScriptInfo (19ms)
			ResolveRequiredComponents (9ms)
	FinalizeReload (1038ms)
		ReleaseScriptCaches (0ms)
		RebuildScriptCaches (0ms)
		SetupLoadedEditorAssemblies (306ms)
			LogAssemblyErrors (0ms)
			InitializePlatformSupportModulesInManaged (50ms)
			SetLoadedEditorAssemblies (4ms)
			RefreshPlugins (0ms)
			BeforeProcessingInitializeOnLoad (47ms)
			ProcessInitializeOnLoadAttributes (168ms)
			ProcessInitializeOnLoadMethodAttributes (36ms)
			AfterProcessingInitializeOnLoad (2ms)
			EditorAssembliesLoaded (0ms)
		ExecutionOrderSort2 (0ms)
		AwakeInstancesAfterBackupRestoration (4ms)
Refreshing native plugins compatible for Editor in 1.19 ms, found 2 plugins.
Preloading 0 native plugins for Editor in 0.00 ms.
Unloading 5155 Unused Serialized files (Serialized files now loaded: 0)
Unloading 26 unused Assets / (0.7 MB). Loaded Objects now: 5858.
Memory consumption went from 236.8 MB to 236.1 MB.
Total: 2.703000 ms (FindLiveObjects: 0.191167 ms CreateObjectMapping: 0.072458 ms MarkObjects: 2.265209 ms  DeleteObjects: 0.173459 ms)

Prepare: number of updated asset objects reloaded= 0
AssetImportParameters requested are different than current active one (requested -> active):
  custom:scripting/monoscript/fileName/NavMeshSurface.cs: 6ef652ad69ea88173bf35c557b9dddbd -> 34aebd278d8d3d5db6b23265b9c700f9
  custom:container-demuxer-ogg: 62fdf1f143b41e24485cea50d1cbac27 -> 
  custom:scripting/monoscript/fileName/NavMeshModifierVolumeEditor.cs: 5dc38ce975f8531f0c32b6103abe4b3a -> 262a50135a116189426aa01c964a744c
  custom:scripting/monoscript/fileName/NavigationOverlay.cs: c5a44226873678a0cb60da52538c2f49 -> 2744f4e7946ebbb71339c9b1ce538d00
  custom:scripting/monoscript/fileName/ConverterItemDescriptor.cs: 994a2a840cbf21580524a5ee48ba943a -> ce581e054faf450c31196535a41f95f6
  custom:scripting/monoscript/fileName/BuiltInToNavMeshSurfaceConverterContainer.cs: c211ada32dadd57d744f821bc5284c6c -> c40a906f9f99ea8a6c5aaa215767017f
  custom:video-decoder-ogg-theora: a1e56fd34408186e4bbccfd4996cb3dc -> 
  custom:scripting/monoscript/fileName/NavigationWindow.cs: 1279a85ab048fbed97c5121b62728812 -> 7884404b71178f59d8819c380b951d7c
  custom:scripting/monoscript/fileName/NavMeshComponentsGUIUtility.cs: 031a331373bebd0dbd0914421ec4dc78 -> 08c52049b94db52661003d42fda4ecff
  custom:scripting/monoscript/fileName/ConverterItemInfo.cs: ac42f0e17844a33779eab11e15959d0e -> f61437cbb7953fbfeff62301ac8e3fd0
  custom:CustomObjectIndexerAttribute: 72b91833f83ae208fae7752999fa3104 -> 
  custom:scripting/monoscript/fileName/NavMeshAssetManager.cs: e08a0378c721f1f25bd22088f2f1c57f -> 79eb4858c2054289cd611249ab36b0a5
  custom:scripting/monoscript/fileName/NavMeshSurfaceEditor.cs: facd6a0c9776c7d71689d1aab9819f46 -> adb1294e971eab992abc2e3e7e051565
  custom:container-demuxer-webm: 4f35f7cbe854078d1ac9338744f61a02 -> 
  custom:scripting/monoscript/fileName/NavMeshModifierVolume.cs: 6bd7a278588de5bdfc0e671df1a878df -> 8dc531216c72b86c60b86e16ff3da10b
  custom:scripting/monoscript/fileName/NavMeshUpdaterUtility.cs: 8ab501a5bf03f031c19b40f7668c1641 -> 5eb03802e6dba19b3e13aaf384805cac
  custom:scripting/monoscript/fileName/NavigationPreferences.cs: 0363b64d3a7a7e0cf24ac21ff2a55693 -> ada9399a4f085d4c824cc06527e7fcae
  custom:scripting/monoscript/fileName/Director.cs: 5eb3d142590217f41c4d62b1c8a29dc7 -> a640d0f47f78a7e4ebb57403003e2bbb
  custom:scripting/monoscript/fileName/NavMeshUpdaterEditor.cs: 50121c23ec79e7ac6c70dd99f719297f -> 169704080eda430978bba61ddedeb304
  custom:scripting/monoscript/fileName/NavMeshModifierEditor.cs: 64d96048d1ecb52c13f79fe460520c53 -> b8675d28116f43f78881455a7301fe8c
  custom:container-muxer-webm: aa71ff27fc2769a1b78a27578f13a17b -> 
  custom:video-decoder-webm-vp8: 9c59270c3fd7afecdb556c50c9e8de78 -> 
  custom:scripting/monoscript/fileName/HelpUrls.cs: 2ab62bc7616e1f75bb9eaa819a355c35 -> c1a90585e3e9c9d25f58f9141655f24f
  custom:scripting/monoscript/fileName/EditorStyles.cs: 11ab1db9e92fdf6f91f7e4f8529bd1fd -> 86b9f4d8fe570a8d8295bfc466c975cf
  custom:SearchIndexIgnoredProperties: e643bd26f0fe6173181afceb89e7c659 -> 
  custom:scripting/monoscript/fileName/NavMeshLinkEditor.cs: db5b506298670e15595eb17639342f60 -> aed8ae070d922149bb2ba3de06889ff6
  custom:AudioImporter_EditorPlatform: 3918e3fc78b5a79bad01e8451be0beb8 -> 
  custom:scripting/monoscript/fileName/NavMeshModifier.cs: 9f2f9ac4a63518769861a9fe3fc49054 -> 99ae5ed91bb784edc4f8312d7de046da
  custom:scripting/monoscript/fileName/IDangerTarget.cs: 0c873814c455377db02d26747af107f7 -> 241d303714f1488ee23fa75bf711b2e7
  custom:scripting/monoscript/fileName/NavMeshSceneConverter.cs: 6496c5f8eec789f0b87d8b24a60b77ce -> baf486a1c1cdf03a3111dd113d13c2f4
  custom:scripting/monoscript/fileName/SystemConverterContainer.cs: bdec785a88883dec09abdd8ddca1fdd8 -> eb4026ea01a117ce0888f693e9eed2cd
  custom:scripting/monoscript/fileName/NavMeshLink.cs: d553acf56818ed54adbed2f21967e3cd -> 0b3d0eeb07ab57d259e8f9365538df09
  custom:framework-osx-AVFoundation: e770b220cccbd017edd2c1fefb359320 -> 
  custom:scripting/monoscript/fileName/ObsoleteNavigationWindowMenuEntry.cs: 4e6e880c198acc644c2491c8b716b9b6 -> c7f73386e6473f401a8e4151cac4e1e5
  custom:scripting/monoscript/fileName/InitializeConverterContext.cs: 50a04ff198dcd709e5450f3b9d7061b1 -> a45c5db80ce634a6cb9d0945b8b3954d
  custom:scripting/monoscript/fileName/SystemConverter.cs: 7cde37e2d29752cb5e16f9b46b9ba9df -> c748d1769fc66e95256254a1cc1497f3
  custom:video-encoder-webm-vp8: eb34c28f22e8b96e1ab97ce403110664 -> 
  custom:audio-decoder-ogg-vorbis: bf7c407c2cedff20999df2af8eb42d56 -> 
  custom:scripting/monoscript/fileName/Principal.cs: a0aeb8acfeb0debf2b8ee70b46c046fa -> 
  custom:scripting/monoscript/fileName/RunItemContext.cs: efefd8ae99d1ef552ffd46e4466293bd -> bb4ef75ce860de201ddb04b582034b5c
  custom:audio-encoder-webm-vorbis: bf7c407c2cedff20999df2af8eb42d56 -> 
  custom:scripting/monoscript/fileName/CCTVScanner.cs: f07b35ed66aa3c4c3b1688f93adbf95f -> 
  custom:scripting/monoscript/fileName/SystemConvertersEditor.cs: b157cb077fe6af3401a860fcac0dab41 -> c127c1335f24b77ca70195bf2136c6a2
========================================================================
Received Import Request.
  Time since last request: 26.499682 seconds.
  path: Assets/1.Script/3.Monster/kindergarten/SmartKid/MathProblemUI.cs
  artifactKey: Guid(e91b2e73ba9723b4b837edbff366c33d) Importer(815301076,1909f56bfc062723c751e8b465ee728b)
Start importing Assets/1.Script/3.Monster/kindergarten/SmartKid/MathProblemUI.cs using Guid(e91b2e73ba9723b4b837edbff366c33d) Importer(815301076,1909f56bfc062723c751e8b465ee728b) [PhysX] Initialized MultithreadedTaskDispatcher with 10 workers.
 -> (artifact id: 'c47df7933791200c23be24d06975fc3a') in 0.001062 seconds
Number of updated asset objects reloaded before import = 0
Number of asset objects unloaded after import = 0
========================================================================
Received Prepare
Caller must complete domain reload
Begin MonoManager ReloadAssembly
Thread 0x17f783000 may have been prematurely finalized
- Loaded All Assemblies, in  0.229 seconds
Native extension for WindowsStandalone target not found
Native extension for iOS target not found
Native extension for Android target not found
Native extension for OSXStandalone target not found
Native extension for WebGL target not found
Mono: successfully reloaded assembly
- Finished resetting the current domain, in  0.485 seconds
Domain Reload Profiling: 714ms
	BeginReloadAssembly (77ms)
		ExecutionOrderSort (0ms)
		DisableScriptedObjects (2ms)
		BackupInstance (0ms)
		ReleaseScriptingObjects (0ms)
		CreateAndSetChildDomain (25ms)
	RebuildCommonClasses (21ms)
	RebuildNativeTypeToScriptingClass (8ms)
	initialDomainReloadingComplete (12ms)
	LoadAllAssembliesAndSetupDomain (111ms)
		LoadAssemblies (126ms)
		RebuildTransferFunctionScriptingTraits (0ms)
		AnalyzeDomain (13ms)
			TypeCache.Refresh (5ms)
				TypeCache.ScanAssembly (0ms)
			ScanForSourceGeneratedMonoScriptInfo (0ms)
			ResolveRequiredComponents (7ms)
	FinalizeReload (485ms)
		ReleaseScriptCaches (0ms)
		RebuildScriptCaches (0ms)
		SetupLoadedEditorAssemblies (247ms)
			LogAssemblyErrors (0ms)
			InitializePlatformSupportModulesInManaged (16ms)
			SetLoadedEditorAssemblies (3ms)
			RefreshPlugins (0ms)
			BeforeProcessingInitializeOnLoad (44ms)
			ProcessInitializeOnLoadAttributes (151ms)
			ProcessInitializeOnLoadMethodAttributes (32ms)
			AfterProcessingInitializeOnLoad (1ms)
			EditorAssembliesLoaded (0ms)
		ExecutionOrderSort2 (0ms)
		AwakeInstancesAfterBackupRestoration (4ms)
Refreshing native plugins compatible for Editor in 1.20 ms, found 2 plugins.
Preloading 0 native plugins for Editor in 0.00 ms.
Unloading 5155 Unused Serialized files (Serialized files now loaded: 0)
Unloading 26 unused Assets / (0.7 MB). Loaded Objects now: 5862.
Memory consumption went from 239.9 MB to 239.2 MB.
Total: 2.477625 ms (FindLiveObjects: 0.177250 ms CreateObjectMapping: 0.059292 ms MarkObjects: 2.081167 ms  DeleteObjects: 0.159375 ms)

Prepare: number of updated asset objects reloaded= 0
AssetImportParameters requested are different than current active one (requested -> active):
  custom:scripting/monoscript/fileName/NavMeshSurface.cs: 6ef652ad69ea88173bf35c557b9dddbd -> 34aebd278d8d3d5db6b23265b9c700f9
  custom:container-demuxer-ogg: 62fdf1f143b41e24485cea50d1cbac27 -> 
  custom:scripting/monoscript/fileName/NavMeshModifierVolumeEditor.cs: 5dc38ce975f8531f0c32b6103abe4b3a -> 262a50135a116189426aa01c964a744c
  custom:scripting/monoscript/fileName/NavigationOverlay.cs: c5a44226873678a0cb60da52538c2f49 -> 2744f4e7946ebbb71339c9b1ce538d00
  custom:scripting/monoscript/fileName/ConverterItemDescriptor.cs: 994a2a840cbf21580524a5ee48ba943a -> ce581e054faf450c31196535a41f95f6
  custom:scripting/monoscript/fileName/BuiltInToNavMeshSurfaceConverterContainer.cs: c211ada32dadd57d744f821bc5284c6c -> c40a906f9f99ea8a6c5aaa215767017f
  custom:video-decoder-ogg-theora: a1e56fd34408186e4bbccfd4996cb3dc -> 
  custom:scripting/monoscript/fileName/NavigationWindow.cs: 1279a85ab048fbed97c5121b62728812 -> 7884404b71178f59d8819c380b951d7c
  custom:scripting/monoscript/fileName/NavMeshComponentsGUIUtility.cs: 031a331373bebd0dbd0914421ec4dc78 -> 08c52049b94db52661003d42fda4ecff
  custom:scripting/monoscript/fileName/ConverterItemInfo.cs: ac42f0e17844a33779eab11e15959d0e -> f61437cbb7953fbfeff62301ac8e3fd0
  custom:CustomObjectIndexerAttribute: 72b91833f83ae208fae7752999fa3104 -> 
  custom:scripting/monoscript/fileName/NavMeshAssetManager.cs: e08a0378c721f1f25bd22088f2f1c57f -> 79eb4858c2054289cd611249ab36b0a5
  custom:scripting/monoscript/fileName/NavMeshSurfaceEditor.cs: facd6a0c9776c7d71689d1aab9819f46 -> adb1294e971eab992abc2e3e7e051565
  custom:container-demuxer-webm: 4f35f7cbe854078d1ac9338744f61a02 -> 
  custom:scripting/monoscript/fileName/NavMeshModifierVolume.cs: 6bd7a278588de5bdfc0e671df1a878df -> 8dc531216c72b86c60b86e16ff3da10b
  custom:scripting/monoscript/fileName/NavMeshUpdaterUtility.cs: 8ab501a5bf03f031c19b40f7668c1641 -> 5eb03802e6dba19b3e13aaf384805cac
  custom:scripting/monoscript/fileName/NavigationPreferences.cs: 0363b64d3a7a7e0cf24ac21ff2a55693 -> ada9399a4f085d4c824cc06527e7fcae
  custom:scripting/monoscript/fileName/Director.cs: 5eb3d142590217f41c4d62b1c8a29dc7 -> a640d0f47f78a7e4ebb57403003e2bbb
  custom:scripting/monoscript/fileName/NavMeshUpdaterEditor.cs: 50121c23ec79e7ac6c70dd99f719297f -> 169704080eda430978bba61ddedeb304
  custom:scripting/monoscript/fileName/NavMeshModifierEditor.cs: 64d96048d1ecb52c13f79fe460520c53 -> b8675d28116f43f78881455a7301fe8c
  custom:container-muxer-webm: aa71ff27fc2769a1b78a27578f13a17b -> 
  custom:video-decoder-webm-vp8: 9c59270c3fd7afecdb556c50c9e8de78 -> 
  custom:scripting/monoscript/fileName/HelpUrls.cs: 2ab62bc7616e1f75bb9eaa819a355c35 -> c1a90585e3e9c9d25f58f9141655f24f
  custom:scripting/monoscript/fileName/EditorStyles.cs: 11ab1db9e92fdf6f91f7e4f8529bd1fd -> 86b9f4d8fe570a8d8295bfc466c975cf
  custom:SearchIndexIgnoredProperties: e643bd26f0fe6173181afceb89e7c659 -> 
  custom:scripting/monoscript/fileName/NavMeshLinkEditor.cs: db5b506298670e15595eb17639342f60 -> aed8ae070d922149bb2ba3de06889ff6
  custom:AudioImporter_EditorPlatform: 3918e3fc78b5a79bad01e8451be0beb8 -> 
  custom:scripting/monoscript/fileName/NavMeshModifier.cs: 9f2f9ac4a63518769861a9fe3fc49054 -> 99ae5ed91bb784edc4f8312d7de046da
  custom:scripting/monoscript/fileName/IDangerTarget.cs: 0c873814c455377db02d26747af107f7 -> 241d303714f1488ee23fa75bf711b2e7
  custom:scripting/monoscript/fileName/NavMeshSceneConverter.cs: 6496c5f8eec789f0b87d8b24a60b77ce -> baf486a1c1cdf03a3111dd113d13c2f4
  custom:scripting/monoscript/fileName/SystemConverterContainer.cs: bdec785a88883dec09abdd8ddca1fdd8 -> eb4026ea01a117ce0888f693e9eed2cd
  custom:scripting/monoscript/fileName/NavMeshLink.cs: d553acf56818ed54adbed2f21967e3cd -> 0b3d0eeb07ab57d259e8f9365538df09
  custom:framework-osx-AVFoundation: e770b220cccbd017edd2c1fefb359320 -> 
  custom:scripting/monoscript/fileName/ObsoleteNavigationWindowMenuEntry.cs: 4e6e880c198acc644c2491c8b716b9b6 -> c7f73386e6473f401a8e4151cac4e1e5
  custom:scripting/monoscript/fileName/InitializeConverterContext.cs: 50a04ff198dcd709e5450f3b9d7061b1 -> a45c5db80ce634a6cb9d0945b8b3954d
  custom:scripting/monoscript/fileName/SystemConverter.cs: 7cde37e2d29752cb5e16f9b46b9ba9df -> c748d1769fc66e95256254a1cc1497f3
  custom:video-encoder-webm-vp8: eb34c28f22e8b96e1ab97ce403110664 -> 
  custom:audio-decoder-ogg-vorbis: bf7c407c2cedff20999df2af8eb42d56 -> 
  custom:scripting/monoscript/fileName/Principal.cs: a0aeb8acfeb0debf2b8ee70b46c046fa -> 
  custom:scripting/monoscript/fileName/RunItemContext.cs: efefd8ae99d1ef552ffd46e4466293bd -> bb4ef75ce860de201ddb04b582034b5c
  custom:audio-encoder-webm-vorbis: bf7c407c2cedff20999df2af8eb42d56 -> 
  custom:scripting/monoscript/fileName/CCTVScanner.cs: f07b35ed66aa3c4c3b1688f93adbf95f -> 
  custom:scripting/monoscript/fileName/SystemConvertersEditor.cs: b157cb077fe6af3401a860fcac0dab41 -> c127c1335f24b77ca70195bf2136c6a2
========================================================================
Received Prepare
Caller must complete domain reload
Begin MonoManager ReloadAssembly
Thread 0x17f783000 may have been prematurely finalized
- Loaded All Assemblies, in  0.231 seconds
Native extension for WindowsStandalone target not found
Native extension for iOS target not found
Native extension for Android target not found
Native extension for OSXStandalone target not found
Native extension for WebGL target not found
Mono: successfully reloaded assembly
- Finished resetting the current domain, in  0.531 seconds
Domain Reload Profiling: 762ms
	BeginReloadAssembly (81ms)
		ExecutionOrderSort (0ms)
		DisableScriptedObjects (2ms)
		BackupInstance (0ms)
		ReleaseScriptingObjects (0ms)
		CreateAndSetChildDomain (28ms)
	RebuildCommonClasses (21ms)
	RebuildNativeTypeToScriptingClass (8ms)
	initialDomainReloadingComplete (12ms)
	LoadAllAssembliesAndSetupDomain (109ms)
		LoadAssemblies (125ms)
		RebuildTransferFunctionScriptingTraits (0ms)
		AnalyzeDomain (13ms)
			TypeCache.Refresh (5ms)
				TypeCache.ScanAssembly (0ms)
			ScanForSourceGeneratedMonoScriptInfo (0ms)
			ResolveRequiredComponents (8ms)
	FinalizeReload (532ms)
		ReleaseScriptCaches (0ms)
		RebuildScriptCaches (0ms)
		SetupLoadedEditorAssemblies (279ms)
			LogAssemblyErrors (0ms)
			InitializePlatformSupportModulesInManaged (19ms)
			SetLoadedEditorAssemblies (4ms)
			RefreshPlugins (0ms)
			BeforeProcessingInitializeOnLoad (51ms)
			ProcessInitializeOnLoadAttributes (167ms)
			ProcessInitializeOnLoadMethodAttributes (37ms)
			AfterProcessingInitializeOnLoad (1ms)
			EditorAssembliesLoaded (0ms)
		ExecutionOrderSort2 (0ms)
		AwakeInstancesAfterBackupRestoration (4ms)
Refreshing native plugins compatible for Editor in 1.04 ms, found 2 plugins.
Preloading 0 native plugins for Editor in 0.00 ms.
Unloading 5155 Unused Serialized files (Serialized files now loaded: 0)
Unloading 26 unused Assets / (0.7 MB). Loaded Objects now: 5866.
Memory consumption went from 242.6 MB to 242.0 MB.
Total: 2.426292 ms (FindLiveObjects: 0.158958 ms CreateObjectMapping: 0.060042 ms MarkObjects: 2.058666 ms  DeleteObjects: 0.148042 ms)

Prepare: number of updated asset objects reloaded= 0
AssetImportParameters requested are different than current active one (requested -> active):
  custom:scripting/monoscript/fileName/NavMeshSurface.cs: 6ef652ad69ea88173bf35c557b9dddbd -> 34aebd278d8d3d5db6b23265b9c700f9
  custom:container-demuxer-ogg: 62fdf1f143b41e24485cea50d1cbac27 -> 
  custom:scripting/monoscript/fileName/NavMeshModifierVolumeEditor.cs: 5dc38ce975f8531f0c32b6103abe4b3a -> 262a50135a116189426aa01c964a744c
  custom:scripting/monoscript/fileName/NavigationOverlay.cs: c5a44226873678a0cb60da52538c2f49 -> 2744f4e7946ebbb71339c9b1ce538d00
  custom:scripting/monoscript/fileName/ConverterItemDescriptor.cs: 994a2a840cbf21580524a5ee48ba943a -> ce581e054faf450c31196535a41f95f6
  custom:scripting/monoscript/fileName/BuiltInToNavMeshSurfaceConverterContainer.cs: c211ada32dadd57d744f821bc5284c6c -> c40a906f9f99ea8a6c5aaa215767017f
  custom:video-decoder-ogg-theora: a1e56fd34408186e4bbccfd4996cb3dc -> 
  custom:scripting/monoscript/fileName/NavigationWindow.cs: 1279a85ab048fbed97c5121b62728812 -> 7884404b71178f59d8819c380b951d7c
  custom:scripting/monoscript/fileName/NavMeshComponentsGUIUtility.cs: 031a331373bebd0dbd0914421ec4dc78 -> 08c52049b94db52661003d42fda4ecff
  custom:scripting/monoscript/fileName/ConverterItemInfo.cs: ac42f0e17844a33779eab11e15959d0e -> f61437cbb7953fbfeff62301ac8e3fd0
  custom:CustomObjectIndexerAttribute: 72b91833f83ae208fae7752999fa3104 -> 
  custom:scripting/monoscript/fileName/NavMeshAssetManager.cs: e08a0378c721f1f25bd22088f2f1c57f -> 79eb4858c2054289cd611249ab36b0a5
  custom:scripting/monoscript/fileName/NavMeshSurfaceEditor.cs: facd6a0c9776c7d71689d1aab9819f46 -> adb1294e971eab992abc2e3e7e051565
  custom:container-demuxer-webm: 4f35f7cbe854078d1ac9338744f61a02 -> 
  custom:scripting/monoscript/fileName/NavMeshModifierVolume.cs: 6bd7a278588de5bdfc0e671df1a878df -> 8dc531216c72b86c60b86e16ff3da10b
  custom:scripting/monoscript/fileName/NavMeshUpdaterUtility.cs: 8ab501a5bf03f031c19b40f7668c1641 -> 5eb03802e6dba19b3e13aaf384805cac
  custom:scripting/monoscript/fileName/NavigationPreferences.cs: 0363b64d3a7a7e0cf24ac21ff2a55693 -> ada9399a4f085d4c824cc06527e7fcae
  custom:scripting/monoscript/fileName/Director.cs: 5eb3d142590217f41c4d62b1c8a29dc7 -> a640d0f47f78a7e4ebb57403003e2bbb
  custom:scripting/monoscript/fileName/NavMeshUpdaterEditor.cs: 50121c23ec79e7ac6c70dd99f719297f -> 169704080eda430978bba61ddedeb304
  custom:scripting/monoscript/fileName/NavMeshModifierEditor.cs: 64d96048d1ecb52c13f79fe460520c53 -> b8675d28116f43f78881455a7301fe8c
  custom:container-muxer-webm: aa71ff27fc2769a1b78a27578f13a17b -> 
  custom:video-decoder-webm-vp8: 9c59270c3fd7afecdb556c50c9e8de78 -> 
  custom:scripting/monoscript/fileName/HelpUrls.cs: 2ab62bc7616e1f75bb9eaa819a355c35 -> c1a90585e3e9c9d25f58f9141655f24f
  custom:scripting/monoscript/fileName/EditorStyles.cs: 11ab1db9e92fdf6f91f7e4f8529bd1fd -> 86b9f4d8fe570a8d8295bfc466c975cf
  custom:SearchIndexIgnoredProperties: e643bd26f0fe6173181afceb89e7c659 -> 
  custom:scripting/monoscript/fileName/NavMeshLinkEditor.cs: db5b506298670e15595eb17639342f60 -> aed8ae070d922149bb2ba3de06889ff6
  custom:AudioImporter_EditorPlatform: 3918e3fc78b5a79bad01e8451be0beb8 -> 
  custom:scripting/monoscript/fileName/NavMeshModifier.cs: 9f2f9ac4a63518769861a9fe3fc49054 -> 99ae5ed91bb784edc4f8312d7de046da
  custom:scripting/monoscript/fileName/IDangerTarget.cs: 0c873814c455377db02d26747af107f7 -> 241d303714f1488ee23fa75bf711b2e7
  custom:scripting/monoscript/fileName/NavMeshSceneConverter.cs: 6496c5f8eec789f0b87d8b24a60b77ce -> baf486a1c1cdf03a3111dd113d13c2f4
  custom:scripting/monoscript/fileName/SystemConverterContainer.cs: bdec785a88883dec09abdd8ddca1fdd8 -> eb4026ea01a117ce0888f693e9eed2cd
  custom:scripting/monoscript/fileName/NavMeshLink.cs: d553acf56818ed54adbed2f21967e3cd -> 0b3d0eeb07ab57d259e8f9365538df09
  custom:framework-osx-AVFoundation: e770b220cccbd017edd2c1fefb359320 -> 
  custom:scripting/monoscript/fileName/ObsoleteNavigationWindowMenuEntry.cs: 4e6e880c198acc644c2491c8b716b9b6 -> c7f73386e6473f401a8e4151cac4e1e5
  custom:scripting/monoscript/fileName/InitializeConverterContext.cs: 50a04ff198dcd709e5450f3b9d7061b1 -> a45c5db80ce634a6cb9d0945b8b3954d
  custom:scripting/monoscript/fileName/SystemConverter.cs: 7cde37e2d29752cb5e16f9b46b9ba9df -> c748d1769fc66e95256254a1cc1497f3
  custom:video-encoder-webm-vp8: eb34c28f22e8b96e1ab97ce403110664 -> 
  custom:audio-decoder-ogg-vorbis: bf7c407c2cedff20999df2af8eb42d56 -> 
  custom:scripting/monoscript/fileName/Principal.cs: a0aeb8acfeb0debf2b8ee70b46c046fa -> 
  custom:scripting/monoscript/fileName/RunItemContext.cs: efefd8ae99d1ef552ffd46e4466293bd -> bb4ef75ce860de201ddb04b582034b5c
  custom:audio-encoder-webm-vorbis: bf7c407c2cedff20999df2af8eb42d56 -> 
  custom:scripting/monoscript/fileName/CCTVScanner.cs: f07b35ed66aa3c4c3b1688f93adbf95f -> 
  custom:scripting/monoscript/fileName/SystemConvertersEditor.cs: b157cb077fe6af3401a860fcac0dab41 -> c127c1335f24b77ca70195bf2136c6a2
