Unity Editor version:    2022.3.47f1 (88c277b85d21)
Branch:                  2022.3/staging
Build type:              Release
Batch mode:              YES
macOS version:           Version 13.6.7 (Build 22G720)
Darwin version:          22.6.0
Architecture:            arm64
Running under Rosetta:   NO
Available memory:        32768 MB
Using pre-set license
Pro License: YES

COMMAND LINE ARGUMENTS:
/Applications/Unity/Hub/Editor/2022.3.47f1/Unity.app/Contents/MacOS/Unity
-adb2
-batchMode
-noUpm
-name
AssetImportWorker3
-projectPath
/Users/jongha/Documents/GitHub/DelRev/DelRev
-logFile
Logs/AssetImportWorker3.log
-srvPort
49267
Successfully changed project path to: /Users/jongha/Documents/GitHub/DelRev/DelRev
/Users/jongha/Documents/GitHub/DelRev/DelRev
[UnityMemory] Configuration Parameters - Can be set up in boot.config
    "memorysetup-bucket-allocator-granularity=16"
    "memorysetup-bucket-allocator-bucket-count=8"
    "memorysetup-bucket-allocator-block-size=33554432"
    "memorysetup-bucket-allocator-block-count=8"
    "memorysetup-main-allocator-block-size=16777216"
    "memorysetup-thread-allocator-block-size=16777216"
    "memorysetup-gfx-main-allocator-block-size=16777216"
    "memorysetup-gfx-thread-allocator-block-size=16777216"
    "memorysetup-cache-allocator-block-size=4194304"
    "memorysetup-typetree-allocator-block-size=2097152"
    "memorysetup-profiler-bucket-allocator-granularity=16"
    "memorysetup-profiler-bucket-allocator-bucket-count=8"
    "memorysetup-profiler-bucket-allocator-block-size=33554432"
    "memorysetup-profiler-bucket-allocator-block-count=8"
    "memorysetup-profiler-allocator-block-size=16777216"
    "memorysetup-profiler-editor-allocator-block-size=1048576"
    "memorysetup-temp-allocator-size-main=16777216"
    "memorysetup-job-temp-allocator-block-size=2097152"
    "memorysetup-job-temp-allocator-block-size-background=1048576"
    "memorysetup-job-temp-allocator-reduction-small-platforms=262144"
    "memorysetup-allocator-temp-initial-block-size-main=262144"
    "memorysetup-allocator-temp-initial-block-size-worker=262144"
    "memorysetup-temp-allocator-size-background-worker=32768"
    "memorysetup-temp-allocator-size-job-worker=262144"
    "memorysetup-temp-allocator-size-preload-manager=33554432"
    "memorysetup-temp-allocator-size-nav-mesh-worker=65536"
    "memorysetup-temp-allocator-size-audio-worker=65536"
    "memorysetup-temp-allocator-size-cloud-worker=32768"
    "memorysetup-temp-allocator-size-gi-baking-worker=262144"
    "memorysetup-temp-allocator-size-gfx=262144"
Player connection [8121590016]  Target information:

Player connection [8121590016]  * "[IP] 192.168.35.131 [Port] 0 [Flags] 2 [Guid] 1930549576 [EditorId] 1930549576 [Version] 1048832 [Id] OSXEditor(0,ijonghaui-MacBookPro.local) [Debug] 1 [PackageName] OSXEditor [ProjectName] Editor" 

Player connection [8121590016] Host joined multi-casting on [225.0.0.222:54997]...
Player connection [8121590016] Host joined alternative multi-casting on [225.0.0.222:34997]...
[PhysX] Initialized MultithreadedTaskDispatcher with 10 workers.
Refreshing native plugins compatible for Editor in 4.01 ms, found 2 plugins.
Preloading 0 native plugins for Editor in 0.00 ms.
Initialize engine version: 2022.3.47f1 (88c277b85d21)
[Subsystems] Discovering subsystems at path /Applications/Unity/Hub/Editor/2022.3.47f1/Unity.app/Contents/Resources/UnitySubsystems
[Subsystems] Discovering subsystems at path /Users/jongha/Documents/GitHub/DelRev/DelRev/Assets
GfxDevice: creating device client; threaded=0; jobified=0
 preferred device: Apple M1 Max (high power)
Metal devices available: 1
0: Apple M1 Max (high power)
Using device Apple M1 Max (high power)
Initializing Metal device caps: Apple M1 Max
Initialize mono
Mono path[0] = '/Applications/Unity/Hub/Editor/2022.3.47f1/Unity.app/Contents/Managed'
Mono path[1] = '/Applications/Unity/Hub/Editor/2022.3.47f1/Unity.app/Contents/MonoBleedingEdge/lib/mono/unityjit-macos'
Mono config path = '/Applications/Unity/Hub/Editor/2022.3.47f1/Unity.app/Contents/MonoBleedingEdge/etc'
Using monoOptions --debugger-agent=transport=dt_socket,embedding=1,server=y,suspend=n,address=127.0.0.1:56209
Begin MonoManager ReloadAssembly
Registering precompiled unity dll's ...
Register platform support module: /Applications/Unity/Hub/Editor/2022.3.47f1/PlaybackEngines/WebGLSupport/UnityEditor.WebGL.Extensions.dll
Register platform support module: /Applications/Unity/Hub/Editor/2022.3.47f1/Unity.app/Contents/PlaybackEngines/MacStandaloneSupport/UnityEditor.OSXStandalone.Extensions.dll
Register platform support module: /Applications/Unity/Hub/Editor/2022.3.47f1/PlaybackEngines/AndroidPlayer/UnityEditor.Android.Extensions.dll
Register platform support module: /Applications/Unity/Hub/Editor/2022.3.47f1/PlaybackEngines/iOSSupport/UnityEditor.iOS.Extensions.dll
Register platform support module: /Applications/Unity/Hub/Editor/2022.3.47f1/PlaybackEngines/WindowsStandaloneSupport/UnityEditor.WindowsStandalone.Extensions.dll
Registered in 0.002685 seconds.
- Loaded All Assemblies, in  0.242 seconds
Native extension for WindowsStandalone target not found
[usbmuxd] Start listen thread
[usbmuxd] Listen thread started
[usbmuxd] Send listen message
Native extension for iOS target not found
Native extension for Android target not found
Android Extension - Scanning For ADB Devices 82 ms
Native extension for OSXStandalone target not found
Native extension for WebGL target not found
Mono: successfully reloaded assembly
- Finished resetting the current domain, in  0.332 seconds
Domain Reload Profiling: 574ms
	BeginReloadAssembly (46ms)
		ExecutionOrderSort (0ms)
		DisableScriptedObjects (0ms)
		BackupInstance (0ms)
		ReleaseScriptingObjects (0ms)
		CreateAndSetChildDomain (0ms)
	RebuildCommonClasses (28ms)
	RebuildNativeTypeToScriptingClass (9ms)
	initialDomainReloadingComplete (36ms)
	LoadAllAssembliesAndSetupDomain (122ms)
		LoadAssemblies (46ms)
		RebuildTransferFunctionScriptingTraits (0ms)
		AnalyzeDomain (121ms)
			TypeCache.Refresh (120ms)
				TypeCache.ScanAssembly (110ms)
			ScanForSourceGeneratedMonoScriptInfo (0ms)
			ResolveRequiredComponents (0ms)
	FinalizeReload (332ms)
		ReleaseScriptCaches (0ms)
		RebuildScriptCaches (0ms)
		SetupLoadedEditorAssemblies (296ms)
			LogAssemblyErrors (0ms)
			InitializePlatformSupportModulesInManaged (188ms)
			SetLoadedEditorAssemblies (3ms)
			RefreshPlugins (0ms)
			BeforeProcessingInitializeOnLoad (1ms)
			ProcessInitializeOnLoadAttributes (74ms)
			ProcessInitializeOnLoadMethodAttributes (29ms)
			AfterProcessingInitializeOnLoad (0ms)
			EditorAssembliesLoaded (0ms)
		ExecutionOrderSort2 (0ms)
		AwakeInstancesAfterBackupRestoration (0ms)
========================================================================
Worker process is ready to serve import requests
Caller must complete domain reload
Begin MonoManager ReloadAssembly
- Loaded All Assemblies, in  0.650 seconds
Native extension for WindowsStandalone target not found
Native extension for iOS target not found
Native extension for Android target not found
Native extension for OSXStandalone target not found
Native extension for WebGL target not found
Mono: successfully reloaded assembly
- Finished resetting the current domain, in  0.523 seconds
Domain Reload Profiling: 1174ms
	BeginReloadAssembly (152ms)
		ExecutionOrderSort (0ms)
		DisableScriptedObjects (8ms)
		BackupInstance (0ms)
		ReleaseScriptingObjects (0ms)
		CreateAndSetChildDomain (41ms)
	RebuildCommonClasses (29ms)
	RebuildNativeTypeToScriptingClass (9ms)
	initialDomainReloadingComplete (37ms)
	LoadAllAssembliesAndSetupDomain (423ms)
		LoadAssemblies (285ms)
		RebuildTransferFunctionScriptingTraits (0ms)
		AnalyzeDomain (199ms)
			TypeCache.Refresh (176ms)
				TypeCache.ScanAssembly (158ms)
			ScanForSourceGeneratedMonoScriptInfo (14ms)
			ResolveRequiredComponents (8ms)
	FinalizeReload (523ms)
		ReleaseScriptCaches (0ms)
		RebuildScriptCaches (0ms)
		SetupLoadedEditorAssemblies (386ms)
			LogAssemblyErrors (0ms)
			InitializePlatformSupportModulesInManaged (19ms)
			SetLoadedEditorAssemblies (4ms)
			RefreshPlugins (0ms)
			BeforeProcessingInitializeOnLoad (57ms)
			ProcessInitializeOnLoadAttributes (259ms)
			ProcessInitializeOnLoadMethodAttributes (45ms)
			AfterProcessingInitializeOnLoad (1ms)
			EditorAssembliesLoaded (0ms)
		ExecutionOrderSort2 (0ms)
		AwakeInstancesAfterBackupRestoration (3ms)
Launching external process: /Applications/Unity/Hub/Editor/2022.3.47f1/Unity.app/Contents/Tools/UnityShaderCompiler
Launched and connected shader compiler UnityShaderCompiler after 0.05 seconds
Refreshing native plugins compatible for Editor in 2.04 ms, found 2 plugins.
Preloading 0 native plugins for Editor in 0.00 ms.
Unloading 5345 Unused Serialized files (Serialized files now loaded: 0)
Unloading 31 unused Assets / (0.7 MB). Loaded Objects now: 5822.
Memory consumption went from 247.2 MB to 246.5 MB.
Total: 5.040584 ms (FindLiveObjects: 0.431083 ms CreateObjectMapping: 0.090709 ms MarkObjects: 3.834792 ms  DeleteObjects: 0.683542 ms)

AssetImportParameters requested are different than current active one (requested -> active):
  custom:scripting/monoscript/fileName/NavMeshSurface.cs: 6ef652ad69ea88173bf35c557b9dddbd -> 34aebd278d8d3d5db6b23265b9c700f9
  custom:container-demuxer-ogg: 62fdf1f143b41e24485cea50d1cbac27 -> 
  custom:scripting/monoscript/fileName/NavMeshModifierVolumeEditor.cs: 5dc38ce975f8531f0c32b6103abe4b3a -> 262a50135a116189426aa01c964a744c
  custom:scripting/monoscript/fileName/NavigationOverlay.cs: c5a44226873678a0cb60da52538c2f49 -> 2744f4e7946ebbb71339c9b1ce538d00
  custom:scripting/monoscript/fileName/ConverterItemDescriptor.cs: 994a2a840cbf21580524a5ee48ba943a -> ce581e054faf450c31196535a41f95f6
  custom:scripting/monoscript/fileName/BuiltInToNavMeshSurfaceConverterContainer.cs: c211ada32dadd57d744f821bc5284c6c -> c40a906f9f99ea8a6c5aaa215767017f
  custom:video-decoder-ogg-theora: a1e56fd34408186e4bbccfd4996cb3dc -> 
  custom:scripting/monoscript/fileName/NavigationWindow.cs: 1279a85ab048fbed97c5121b62728812 -> 7884404b71178f59d8819c380b951d7c
  custom:scripting/monoscript/fileName/NavMeshComponentsGUIUtility.cs: 031a331373bebd0dbd0914421ec4dc78 -> 08c52049b94db52661003d42fda4ecff
  custom:scripting/monoscript/fileName/ConverterItemInfo.cs: ac42f0e17844a33779eab11e15959d0e -> f61437cbb7953fbfeff62301ac8e3fd0
  custom:CustomObjectIndexerAttribute: 72b91833f83ae208fae7752999fa3104 -> 
  custom:scripting/monoscript/fileName/NavMeshAssetManager.cs: e08a0378c721f1f25bd22088f2f1c57f -> 79eb4858c2054289cd611249ab36b0a5
  custom:scripting/monoscript/fileName/NavMeshSurfaceEditor.cs: facd6a0c9776c7d71689d1aab9819f46 -> adb1294e971eab992abc2e3e7e051565
  custom:container-demuxer-webm: 4f35f7cbe854078d1ac9338744f61a02 -> 
  custom:scripting/monoscript/fileName/NavMeshModifierVolume.cs: 6bd7a278588de5bdfc0e671df1a878df -> 8dc531216c72b86c60b86e16ff3da10b
  custom:scripting/monoscript/fileName/NavMeshUpdaterUtility.cs: 8ab501a5bf03f031c19b40f7668c1641 -> 5eb03802e6dba19b3e13aaf384805cac
  custom:scripting/monoscript/fileName/NavigationPreferences.cs: 0363b64d3a7a7e0cf24ac21ff2a55693 -> ada9399a4f085d4c824cc06527e7fcae
  custom:scripting/monoscript/fileName/Director.cs: 5eb3d142590217f41c4d62b1c8a29dc7 -> a640d0f47f78a7e4ebb57403003e2bbb
  custom:scripting/monoscript/fileName/NavMeshUpdaterEditor.cs: 50121c23ec79e7ac6c70dd99f719297f -> 169704080eda430978bba61ddedeb304
  custom:scripting/monoscript/fileName/NavMeshModifierEditor.cs: 64d96048d1ecb52c13f79fe460520c53 -> b8675d28116f43f78881455a7301fe8c
  custom:container-muxer-webm: aa71ff27fc2769a1b78a27578f13a17b -> 
  custom:video-decoder-webm-vp8: 9c59270c3fd7afecdb556c50c9e8de78 -> 
  custom:scripting/monoscript/fileName/HelpUrls.cs: 2ab62bc7616e1f75bb9eaa819a355c35 -> c1a90585e3e9c9d25f58f9141655f24f
  custom:scripting/monoscript/fileName/EditorStyles.cs: 11ab1db9e92fdf6f91f7e4f8529bd1fd -> 86b9f4d8fe570a8d8295bfc466c975cf
  custom:SearchIndexIgnoredProperties: e643bd26f0fe6173181afceb89e7c659 -> 
  custom:scripting/monoscript/fileName/NavMeshLinkEditor.cs: db5b506298670e15595eb17639342f60 -> aed8ae070d922149bb2ba3de06889ff6
  custom:AudioImporter_EditorPlatform: 3918e3fc78b5a79bad01e8451be0beb8 -> 
  custom:scripting/monoscript/fileName/NavMeshModifier.cs: 9f2f9ac4a63518769861a9fe3fc49054 -> 99ae5ed91bb784edc4f8312d7de046da
  custom:scripting/monoscript/fileName/IDangerTarget.cs: 0c873814c455377db02d26747af107f7 -> 241d303714f1488ee23fa75bf711b2e7
  custom:scripting/monoscript/fileName/NavMeshSceneConverter.cs: 6496c5f8eec789f0b87d8b24a60b77ce -> baf486a1c1cdf03a3111dd113d13c2f4
  custom:scripting/monoscript/fileName/SystemConverterContainer.cs: bdec785a88883dec09abdd8ddca1fdd8 -> eb4026ea01a117ce0888f693e9eed2cd
  custom:scripting/monoscript/fileName/NavMeshLink.cs: d553acf56818ed54adbed2f21967e3cd -> 0b3d0eeb07ab57d259e8f9365538df09
  custom:framework-osx-AVFoundation: e770b220cccbd017edd2c1fefb359320 -> 
  custom:scripting/monoscript/fileName/ObsoleteNavigationWindowMenuEntry.cs: 4e6e880c198acc644c2491c8b716b9b6 -> c7f73386e6473f401a8e4151cac4e1e5
  custom:scripting/monoscript/fileName/InitializeConverterContext.cs: 50a04ff198dcd709e5450f3b9d7061b1 -> a45c5db80ce634a6cb9d0945b8b3954d
  custom:scripting/monoscript/fileName/SystemConverter.cs: 7cde37e2d29752cb5e16f9b46b9ba9df -> c748d1769fc66e95256254a1cc1497f3
  custom:video-encoder-webm-vp8: eb34c28f22e8b96e1ab97ce403110664 -> 
  custom:audio-decoder-ogg-vorbis: bf7c407c2cedff20999df2af8eb42d56 -> 
  custom:scripting/monoscript/fileName/Principal.cs: a0aeb8acfeb0debf2b8ee70b46c046fa -> 
  custom:scripting/monoscript/fileName/RunItemContext.cs: efefd8ae99d1ef552ffd46e4466293bd -> bb4ef75ce860de201ddb04b582034b5c
  custom:audio-encoder-webm-vorbis: bf7c407c2cedff20999df2af8eb42d56 -> 
  custom:scripting/monoscript/fileName/CCTVScanner.cs: f07b35ed66aa3c4c3b1688f93adbf95f -> 
  custom:scripting/monoscript/fileName/SystemConvertersEditor.cs: b157cb077fe6af3401a860fcac0dab41 -> c127c1335f24b77ca70195bf2136c6a2
========================================================================
Received Prepare
Caller must complete domain reload
Begin MonoManager ReloadAssembly
Thread 0x2b1f87000 may have been prematurely finalized
- Loaded All Assemblies, in  0.308 seconds
Native extension for WindowsStandalone target not found
Native extension for iOS target not found
Native extension for Android target not found
Native extension for OSXStandalone target not found
Native extension for WebGL target not found
Mono: successfully reloaded assembly
- Finished resetting the current domain, in  0.896 seconds
Domain Reload Profiling: 1203ms
	BeginReloadAssembly (110ms)
		ExecutionOrderSort (0ms)
		DisableScriptedObjects (4ms)
		BackupInstance (0ms)
		ReleaseScriptingObjects (0ms)
		CreateAndSetChildDomain (46ms)
	RebuildCommonClasses (27ms)
	RebuildNativeTypeToScriptingClass (9ms)
	initialDomainReloadingComplete (16ms)
	LoadAllAssembliesAndSetupDomain (146ms)
		LoadAssemblies (144ms)
		RebuildTransferFunctionScriptingTraits (0ms)
		AnalyzeDomain (35ms)
			TypeCache.Refresh (10ms)
				TypeCache.ScanAssembly (2ms)
			ScanForSourceGeneratedMonoScriptInfo (15ms)
			ResolveRequiredComponents (8ms)
	FinalizeReload (896ms)
		ReleaseScriptCaches (0ms)
		RebuildScriptCaches (0ms)
		SetupLoadedEditorAssemblies (287ms)
			LogAssemblyErrors (0ms)
			InitializePlatformSupportModulesInManaged (18ms)
			SetLoadedEditorAssemblies (4ms)
			RefreshPlugins (0ms)
			BeforeProcessingInitializeOnLoad (53ms)
			ProcessInitializeOnLoadAttributes (172ms)
			ProcessInitializeOnLoadMethodAttributes (38ms)
			AfterProcessingInitializeOnLoad (1ms)
			EditorAssembliesLoaded (0ms)
		ExecutionOrderSort2 (0ms)
		AwakeInstancesAfterBackupRestoration (5ms)
Refreshing native plugins compatible for Editor in 1.32 ms, found 2 plugins.
Preloading 0 native plugins for Editor in 0.00 ms.
Unloading 5155 Unused Serialized files (Serialized files now loaded: 0)
Unloading 26 unused Assets / (0.7 MB). Loaded Objects now: 5826.
Memory consumption went from 213.8 MB to 213.2 MB.
Total: 2.474041 ms (FindLiveObjects: 0.165125 ms CreateObjectMapping: 0.058708 ms MarkObjects: 2.081417 ms  DeleteObjects: 0.168041 ms)

Prepare: number of updated asset objects reloaded= 0
AssetImportParameters requested are different than current active one (requested -> active):
  custom:scripting/monoscript/fileName/NavMeshSurface.cs: 6ef652ad69ea88173bf35c557b9dddbd -> 34aebd278d8d3d5db6b23265b9c700f9
  custom:container-demuxer-ogg: 62fdf1f143b41e24485cea50d1cbac27 -> 
  custom:scripting/monoscript/fileName/NavMeshModifierVolumeEditor.cs: 5dc38ce975f8531f0c32b6103abe4b3a -> 262a50135a116189426aa01c964a744c
  custom:scripting/monoscript/fileName/NavigationOverlay.cs: c5a44226873678a0cb60da52538c2f49 -> 2744f4e7946ebbb71339c9b1ce538d00
  custom:scripting/monoscript/fileName/ConverterItemDescriptor.cs: 994a2a840cbf21580524a5ee48ba943a -> ce581e054faf450c31196535a41f95f6
  custom:scripting/monoscript/fileName/BuiltInToNavMeshSurfaceConverterContainer.cs: c211ada32dadd57d744f821bc5284c6c -> c40a906f9f99ea8a6c5aaa215767017f
  custom:video-decoder-ogg-theora: a1e56fd34408186e4bbccfd4996cb3dc -> 
  custom:scripting/monoscript/fileName/NavigationWindow.cs: 1279a85ab048fbed97c5121b62728812 -> 7884404b71178f59d8819c380b951d7c
  custom:scripting/monoscript/fileName/NavMeshComponentsGUIUtility.cs: 031a331373bebd0dbd0914421ec4dc78 -> 08c52049b94db52661003d42fda4ecff
  custom:scripting/monoscript/fileName/ConverterItemInfo.cs: ac42f0e17844a33779eab11e15959d0e -> f61437cbb7953fbfeff62301ac8e3fd0
  custom:CustomObjectIndexerAttribute: 72b91833f83ae208fae7752999fa3104 -> 
  custom:scripting/monoscript/fileName/NavMeshAssetManager.cs: e08a0378c721f1f25bd22088f2f1c57f -> 79eb4858c2054289cd611249ab36b0a5
  custom:scripting/monoscript/fileName/NavMeshSurfaceEditor.cs: facd6a0c9776c7d71689d1aab9819f46 -> adb1294e971eab992abc2e3e7e051565
  custom:container-demuxer-webm: 4f35f7cbe854078d1ac9338744f61a02 -> 
  custom:scripting/monoscript/fileName/NavMeshModifierVolume.cs: 6bd7a278588de5bdfc0e671df1a878df -> 8dc531216c72b86c60b86e16ff3da10b
  custom:scripting/monoscript/fileName/NavMeshUpdaterUtility.cs: 8ab501a5bf03f031c19b40f7668c1641 -> 5eb03802e6dba19b3e13aaf384805cac
  custom:scripting/monoscript/fileName/NavigationPreferences.cs: 0363b64d3a7a7e0cf24ac21ff2a55693 -> ada9399a4f085d4c824cc06527e7fcae
  custom:scripting/monoscript/fileName/Director.cs: 5eb3d142590217f41c4d62b1c8a29dc7 -> a640d0f47f78a7e4ebb57403003e2bbb
  custom:scripting/monoscript/fileName/NavMeshUpdaterEditor.cs: 50121c23ec79e7ac6c70dd99f719297f -> 169704080eda430978bba61ddedeb304
  custom:scripting/monoscript/fileName/NavMeshModifierEditor.cs: 64d96048d1ecb52c13f79fe460520c53 -> b8675d28116f43f78881455a7301fe8c
  custom:container-muxer-webm: aa71ff27fc2769a1b78a27578f13a17b -> 
  custom:video-decoder-webm-vp8: 9c59270c3fd7afecdb556c50c9e8de78 -> 
  custom:scripting/monoscript/fileName/HelpUrls.cs: 2ab62bc7616e1f75bb9eaa819a355c35 -> c1a90585e3e9c9d25f58f9141655f24f
  custom:scripting/monoscript/fileName/EditorStyles.cs: 11ab1db9e92fdf6f91f7e4f8529bd1fd -> 86b9f4d8fe570a8d8295bfc466c975cf
  custom:SearchIndexIgnoredProperties: e643bd26f0fe6173181afceb89e7c659 -> 
  custom:scripting/monoscript/fileName/NavMeshLinkEditor.cs: db5b506298670e15595eb17639342f60 -> aed8ae070d922149bb2ba3de06889ff6
  custom:AudioImporter_EditorPlatform: 3918e3fc78b5a79bad01e8451be0beb8 -> 
  custom:scripting/monoscript/fileName/NavMeshModifier.cs: 9f2f9ac4a63518769861a9fe3fc49054 -> 99ae5ed91bb784edc4f8312d7de046da
  custom:scripting/monoscript/fileName/IDangerTarget.cs: 0c873814c455377db02d26747af107f7 -> 241d303714f1488ee23fa75bf711b2e7
  custom:scripting/monoscript/fileName/NavMeshSceneConverter.cs: 6496c5f8eec789f0b87d8b24a60b77ce -> baf486a1c1cdf03a3111dd113d13c2f4
  custom:scripting/monoscript/fileName/SystemConverterContainer.cs: bdec785a88883dec09abdd8ddca1fdd8 -> eb4026ea01a117ce0888f693e9eed2cd
  custom:scripting/monoscript/fileName/NavMeshLink.cs: d553acf56818ed54adbed2f21967e3cd -> 0b3d0eeb07ab57d259e8f9365538df09
  custom:framework-osx-AVFoundation: e770b220cccbd017edd2c1fefb359320 -> 
  custom:scripting/monoscript/fileName/ObsoleteNavigationWindowMenuEntry.cs: 4e6e880c198acc644c2491c8b716b9b6 -> c7f73386e6473f401a8e4151cac4e1e5
  custom:scripting/monoscript/fileName/InitializeConverterContext.cs: 50a04ff198dcd709e5450f3b9d7061b1 -> a45c5db80ce634a6cb9d0945b8b3954d
  custom:scripting/monoscript/fileName/SystemConverter.cs: 7cde37e2d29752cb5e16f9b46b9ba9df -> c748d1769fc66e95256254a1cc1497f3
  custom:video-encoder-webm-vp8: eb34c28f22e8b96e1ab97ce403110664 -> 
  custom:audio-decoder-ogg-vorbis: bf7c407c2cedff20999df2af8eb42d56 -> 
  custom:scripting/monoscript/fileName/Principal.cs: a0aeb8acfeb0debf2b8ee70b46c046fa -> 
  custom:scripting/monoscript/fileName/RunItemContext.cs: efefd8ae99d1ef552ffd46e4466293bd -> bb4ef75ce860de201ddb04b582034b5c
  custom:audio-encoder-webm-vorbis: bf7c407c2cedff20999df2af8eb42d56 -> 
  custom:scripting/monoscript/fileName/CCTVScanner.cs: f07b35ed66aa3c4c3b1688f93adbf95f -> 
  custom:scripting/monoscript/fileName/SystemConvertersEditor.cs: b157cb077fe6af3401a860fcac0dab41 -> c127c1335f24b77ca70195bf2136c6a2
========================================================================
Received Prepare
Caller must complete domain reload
Begin MonoManager ReloadAssembly
Thread 0x298e87000 may have been prematurely finalized
- Loaded All Assemblies, in  0.246 seconds
Native extension for WindowsStandalone target not found
Native extension for iOS target not found
Native extension for Android target not found
Native extension for OSXStandalone target not found
Native extension for WebGL target not found
Mono: successfully reloaded assembly
- Finished resetting the current domain, in  0.534 seconds
Domain Reload Profiling: 779ms
	BeginReloadAssembly (78ms)
		ExecutionOrderSort (0ms)
		DisableScriptedObjects (2ms)
		BackupInstance (0ms)
		ReleaseScriptingObjects (0ms)
		CreateAndSetChildDomain (24ms)
	RebuildCommonClasses (25ms)
	RebuildNativeTypeToScriptingClass (8ms)
	initialDomainReloadingComplete (13ms)
	LoadAllAssembliesAndSetupDomain (121ms)
		LoadAssemblies (135ms)
		RebuildTransferFunctionScriptingTraits (0ms)
		AnalyzeDomain (15ms)
			TypeCache.Refresh (5ms)
				TypeCache.ScanAssembly (0ms)
			ScanForSourceGeneratedMonoScriptInfo (0ms)
			ResolveRequiredComponents (8ms)
	FinalizeReload (534ms)
		ReleaseScriptCaches (0ms)
		RebuildScriptCaches (0ms)
		SetupLoadedEditorAssemblies (264ms)
			LogAssemblyErrors (0ms)
			InitializePlatformSupportModulesInManaged (16ms)
			SetLoadedEditorAssemblies (4ms)
			RefreshPlugins (0ms)
			BeforeProcessingInitializeOnLoad (50ms)
			ProcessInitializeOnLoadAttributes (159ms)
			ProcessInitializeOnLoadMethodAttributes (34ms)
			AfterProcessingInitializeOnLoad (1ms)
			EditorAssembliesLoaded (0ms)
		ExecutionOrderSort2 (0ms)
		AwakeInstancesAfterBackupRestoration (5ms)
Refreshing native plugins compatible for Editor in 1.07 ms, found 2 plugins.
Preloading 0 native plugins for Editor in 0.00 ms.
Unloading 5155 Unused Serialized files (Serialized files now loaded: 0)
Unloading 26 unused Assets / (0.7 MB). Loaded Objects now: 5830.
Memory consumption went from 216.7 MB to 216.0 MB.
Total: 2.374667 ms (FindLiveObjects: 0.159125 ms CreateObjectMapping: 0.058625 ms MarkObjects: 2.015041 ms  DeleteObjects: 0.141292 ms)

Prepare: number of updated asset objects reloaded= 0
AssetImportParameters requested are different than current active one (requested -> active):
  custom:scripting/monoscript/fileName/NavMeshSurface.cs: 6ef652ad69ea88173bf35c557b9dddbd -> 34aebd278d8d3d5db6b23265b9c700f9
  custom:container-demuxer-ogg: 62fdf1f143b41e24485cea50d1cbac27 -> 
  custom:scripting/monoscript/fileName/NavMeshModifierVolumeEditor.cs: 5dc38ce975f8531f0c32b6103abe4b3a -> 262a50135a116189426aa01c964a744c
  custom:scripting/monoscript/fileName/NavigationOverlay.cs: c5a44226873678a0cb60da52538c2f49 -> 2744f4e7946ebbb71339c9b1ce538d00
  custom:scripting/monoscript/fileName/ConverterItemDescriptor.cs: 994a2a840cbf21580524a5ee48ba943a -> ce581e054faf450c31196535a41f95f6
  custom:scripting/monoscript/fileName/BuiltInToNavMeshSurfaceConverterContainer.cs: c211ada32dadd57d744f821bc5284c6c -> c40a906f9f99ea8a6c5aaa215767017f
  custom:video-decoder-ogg-theora: a1e56fd34408186e4bbccfd4996cb3dc -> 
  custom:scripting/monoscript/fileName/NavigationWindow.cs: 1279a85ab048fbed97c5121b62728812 -> 7884404b71178f59d8819c380b951d7c
  custom:scripting/monoscript/fileName/NavMeshComponentsGUIUtility.cs: 031a331373bebd0dbd0914421ec4dc78 -> 08c52049b94db52661003d42fda4ecff
  custom:scripting/monoscript/fileName/ConverterItemInfo.cs: ac42f0e17844a33779eab11e15959d0e -> f61437cbb7953fbfeff62301ac8e3fd0
  custom:CustomObjectIndexerAttribute: 72b91833f83ae208fae7752999fa3104 -> 
  custom:scripting/monoscript/fileName/NavMeshAssetManager.cs: e08a0378c721f1f25bd22088f2f1c57f -> 79eb4858c2054289cd611249ab36b0a5
  custom:scripting/monoscript/fileName/NavMeshSurfaceEditor.cs: facd6a0c9776c7d71689d1aab9819f46 -> adb1294e971eab992abc2e3e7e051565
  custom:container-demuxer-webm: 4f35f7cbe854078d1ac9338744f61a02 -> 
  custom:scripting/monoscript/fileName/NavMeshModifierVolume.cs: 6bd7a278588de5bdfc0e671df1a878df -> 8dc531216c72b86c60b86e16ff3da10b
  custom:scripting/monoscript/fileName/NavMeshUpdaterUtility.cs: 8ab501a5bf03f031c19b40f7668c1641 -> 5eb03802e6dba19b3e13aaf384805cac
  custom:scripting/monoscript/fileName/NavigationPreferences.cs: 0363b64d3a7a7e0cf24ac21ff2a55693 -> ada9399a4f085d4c824cc06527e7fcae
  custom:scripting/monoscript/fileName/Director.cs: 5eb3d142590217f41c4d62b1c8a29dc7 -> a640d0f47f78a7e4ebb57403003e2bbb
  custom:scripting/monoscript/fileName/NavMeshUpdaterEditor.cs: 50121c23ec79e7ac6c70dd99f719297f -> 169704080eda430978bba61ddedeb304
  custom:scripting/monoscript/fileName/NavMeshModifierEditor.cs: 64d96048d1ecb52c13f79fe460520c53 -> b8675d28116f43f78881455a7301fe8c
  custom:container-muxer-webm: aa71ff27fc2769a1b78a27578f13a17b -> 
  custom:video-decoder-webm-vp8: 9c59270c3fd7afecdb556c50c9e8de78 -> 
  custom:scripting/monoscript/fileName/HelpUrls.cs: 2ab62bc7616e1f75bb9eaa819a355c35 -> c1a90585e3e9c9d25f58f9141655f24f
  custom:scripting/monoscript/fileName/EditorStyles.cs: 11ab1db9e92fdf6f91f7e4f8529bd1fd -> 86b9f4d8fe570a8d8295bfc466c975cf
  custom:SearchIndexIgnoredProperties: e643bd26f0fe6173181afceb89e7c659 -> 
  custom:scripting/monoscript/fileName/NavMeshLinkEditor.cs: db5b506298670e15595eb17639342f60 -> aed8ae070d922149bb2ba3de06889ff6
  custom:AudioImporter_EditorPlatform: 3918e3fc78b5a79bad01e8451be0beb8 -> 
  custom:scripting/monoscript/fileName/NavMeshModifier.cs: 9f2f9ac4a63518769861a9fe3fc49054 -> 99ae5ed91bb784edc4f8312d7de046da
  custom:scripting/monoscript/fileName/IDangerTarget.cs: 0c873814c455377db02d26747af107f7 -> 241d303714f1488ee23fa75bf711b2e7
  custom:scripting/monoscript/fileName/NavMeshSceneConverter.cs: 6496c5f8eec789f0b87d8b24a60b77ce -> baf486a1c1cdf03a3111dd113d13c2f4
  custom:scripting/monoscript/fileName/SystemConverterContainer.cs: bdec785a88883dec09abdd8ddca1fdd8 -> eb4026ea01a117ce0888f693e9eed2cd
  custom:scripting/monoscript/fileName/NavMeshLink.cs: d553acf56818ed54adbed2f21967e3cd -> 0b3d0eeb07ab57d259e8f9365538df09
  custom:framework-osx-AVFoundation: e770b220cccbd017edd2c1fefb359320 -> 
  custom:scripting/monoscript/fileName/ObsoleteNavigationWindowMenuEntry.cs: 4e6e880c198acc644c2491c8b716b9b6 -> c7f73386e6473f401a8e4151cac4e1e5
  custom:scripting/monoscript/fileName/InitializeConverterContext.cs: 50a04ff198dcd709e5450f3b9d7061b1 -> a45c5db80ce634a6cb9d0945b8b3954d
  custom:scripting/monoscript/fileName/SystemConverter.cs: 7cde37e2d29752cb5e16f9b46b9ba9df -> c748d1769fc66e95256254a1cc1497f3
  custom:video-encoder-webm-vp8: eb34c28f22e8b96e1ab97ce403110664 -> 
  custom:audio-decoder-ogg-vorbis: bf7c407c2cedff20999df2af8eb42d56 -> 
  custom:scripting/monoscript/fileName/Principal.cs: a0aeb8acfeb0debf2b8ee70b46c046fa -> 
  custom:scripting/monoscript/fileName/RunItemContext.cs: efefd8ae99d1ef552ffd46e4466293bd -> bb4ef75ce860de201ddb04b582034b5c
  custom:audio-encoder-webm-vorbis: bf7c407c2cedff20999df2af8eb42d56 -> 
  custom:scripting/monoscript/fileName/CCTVScanner.cs: f07b35ed66aa3c4c3b1688f93adbf95f -> 
  custom:scripting/monoscript/fileName/SystemConvertersEditor.cs: b157cb077fe6af3401a860fcac0dab41 -> c127c1335f24b77ca70195bf2136c6a2
========================================================================
Received Prepare
Caller must complete domain reload
Begin MonoManager ReloadAssembly
Thread 0x298e87000 may have been prematurely finalized
- Loaded All Assemblies, in  0.249 seconds
Native extension for WindowsStandalone target not found
Native extension for iOS target not found
Native extension for Android target not found
Native extension for OSXStandalone target not found
Native extension for WebGL target not found
Mono: successfully reloaded assembly
- Finished resetting the current domain, in  0.558 seconds
Domain Reload Profiling: 807ms
	BeginReloadAssembly (80ms)
		ExecutionOrderSort (0ms)
		DisableScriptedObjects (2ms)
		BackupInstance (0ms)
		ReleaseScriptingObjects (0ms)
		CreateAndSetChildDomain (26ms)
	RebuildCommonClasses (25ms)
	RebuildNativeTypeToScriptingClass (8ms)
	initialDomainReloadingComplete (13ms)
	LoadAllAssembliesAndSetupDomain (122ms)
		LoadAssemblies (137ms)
		RebuildTransferFunctionScriptingTraits (0ms)
		AnalyzeDomain (15ms)
			TypeCache.Refresh (5ms)
				TypeCache.ScanAssembly (0ms)
			ScanForSourceGeneratedMonoScriptInfo (0ms)
			ResolveRequiredComponents (8ms)
	FinalizeReload (558ms)
		ReleaseScriptCaches (0ms)
		RebuildScriptCaches (0ms)
		SetupLoadedEditorAssemblies (286ms)
			LogAssemblyErrors (0ms)
			InitializePlatformSupportModulesInManaged (16ms)
			SetLoadedEditorAssemblies (4ms)
			RefreshPlugins (0ms)
			BeforeProcessingInitializeOnLoad (54ms)
			ProcessInitializeOnLoadAttributes (173ms)
			ProcessInitializeOnLoadMethodAttributes (37ms)
			AfterProcessingInitializeOnLoad (1ms)
			EditorAssembliesLoaded (0ms)
		ExecutionOrderSort2 (0ms)
		AwakeInstancesAfterBackupRestoration (4ms)
Refreshing native plugins compatible for Editor in 0.93 ms, found 2 plugins.
Preloading 0 native plugins for Editor in 0.00 ms.
Unloading 5155 Unused Serialized files (Serialized files now loaded: 0)
Unloading 26 unused Assets / (0.7 MB). Loaded Objects now: 5834.
Memory consumption went from 219.5 MB to 218.9 MB.
Total: 2.349083 ms (FindLiveObjects: 0.160958 ms CreateObjectMapping: 0.058416 ms MarkObjects: 1.987709 ms  DeleteObjects: 0.141541 ms)

Prepare: number of updated asset objects reloaded= 0
AssetImportParameters requested are different than current active one (requested -> active):
  custom:scripting/monoscript/fileName/NavMeshSurface.cs: 6ef652ad69ea88173bf35c557b9dddbd -> 34aebd278d8d3d5db6b23265b9c700f9
  custom:container-demuxer-ogg: 62fdf1f143b41e24485cea50d1cbac27 -> 
  custom:scripting/monoscript/fileName/NavMeshModifierVolumeEditor.cs: 5dc38ce975f8531f0c32b6103abe4b3a -> 262a50135a116189426aa01c964a744c
  custom:scripting/monoscript/fileName/NavigationOverlay.cs: c5a44226873678a0cb60da52538c2f49 -> 2744f4e7946ebbb71339c9b1ce538d00
  custom:scripting/monoscript/fileName/ConverterItemDescriptor.cs: 994a2a840cbf21580524a5ee48ba943a -> ce581e054faf450c31196535a41f95f6
  custom:scripting/monoscript/fileName/BuiltInToNavMeshSurfaceConverterContainer.cs: c211ada32dadd57d744f821bc5284c6c -> c40a906f9f99ea8a6c5aaa215767017f
  custom:video-decoder-ogg-theora: a1e56fd34408186e4bbccfd4996cb3dc -> 
  custom:scripting/monoscript/fileName/NavigationWindow.cs: 1279a85ab048fbed97c5121b62728812 -> 7884404b71178f59d8819c380b951d7c
  custom:scripting/monoscript/fileName/NavMeshComponentsGUIUtility.cs: 031a331373bebd0dbd0914421ec4dc78 -> 08c52049b94db52661003d42fda4ecff
  custom:scripting/monoscript/fileName/ConverterItemInfo.cs: ac42f0e17844a33779eab11e15959d0e -> f61437cbb7953fbfeff62301ac8e3fd0
  custom:CustomObjectIndexerAttribute: 72b91833f83ae208fae7752999fa3104 -> 
  custom:scripting/monoscript/fileName/NavMeshAssetManager.cs: e08a0378c721f1f25bd22088f2f1c57f -> 79eb4858c2054289cd611249ab36b0a5
  custom:scripting/monoscript/fileName/NavMeshSurfaceEditor.cs: facd6a0c9776c7d71689d1aab9819f46 -> adb1294e971eab992abc2e3e7e051565
  custom:container-demuxer-webm: 4f35f7cbe854078d1ac9338744f61a02 -> 
  custom:scripting/monoscript/fileName/NavMeshModifierVolume.cs: 6bd7a278588de5bdfc0e671df1a878df -> 8dc531216c72b86c60b86e16ff3da10b
  custom:scripting/monoscript/fileName/NavMeshUpdaterUtility.cs: 8ab501a5bf03f031c19b40f7668c1641 -> 5eb03802e6dba19b3e13aaf384805cac
  custom:scripting/monoscript/fileName/NavigationPreferences.cs: 0363b64d3a7a7e0cf24ac21ff2a55693 -> ada9399a4f085d4c824cc06527e7fcae
  custom:scripting/monoscript/fileName/Director.cs: 5eb3d142590217f41c4d62b1c8a29dc7 -> a640d0f47f78a7e4ebb57403003e2bbb
  custom:scripting/monoscript/fileName/NavMeshUpdaterEditor.cs: 50121c23ec79e7ac6c70dd99f719297f -> 169704080eda430978bba61ddedeb304
  custom:scripting/monoscript/fileName/NavMeshModifierEditor.cs: 64d96048d1ecb52c13f79fe460520c53 -> b8675d28116f43f78881455a7301fe8c
  custom:container-muxer-webm: aa71ff27fc2769a1b78a27578f13a17b -> 
  custom:video-decoder-webm-vp8: 9c59270c3fd7afecdb556c50c9e8de78 -> 
  custom:scripting/monoscript/fileName/HelpUrls.cs: 2ab62bc7616e1f75bb9eaa819a355c35 -> c1a90585e3e9c9d25f58f9141655f24f
  custom:scripting/monoscript/fileName/EditorStyles.cs: 11ab1db9e92fdf6f91f7e4f8529bd1fd -> 86b9f4d8fe570a8d8295bfc466c975cf
  custom:SearchIndexIgnoredProperties: e643bd26f0fe6173181afceb89e7c659 -> 
  custom:scripting/monoscript/fileName/NavMeshLinkEditor.cs: db5b506298670e15595eb17639342f60 -> aed8ae070d922149bb2ba3de06889ff6
  custom:AudioImporter_EditorPlatform: 3918e3fc78b5a79bad01e8451be0beb8 -> 
  custom:scripting/monoscript/fileName/NavMeshModifier.cs: 9f2f9ac4a63518769861a9fe3fc49054 -> 99ae5ed91bb784edc4f8312d7de046da
  custom:scripting/monoscript/fileName/IDangerTarget.cs: 0c873814c455377db02d26747af107f7 -> 241d303714f1488ee23fa75bf711b2e7
  custom:scripting/monoscript/fileName/NavMeshSceneConverter.cs: 6496c5f8eec789f0b87d8b24a60b77ce -> baf486a1c1cdf03a3111dd113d13c2f4
  custom:scripting/monoscript/fileName/SystemConverterContainer.cs: bdec785a88883dec09abdd8ddca1fdd8 -> eb4026ea01a117ce0888f693e9eed2cd
  custom:scripting/monoscript/fileName/NavMeshLink.cs: d553acf56818ed54adbed2f21967e3cd -> 0b3d0eeb07ab57d259e8f9365538df09
  custom:framework-osx-AVFoundation: e770b220cccbd017edd2c1fefb359320 -> 
  custom:scripting/monoscript/fileName/ObsoleteNavigationWindowMenuEntry.cs: 4e6e880c198acc644c2491c8b716b9b6 -> c7f73386e6473f401a8e4151cac4e1e5
  custom:scripting/monoscript/fileName/InitializeConverterContext.cs: 50a04ff198dcd709e5450f3b9d7061b1 -> a45c5db80ce634a6cb9d0945b8b3954d
  custom:scripting/monoscript/fileName/SystemConverter.cs: 7cde37e2d29752cb5e16f9b46b9ba9df -> c748d1769fc66e95256254a1cc1497f3
  custom:video-encoder-webm-vp8: eb34c28f22e8b96e1ab97ce403110664 -> 
  custom:audio-decoder-ogg-vorbis: bf7c407c2cedff20999df2af8eb42d56 -> 
  custom:scripting/monoscript/fileName/Principal.cs: a0aeb8acfeb0debf2b8ee70b46c046fa -> 
  custom:scripting/monoscript/fileName/RunItemContext.cs: efefd8ae99d1ef552ffd46e4466293bd -> bb4ef75ce860de201ddb04b582034b5c
  custom:audio-encoder-webm-vorbis: bf7c407c2cedff20999df2af8eb42d56 -> 
  custom:scripting/monoscript/fileName/CCTVScanner.cs: f07b35ed66aa3c4c3b1688f93adbf95f -> 
  custom:scripting/monoscript/fileName/SystemConvertersEditor.cs: b157cb077fe6af3401a860fcac0dab41 -> c127c1335f24b77ca70195bf2136c6a2
========================================================================
Received Prepare
Caller must complete domain reload
Begin MonoManager ReloadAssembly
Thread 0x298f13000 may have been prematurely finalized
- Loaded All Assemblies, in  0.255 seconds
Native extension for WindowsStandalone target not found
Native extension for iOS target not found
Native extension for Android target not found
Native extension for OSXStandalone target not found
Native extension for WebGL target not found
Mono: successfully reloaded assembly
- Finished resetting the current domain, in  0.525 seconds
Domain Reload Profiling: 780ms
	BeginReloadAssembly (83ms)
		ExecutionOrderSort (0ms)
		DisableScriptedObjects (2ms)
		BackupInstance (0ms)
		ReleaseScriptingObjects (0ms)
		CreateAndSetChildDomain (27ms)
	RebuildCommonClasses (27ms)
	RebuildNativeTypeToScriptingClass (9ms)
	initialDomainReloadingComplete (14ms)
	LoadAllAssembliesAndSetupDomain (123ms)
		LoadAssemblies (138ms)
		RebuildTransferFunctionScriptingTraits (0ms)
		AnalyzeDomain (15ms)
			TypeCache.Refresh (5ms)
				TypeCache.ScanAssembly (0ms)
			ScanForSourceGeneratedMonoScriptInfo (0ms)
			ResolveRequiredComponents (9ms)
	FinalizeReload (526ms)
		ReleaseScriptCaches (0ms)
		RebuildScriptCaches (0ms)
		SetupLoadedEditorAssemblies (285ms)
			LogAssemblyErrors (0ms)
			InitializePlatformSupportModulesInManaged (17ms)
			SetLoadedEditorAssemblies (4ms)
			RefreshPlugins (0ms)
			BeforeProcessingInitializeOnLoad (54ms)
			ProcessInitializeOnLoadAttributes (172ms)
			ProcessInitializeOnLoadMethodAttributes (37ms)
			AfterProcessingInitializeOnLoad (1ms)
			EditorAssembliesLoaded (0ms)
		ExecutionOrderSort2 (0ms)
		AwakeInstancesAfterBackupRestoration (5ms)
Refreshing native plugins compatible for Editor in 1.07 ms, found 2 plugins.
Preloading 0 native plugins for Editor in 0.00 ms.
Unloading 5155 Unused Serialized files (Serialized files now loaded: 0)
Unloading 26 unused Assets / (0.7 MB). Loaded Objects now: 5838.
Memory consumption went from 222.3 MB to 221.7 MB.
Total: 2.481667 ms (FindLiveObjects: 0.187708 ms CreateObjectMapping: 0.064875 ms MarkObjects: 2.075791 ms  DeleteObjects: 0.152500 ms)

Prepare: number of updated asset objects reloaded= 0
AssetImportParameters requested are different than current active one (requested -> active):
  custom:scripting/monoscript/fileName/NavMeshSurface.cs: 6ef652ad69ea88173bf35c557b9dddbd -> 34aebd278d8d3d5db6b23265b9c700f9
  custom:container-demuxer-ogg: 62fdf1f143b41e24485cea50d1cbac27 -> 
  custom:scripting/monoscript/fileName/NavMeshModifierVolumeEditor.cs: 5dc38ce975f8531f0c32b6103abe4b3a -> 262a50135a116189426aa01c964a744c
  custom:scripting/monoscript/fileName/NavigationOverlay.cs: c5a44226873678a0cb60da52538c2f49 -> 2744f4e7946ebbb71339c9b1ce538d00
  custom:scripting/monoscript/fileName/ConverterItemDescriptor.cs: 994a2a840cbf21580524a5ee48ba943a -> ce581e054faf450c31196535a41f95f6
  custom:scripting/monoscript/fileName/BuiltInToNavMeshSurfaceConverterContainer.cs: c211ada32dadd57d744f821bc5284c6c -> c40a906f9f99ea8a6c5aaa215767017f
  custom:video-decoder-ogg-theora: a1e56fd34408186e4bbccfd4996cb3dc -> 
  custom:scripting/monoscript/fileName/NavigationWindow.cs: 1279a85ab048fbed97c5121b62728812 -> 7884404b71178f59d8819c380b951d7c
  custom:scripting/monoscript/fileName/NavMeshComponentsGUIUtility.cs: 031a331373bebd0dbd0914421ec4dc78 -> 08c52049b94db52661003d42fda4ecff
  custom:scripting/monoscript/fileName/ConverterItemInfo.cs: ac42f0e17844a33779eab11e15959d0e -> f61437cbb7953fbfeff62301ac8e3fd0
  custom:CustomObjectIndexerAttribute: 72b91833f83ae208fae7752999fa3104 -> 
  custom:scripting/monoscript/fileName/NavMeshAssetManager.cs: e08a0378c721f1f25bd22088f2f1c57f -> 79eb4858c2054289cd611249ab36b0a5
  custom:scripting/monoscript/fileName/NavMeshSurfaceEditor.cs: facd6a0c9776c7d71689d1aab9819f46 -> adb1294e971eab992abc2e3e7e051565
  custom:container-demuxer-webm: 4f35f7cbe854078d1ac9338744f61a02 -> 
  custom:scripting/monoscript/fileName/NavMeshModifierVolume.cs: 6bd7a278588de5bdfc0e671df1a878df -> 8dc531216c72b86c60b86e16ff3da10b
  custom:scripting/monoscript/fileName/NavMeshUpdaterUtility.cs: 8ab501a5bf03f031c19b40f7668c1641 -> 5eb03802e6dba19b3e13aaf384805cac
  custom:scripting/monoscript/fileName/NavigationPreferences.cs: 0363b64d3a7a7e0cf24ac21ff2a55693 -> ada9399a4f085d4c824cc06527e7fcae
  custom:scripting/monoscript/fileName/Director.cs: 5eb3d142590217f41c4d62b1c8a29dc7 -> a640d0f47f78a7e4ebb57403003e2bbb
  custom:scripting/monoscript/fileName/NavMeshUpdaterEditor.cs: 50121c23ec79e7ac6c70dd99f719297f -> 169704080eda430978bba61ddedeb304
  custom:scripting/monoscript/fileName/NavMeshModifierEditor.cs: 64d96048d1ecb52c13f79fe460520c53 -> b8675d28116f43f78881455a7301fe8c
  custom:container-muxer-webm: aa71ff27fc2769a1b78a27578f13a17b -> 
  custom:video-decoder-webm-vp8: 9c59270c3fd7afecdb556c50c9e8de78 -> 
  custom:scripting/monoscript/fileName/HelpUrls.cs: 2ab62bc7616e1f75bb9eaa819a355c35 -> c1a90585e3e9c9d25f58f9141655f24f
  custom:scripting/monoscript/fileName/EditorStyles.cs: 11ab1db9e92fdf6f91f7e4f8529bd1fd -> 86b9f4d8fe570a8d8295bfc466c975cf
  custom:SearchIndexIgnoredProperties: e643bd26f0fe6173181afceb89e7c659 -> 
  custom:scripting/monoscript/fileName/NavMeshLinkEditor.cs: db5b506298670e15595eb17639342f60 -> aed8ae070d922149bb2ba3de06889ff6
  custom:AudioImporter_EditorPlatform: 3918e3fc78b5a79bad01e8451be0beb8 -> 
  custom:scripting/monoscript/fileName/NavMeshModifier.cs: 9f2f9ac4a63518769861a9fe3fc49054 -> 99ae5ed91bb784edc4f8312d7de046da
  custom:scripting/monoscript/fileName/IDangerTarget.cs: 0c873814c455377db02d26747af107f7 -> 241d303714f1488ee23fa75bf711b2e7
  custom:scripting/monoscript/fileName/NavMeshSceneConverter.cs: 6496c5f8eec789f0b87d8b24a60b77ce -> baf486a1c1cdf03a3111dd113d13c2f4
  custom:scripting/monoscript/fileName/SystemConverterContainer.cs: bdec785a88883dec09abdd8ddca1fdd8 -> eb4026ea01a117ce0888f693e9eed2cd
  custom:scripting/monoscript/fileName/NavMeshLink.cs: d553acf56818ed54adbed2f21967e3cd -> 0b3d0eeb07ab57d259e8f9365538df09
  custom:framework-osx-AVFoundation: e770b220cccbd017edd2c1fefb359320 -> 
  custom:scripting/monoscript/fileName/ObsoleteNavigationWindowMenuEntry.cs: 4e6e880c198acc644c2491c8b716b9b6 -> c7f73386e6473f401a8e4151cac4e1e5
  custom:scripting/monoscript/fileName/InitializeConverterContext.cs: 50a04ff198dcd709e5450f3b9d7061b1 -> a45c5db80ce634a6cb9d0945b8b3954d
  custom:scripting/monoscript/fileName/SystemConverter.cs: 7cde37e2d29752cb5e16f9b46b9ba9df -> c748d1769fc66e95256254a1cc1497f3
  custom:video-encoder-webm-vp8: eb34c28f22e8b96e1ab97ce403110664 -> 
  custom:audio-decoder-ogg-vorbis: bf7c407c2cedff20999df2af8eb42d56 -> 
  custom:scripting/monoscript/fileName/Principal.cs: a0aeb8acfeb0debf2b8ee70b46c046fa -> 
  custom:scripting/monoscript/fileName/RunItemContext.cs: efefd8ae99d1ef552ffd46e4466293bd -> bb4ef75ce860de201ddb04b582034b5c
  custom:audio-encoder-webm-vorbis: bf7c407c2cedff20999df2af8eb42d56 -> 
  custom:scripting/monoscript/fileName/CCTVScanner.cs: f07b35ed66aa3c4c3b1688f93adbf95f -> 
  custom:scripting/monoscript/fileName/SystemConvertersEditor.cs: b157cb077fe6af3401a860fcac0dab41 -> c127c1335f24b77ca70195bf2136c6a2
========================================================================
Received Prepare
Caller must complete domain reload
Begin MonoManager ReloadAssembly
Thread 0x298c87000 may have been prematurely finalized
- Loaded All Assemblies, in  0.257 seconds
Native extension for WindowsStandalone target not found
Native extension for iOS target not found
Native extension for Android target not found
Native extension for OSXStandalone target not found
Native extension for WebGL target not found
Mono: successfully reloaded assembly
- Finished resetting the current domain, in  0.545 seconds
Domain Reload Profiling: 802ms
	BeginReloadAssembly (81ms)
		ExecutionOrderSort (0ms)
		DisableScriptedObjects (2ms)
		BackupInstance (0ms)
		ReleaseScriptingObjects (0ms)
		CreateAndSetChildDomain (26ms)
	RebuildCommonClasses (27ms)
	RebuildNativeTypeToScriptingClass (9ms)
	initialDomainReloadingComplete (15ms)
	LoadAllAssembliesAndSetupDomain (125ms)
		LoadAssemblies (140ms)
		RebuildTransferFunctionScriptingTraits (0ms)
		AnalyzeDomain (16ms)
			TypeCache.Refresh (6ms)
				TypeCache.ScanAssembly (0ms)
			ScanForSourceGeneratedMonoScriptInfo (0ms)
			ResolveRequiredComponents (9ms)
	FinalizeReload (545ms)
		ReleaseScriptCaches (0ms)
		RebuildScriptCaches (0ms)
		SetupLoadedEditorAssemblies (284ms)
			LogAssemblyErrors (0ms)
			InitializePlatformSupportModulesInManaged (17ms)
			SetLoadedEditorAssemblies (4ms)
			RefreshPlugins (0ms)
			BeforeProcessingInitializeOnLoad (54ms)
			ProcessInitializeOnLoadAttributes (171ms)
			ProcessInitializeOnLoadMethodAttributes (37ms)
			AfterProcessingInitializeOnLoad (1ms)
			EditorAssembliesLoaded (0ms)
		ExecutionOrderSort2 (0ms)
		AwakeInstancesAfterBackupRestoration (4ms)
Refreshing native plugins compatible for Editor in 0.98 ms, found 2 plugins.
Preloading 0 native plugins for Editor in 0.00 ms.
Unloading 5155 Unused Serialized files (Serialized files now loaded: 0)
Unloading 26 unused Assets / (0.7 MB). Loaded Objects now: 5842.
Memory consumption went from 225.0 MB to 224.4 MB.
Total: 2.382959 ms (FindLiveObjects: 0.154833 ms CreateObjectMapping: 0.057667 ms MarkObjects: 2.031333 ms  DeleteObjects: 0.138542 ms)

Prepare: number of updated asset objects reloaded= 0
AssetImportParameters requested are different than current active one (requested -> active):
  custom:scripting/monoscript/fileName/NavMeshSurface.cs: 6ef652ad69ea88173bf35c557b9dddbd -> 34aebd278d8d3d5db6b23265b9c700f9
  custom:container-demuxer-ogg: 62fdf1f143b41e24485cea50d1cbac27 -> 
  custom:scripting/monoscript/fileName/NavMeshModifierVolumeEditor.cs: 5dc38ce975f8531f0c32b6103abe4b3a -> 262a50135a116189426aa01c964a744c
  custom:scripting/monoscript/fileName/NavigationOverlay.cs: c5a44226873678a0cb60da52538c2f49 -> 2744f4e7946ebbb71339c9b1ce538d00
  custom:scripting/monoscript/fileName/ConverterItemDescriptor.cs: 994a2a840cbf21580524a5ee48ba943a -> ce581e054faf450c31196535a41f95f6
  custom:scripting/monoscript/fileName/BuiltInToNavMeshSurfaceConverterContainer.cs: c211ada32dadd57d744f821bc5284c6c -> c40a906f9f99ea8a6c5aaa215767017f
  custom:video-decoder-ogg-theora: a1e56fd34408186e4bbccfd4996cb3dc -> 
  custom:scripting/monoscript/fileName/NavigationWindow.cs: 1279a85ab048fbed97c5121b62728812 -> 7884404b71178f59d8819c380b951d7c
  custom:scripting/monoscript/fileName/NavMeshComponentsGUIUtility.cs: 031a331373bebd0dbd0914421ec4dc78 -> 08c52049b94db52661003d42fda4ecff
  custom:scripting/monoscript/fileName/ConverterItemInfo.cs: ac42f0e17844a33779eab11e15959d0e -> f61437cbb7953fbfeff62301ac8e3fd0
  custom:CustomObjectIndexerAttribute: 72b91833f83ae208fae7752999fa3104 -> 
  custom:scripting/monoscript/fileName/NavMeshAssetManager.cs: e08a0378c721f1f25bd22088f2f1c57f -> 79eb4858c2054289cd611249ab36b0a5
  custom:scripting/monoscript/fileName/NavMeshSurfaceEditor.cs: facd6a0c9776c7d71689d1aab9819f46 -> adb1294e971eab992abc2e3e7e051565
  custom:container-demuxer-webm: 4f35f7cbe854078d1ac9338744f61a02 -> 
  custom:scripting/monoscript/fileName/NavMeshModifierVolume.cs: 6bd7a278588de5bdfc0e671df1a878df -> 8dc531216c72b86c60b86e16ff3da10b
  custom:scripting/monoscript/fileName/NavMeshUpdaterUtility.cs: 8ab501a5bf03f031c19b40f7668c1641 -> 5eb03802e6dba19b3e13aaf384805cac
  custom:scripting/monoscript/fileName/NavigationPreferences.cs: 0363b64d3a7a7e0cf24ac21ff2a55693 -> ada9399a4f085d4c824cc06527e7fcae
  custom:scripting/monoscript/fileName/Director.cs: 5eb3d142590217f41c4d62b1c8a29dc7 -> a640d0f47f78a7e4ebb57403003e2bbb
  custom:scripting/monoscript/fileName/NavMeshUpdaterEditor.cs: 50121c23ec79e7ac6c70dd99f719297f -> 169704080eda430978bba61ddedeb304
  custom:scripting/monoscript/fileName/NavMeshModifierEditor.cs: 64d96048d1ecb52c13f79fe460520c53 -> b8675d28116f43f78881455a7301fe8c
  custom:container-muxer-webm: aa71ff27fc2769a1b78a27578f13a17b -> 
  custom:video-decoder-webm-vp8: 9c59270c3fd7afecdb556c50c9e8de78 -> 
  custom:scripting/monoscript/fileName/HelpUrls.cs: 2ab62bc7616e1f75bb9eaa819a355c35 -> c1a90585e3e9c9d25f58f9141655f24f
  custom:scripting/monoscript/fileName/EditorStyles.cs: 11ab1db9e92fdf6f91f7e4f8529bd1fd -> 86b9f4d8fe570a8d8295bfc466c975cf
  custom:SearchIndexIgnoredProperties: e643bd26f0fe6173181afceb89e7c659 -> 
  custom:scripting/monoscript/fileName/NavMeshLinkEditor.cs: db5b506298670e15595eb17639342f60 -> aed8ae070d922149bb2ba3de06889ff6
  custom:AudioImporter_EditorPlatform: 3918e3fc78b5a79bad01e8451be0beb8 -> 
  custom:scripting/monoscript/fileName/NavMeshModifier.cs: 9f2f9ac4a63518769861a9fe3fc49054 -> 99ae5ed91bb784edc4f8312d7de046da
  custom:scripting/monoscript/fileName/IDangerTarget.cs: 0c873814c455377db02d26747af107f7 -> 241d303714f1488ee23fa75bf711b2e7
  custom:scripting/monoscript/fileName/NavMeshSceneConverter.cs: 6496c5f8eec789f0b87d8b24a60b77ce -> baf486a1c1cdf03a3111dd113d13c2f4
  custom:scripting/monoscript/fileName/SystemConverterContainer.cs: bdec785a88883dec09abdd8ddca1fdd8 -> eb4026ea01a117ce0888f693e9eed2cd
  custom:scripting/monoscript/fileName/NavMeshLink.cs: d553acf56818ed54adbed2f21967e3cd -> 0b3d0eeb07ab57d259e8f9365538df09
  custom:framework-osx-AVFoundation: e770b220cccbd017edd2c1fefb359320 -> 
  custom:scripting/monoscript/fileName/ObsoleteNavigationWindowMenuEntry.cs: 4e6e880c198acc644c2491c8b716b9b6 -> c7f73386e6473f401a8e4151cac4e1e5
  custom:scripting/monoscript/fileName/InitializeConverterContext.cs: 50a04ff198dcd709e5450f3b9d7061b1 -> a45c5db80ce634a6cb9d0945b8b3954d
  custom:scripting/monoscript/fileName/SystemConverter.cs: 7cde37e2d29752cb5e16f9b46b9ba9df -> c748d1769fc66e95256254a1cc1497f3
  custom:video-encoder-webm-vp8: eb34c28f22e8b96e1ab97ce403110664 -> 
  custom:audio-decoder-ogg-vorbis: bf7c407c2cedff20999df2af8eb42d56 -> 
  custom:scripting/monoscript/fileName/Principal.cs: a0aeb8acfeb0debf2b8ee70b46c046fa -> 
  custom:scripting/monoscript/fileName/RunItemContext.cs: efefd8ae99d1ef552ffd46e4466293bd -> bb4ef75ce860de201ddb04b582034b5c
  custom:audio-encoder-webm-vorbis: bf7c407c2cedff20999df2af8eb42d56 -> 
  custom:scripting/monoscript/fileName/CCTVScanner.cs: f07b35ed66aa3c4c3b1688f93adbf95f -> 
  custom:scripting/monoscript/fileName/SystemConvertersEditor.cs: b157cb077fe6af3401a860fcac0dab41 -> c127c1335f24b77ca70195bf2136c6a2
========================================================================
Received Prepare
Caller must complete domain reload
Begin MonoManager ReloadAssembly
Thread 0x298c87000 may have been prematurely finalized
- Loaded All Assemblies, in  0.255 seconds
Native extension for WindowsStandalone target not found
Native extension for iOS target not found
Native extension for Android target not found
Native extension for OSXStandalone target not found
Native extension for WebGL target not found
Mono: successfully reloaded assembly
- Finished resetting the current domain, in  0.541 seconds
Domain Reload Profiling: 795ms
	BeginReloadAssembly (83ms)
		ExecutionOrderSort (0ms)
		DisableScriptedObjects (2ms)
		BackupInstance (0ms)
		ReleaseScriptingObjects (0ms)
		CreateAndSetChildDomain (27ms)
	RebuildCommonClasses (27ms)
	RebuildNativeTypeToScriptingClass (9ms)
	initialDomainReloadingComplete (15ms)
	LoadAllAssembliesAndSetupDomain (121ms)
		LoadAssemblies (137ms)
		RebuildTransferFunctionScriptingTraits (0ms)
		AnalyzeDomain (15ms)
			TypeCache.Refresh (6ms)
				TypeCache.ScanAssembly (0ms)
			ScanForSourceGeneratedMonoScriptInfo (0ms)
			ResolveRequiredComponents (9ms)
	FinalizeReload (541ms)
		ReleaseScriptCaches (0ms)
		RebuildScriptCaches (0ms)
		SetupLoadedEditorAssemblies (280ms)
			LogAssemblyErrors (0ms)
			InitializePlatformSupportModulesInManaged (17ms)
			SetLoadedEditorAssemblies (4ms)
			RefreshPlugins (0ms)
			BeforeProcessingInitializeOnLoad (53ms)
			ProcessInitializeOnLoadAttributes (169ms)
			ProcessInitializeOnLoadMethodAttributes (36ms)
			AfterProcessingInitializeOnLoad (1ms)
			EditorAssembliesLoaded (0ms)
		ExecutionOrderSort2 (0ms)
		AwakeInstancesAfterBackupRestoration (4ms)
Refreshing native plugins compatible for Editor in 0.96 ms, found 2 plugins.
Preloading 0 native plugins for Editor in 0.00 ms.
Unloading 5155 Unused Serialized files (Serialized files now loaded: 0)
Unloading 26 unused Assets / (0.7 MB). Loaded Objects now: 5846.
Memory consumption went from 227.9 MB to 227.2 MB.
Total: 2.384125 ms (FindLiveObjects: 0.161042 ms CreateObjectMapping: 0.058542 ms MarkObjects: 2.018166 ms  DeleteObjects: 0.145833 ms)

Prepare: number of updated asset objects reloaded= 0
AssetImportParameters requested are different than current active one (requested -> active):
  custom:scripting/monoscript/fileName/NavMeshSurface.cs: 6ef652ad69ea88173bf35c557b9dddbd -> 34aebd278d8d3d5db6b23265b9c700f9
  custom:container-demuxer-ogg: 62fdf1f143b41e24485cea50d1cbac27 -> 
  custom:scripting/monoscript/fileName/NavMeshModifierVolumeEditor.cs: 5dc38ce975f8531f0c32b6103abe4b3a -> 262a50135a116189426aa01c964a744c
  custom:scripting/monoscript/fileName/NavigationOverlay.cs: c5a44226873678a0cb60da52538c2f49 -> 2744f4e7946ebbb71339c9b1ce538d00
  custom:scripting/monoscript/fileName/ConverterItemDescriptor.cs: 994a2a840cbf21580524a5ee48ba943a -> ce581e054faf450c31196535a41f95f6
  custom:scripting/monoscript/fileName/BuiltInToNavMeshSurfaceConverterContainer.cs: c211ada32dadd57d744f821bc5284c6c -> c40a906f9f99ea8a6c5aaa215767017f
  custom:video-decoder-ogg-theora: a1e56fd34408186e4bbccfd4996cb3dc -> 
  custom:scripting/monoscript/fileName/NavigationWindow.cs: 1279a85ab048fbed97c5121b62728812 -> 7884404b71178f59d8819c380b951d7c
  custom:scripting/monoscript/fileName/NavMeshComponentsGUIUtility.cs: 031a331373bebd0dbd0914421ec4dc78 -> 08c52049b94db52661003d42fda4ecff
  custom:scripting/monoscript/fileName/ConverterItemInfo.cs: ac42f0e17844a33779eab11e15959d0e -> f61437cbb7953fbfeff62301ac8e3fd0
  custom:CustomObjectIndexerAttribute: 72b91833f83ae208fae7752999fa3104 -> 
  custom:scripting/monoscript/fileName/NavMeshAssetManager.cs: e08a0378c721f1f25bd22088f2f1c57f -> 79eb4858c2054289cd611249ab36b0a5
  custom:scripting/monoscript/fileName/NavMeshSurfaceEditor.cs: facd6a0c9776c7d71689d1aab9819f46 -> adb1294e971eab992abc2e3e7e051565
  custom:container-demuxer-webm: 4f35f7cbe854078d1ac9338744f61a02 -> 
  custom:scripting/monoscript/fileName/NavMeshModifierVolume.cs: 6bd7a278588de5bdfc0e671df1a878df -> 8dc531216c72b86c60b86e16ff3da10b
  custom:scripting/monoscript/fileName/NavMeshUpdaterUtility.cs: 8ab501a5bf03f031c19b40f7668c1641 -> 5eb03802e6dba19b3e13aaf384805cac
  custom:scripting/monoscript/fileName/NavigationPreferences.cs: 0363b64d3a7a7e0cf24ac21ff2a55693 -> ada9399a4f085d4c824cc06527e7fcae
  custom:scripting/monoscript/fileName/Director.cs: 5eb3d142590217f41c4d62b1c8a29dc7 -> a640d0f47f78a7e4ebb57403003e2bbb
  custom:scripting/monoscript/fileName/NavMeshUpdaterEditor.cs: 50121c23ec79e7ac6c70dd99f719297f -> 169704080eda430978bba61ddedeb304
  custom:scripting/monoscript/fileName/NavMeshModifierEditor.cs: 64d96048d1ecb52c13f79fe460520c53 -> b8675d28116f43f78881455a7301fe8c
  custom:container-muxer-webm: aa71ff27fc2769a1b78a27578f13a17b -> 
  custom:video-decoder-webm-vp8: 9c59270c3fd7afecdb556c50c9e8de78 -> 
  custom:scripting/monoscript/fileName/HelpUrls.cs: 2ab62bc7616e1f75bb9eaa819a355c35 -> c1a90585e3e9c9d25f58f9141655f24f
  custom:scripting/monoscript/fileName/EditorStyles.cs: 11ab1db9e92fdf6f91f7e4f8529bd1fd -> 86b9f4d8fe570a8d8295bfc466c975cf
  custom:SearchIndexIgnoredProperties: e643bd26f0fe6173181afceb89e7c659 -> 
  custom:scripting/monoscript/fileName/NavMeshLinkEditor.cs: db5b506298670e15595eb17639342f60 -> aed8ae070d922149bb2ba3de06889ff6
  custom:AudioImporter_EditorPlatform: 3918e3fc78b5a79bad01e8451be0beb8 -> 
  custom:scripting/monoscript/fileName/NavMeshModifier.cs: 9f2f9ac4a63518769861a9fe3fc49054 -> 99ae5ed91bb784edc4f8312d7de046da
  custom:scripting/monoscript/fileName/IDangerTarget.cs: 0c873814c455377db02d26747af107f7 -> 241d303714f1488ee23fa75bf711b2e7
  custom:scripting/monoscript/fileName/NavMeshSceneConverter.cs: 6496c5f8eec789f0b87d8b24a60b77ce -> baf486a1c1cdf03a3111dd113d13c2f4
  custom:scripting/monoscript/fileName/SystemConverterContainer.cs: bdec785a88883dec09abdd8ddca1fdd8 -> eb4026ea01a117ce0888f693e9eed2cd
  custom:scripting/monoscript/fileName/NavMeshLink.cs: d553acf56818ed54adbed2f21967e3cd -> 0b3d0eeb07ab57d259e8f9365538df09
  custom:framework-osx-AVFoundation: e770b220cccbd017edd2c1fefb359320 -> 
  custom:scripting/monoscript/fileName/ObsoleteNavigationWindowMenuEntry.cs: 4e6e880c198acc644c2491c8b716b9b6 -> c7f73386e6473f401a8e4151cac4e1e5
  custom:scripting/monoscript/fileName/InitializeConverterContext.cs: 50a04ff198dcd709e5450f3b9d7061b1 -> a45c5db80ce634a6cb9d0945b8b3954d
  custom:scripting/monoscript/fileName/SystemConverter.cs: 7cde37e2d29752cb5e16f9b46b9ba9df -> c748d1769fc66e95256254a1cc1497f3
  custom:video-encoder-webm-vp8: eb34c28f22e8b96e1ab97ce403110664 -> 
  custom:audio-decoder-ogg-vorbis: bf7c407c2cedff20999df2af8eb42d56 -> 
  custom:scripting/monoscript/fileName/Principal.cs: a0aeb8acfeb0debf2b8ee70b46c046fa -> 
  custom:scripting/monoscript/fileName/RunItemContext.cs: efefd8ae99d1ef552ffd46e4466293bd -> bb4ef75ce860de201ddb04b582034b5c
  custom:audio-encoder-webm-vorbis: bf7c407c2cedff20999df2af8eb42d56 -> 
  custom:scripting/monoscript/fileName/CCTVScanner.cs: f07b35ed66aa3c4c3b1688f93adbf95f -> 
  custom:scripting/monoscript/fileName/SystemConvertersEditor.cs: b157cb077fe6af3401a860fcac0dab41 -> c127c1335f24b77ca70195bf2136c6a2
========================================================================
Received Prepare
Caller must complete domain reload
Begin MonoManager ReloadAssembly
Thread 0x298f13000 may have been prematurely finalized
- Loaded All Assemblies, in  0.297 seconds
Native extension for WindowsStandalone target not found
Native extension for iOS target not found
Native extension for Android target not found
Native extension for OSXStandalone target not found
Native extension for WebGL target not found
Mono: successfully reloaded assembly
- Finished resetting the current domain, in  0.889 seconds
Domain Reload Profiling: 1186ms
	BeginReloadAssembly (104ms)
		ExecutionOrderSort (0ms)
		DisableScriptedObjects (3ms)
		BackupInstance (0ms)
		ReleaseScriptingObjects (0ms)
		CreateAndSetChildDomain (40ms)
	RebuildCommonClasses (27ms)
	RebuildNativeTypeToScriptingClass (9ms)
	initialDomainReloadingComplete (15ms)
	LoadAllAssembliesAndSetupDomain (142ms)
		LoadAssemblies (144ms)
		RebuildTransferFunctionScriptingTraits (0ms)
		AnalyzeDomain (33ms)
			TypeCache.Refresh (9ms)
				TypeCache.ScanAssembly (2ms)
			ScanForSourceGeneratedMonoScriptInfo (15ms)
			ResolveRequiredComponents (8ms)
	FinalizeReload (889ms)
		ReleaseScriptCaches (0ms)
		RebuildScriptCaches (0ms)
		SetupLoadedEditorAssemblies (298ms)
			LogAssemblyErrors (0ms)
			InitializePlatformSupportModulesInManaged (19ms)
			SetLoadedEditorAssemblies (5ms)
			RefreshPlugins (0ms)
			BeforeProcessingInitializeOnLoad (59ms)
			ProcessInitializeOnLoadAttributes (179ms)
			ProcessInitializeOnLoadMethodAttributes (34ms)
			AfterProcessingInitializeOnLoad (2ms)
			EditorAssembliesLoaded (0ms)
		ExecutionOrderSort2 (0ms)
		AwakeInstancesAfterBackupRestoration (4ms)
Refreshing native plugins compatible for Editor in 1.10 ms, found 2 plugins.
Preloading 0 native plugins for Editor in 0.00 ms.
Unloading 5155 Unused Serialized files (Serialized files now loaded: 0)
Unloading 26 unused Assets / (0.7 MB). Loaded Objects now: 5850.
Memory consumption went from 230.5 MB to 229.9 MB.
Total: 2.651334 ms (FindLiveObjects: 0.176458 ms CreateObjectMapping: 0.064917 ms MarkObjects: 2.252250 ms  DeleteObjects: 0.157125 ms)

Prepare: number of updated asset objects reloaded= 0
AssetImportParameters requested are different than current active one (requested -> active):
  custom:scripting/monoscript/fileName/NavMeshSurface.cs: 6ef652ad69ea88173bf35c557b9dddbd -> 34aebd278d8d3d5db6b23265b9c700f9
  custom:container-demuxer-ogg: 62fdf1f143b41e24485cea50d1cbac27 -> 
  custom:scripting/monoscript/fileName/NavMeshModifierVolumeEditor.cs: 5dc38ce975f8531f0c32b6103abe4b3a -> 262a50135a116189426aa01c964a744c
  custom:scripting/monoscript/fileName/NavigationOverlay.cs: c5a44226873678a0cb60da52538c2f49 -> 2744f4e7946ebbb71339c9b1ce538d00
  custom:scripting/monoscript/fileName/ConverterItemDescriptor.cs: 994a2a840cbf21580524a5ee48ba943a -> ce581e054faf450c31196535a41f95f6
  custom:scripting/monoscript/fileName/BuiltInToNavMeshSurfaceConverterContainer.cs: c211ada32dadd57d744f821bc5284c6c -> c40a906f9f99ea8a6c5aaa215767017f
  custom:video-decoder-ogg-theora: a1e56fd34408186e4bbccfd4996cb3dc -> 
  custom:scripting/monoscript/fileName/NavigationWindow.cs: 1279a85ab048fbed97c5121b62728812 -> 7884404b71178f59d8819c380b951d7c
  custom:scripting/monoscript/fileName/NavMeshComponentsGUIUtility.cs: 031a331373bebd0dbd0914421ec4dc78 -> 08c52049b94db52661003d42fda4ecff
  custom:scripting/monoscript/fileName/ConverterItemInfo.cs: ac42f0e17844a33779eab11e15959d0e -> f61437cbb7953fbfeff62301ac8e3fd0
  custom:CustomObjectIndexerAttribute: 72b91833f83ae208fae7752999fa3104 -> 
  custom:scripting/monoscript/fileName/NavMeshAssetManager.cs: e08a0378c721f1f25bd22088f2f1c57f -> 79eb4858c2054289cd611249ab36b0a5
  custom:scripting/monoscript/fileName/NavMeshSurfaceEditor.cs: facd6a0c9776c7d71689d1aab9819f46 -> adb1294e971eab992abc2e3e7e051565
  custom:container-demuxer-webm: 4f35f7cbe854078d1ac9338744f61a02 -> 
  custom:scripting/monoscript/fileName/NavMeshModifierVolume.cs: 6bd7a278588de5bdfc0e671df1a878df -> 8dc531216c72b86c60b86e16ff3da10b
  custom:scripting/monoscript/fileName/NavMeshUpdaterUtility.cs: 8ab501a5bf03f031c19b40f7668c1641 -> 5eb03802e6dba19b3e13aaf384805cac
  custom:scripting/monoscript/fileName/NavigationPreferences.cs: 0363b64d3a7a7e0cf24ac21ff2a55693 -> ada9399a4f085d4c824cc06527e7fcae
  custom:scripting/monoscript/fileName/Director.cs: 5eb3d142590217f41c4d62b1c8a29dc7 -> a640d0f47f78a7e4ebb57403003e2bbb
  custom:scripting/monoscript/fileName/NavMeshUpdaterEditor.cs: 50121c23ec79e7ac6c70dd99f719297f -> 169704080eda430978bba61ddedeb304
  custom:scripting/monoscript/fileName/NavMeshModifierEditor.cs: 64d96048d1ecb52c13f79fe460520c53 -> b8675d28116f43f78881455a7301fe8c
  custom:container-muxer-webm: aa71ff27fc2769a1b78a27578f13a17b -> 
  custom:video-decoder-webm-vp8: 9c59270c3fd7afecdb556c50c9e8de78 -> 
  custom:scripting/monoscript/fileName/HelpUrls.cs: 2ab62bc7616e1f75bb9eaa819a355c35 -> c1a90585e3e9c9d25f58f9141655f24f
  custom:scripting/monoscript/fileName/EditorStyles.cs: 11ab1db9e92fdf6f91f7e4f8529bd1fd -> 86b9f4d8fe570a8d8295bfc466c975cf
  custom:SearchIndexIgnoredProperties: e643bd26f0fe6173181afceb89e7c659 -> 
  custom:scripting/monoscript/fileName/NavMeshLinkEditor.cs: db5b506298670e15595eb17639342f60 -> aed8ae070d922149bb2ba3de06889ff6
  custom:AudioImporter_EditorPlatform: 3918e3fc78b5a79bad01e8451be0beb8 -> 
  custom:scripting/monoscript/fileName/NavMeshModifier.cs: 9f2f9ac4a63518769861a9fe3fc49054 -> 99ae5ed91bb784edc4f8312d7de046da
  custom:scripting/monoscript/fileName/IDangerTarget.cs: 0c873814c455377db02d26747af107f7 -> 241d303714f1488ee23fa75bf711b2e7
  custom:scripting/monoscript/fileName/NavMeshSceneConverter.cs: 6496c5f8eec789f0b87d8b24a60b77ce -> baf486a1c1cdf03a3111dd113d13c2f4
  custom:scripting/monoscript/fileName/SystemConverterContainer.cs: bdec785a88883dec09abdd8ddca1fdd8 -> eb4026ea01a117ce0888f693e9eed2cd
  custom:scripting/monoscript/fileName/NavMeshLink.cs: d553acf56818ed54adbed2f21967e3cd -> 0b3d0eeb07ab57d259e8f9365538df09
  custom:framework-osx-AVFoundation: e770b220cccbd017edd2c1fefb359320 -> 
  custom:scripting/monoscript/fileName/ObsoleteNavigationWindowMenuEntry.cs: 4e6e880c198acc644c2491c8b716b9b6 -> c7f73386e6473f401a8e4151cac4e1e5
  custom:scripting/monoscript/fileName/InitializeConverterContext.cs: 50a04ff198dcd709e5450f3b9d7061b1 -> a45c5db80ce634a6cb9d0945b8b3954d
  custom:scripting/monoscript/fileName/SystemConverter.cs: 7cde37e2d29752cb5e16f9b46b9ba9df -> c748d1769fc66e95256254a1cc1497f3
  custom:video-encoder-webm-vp8: eb34c28f22e8b96e1ab97ce403110664 -> 
  custom:audio-decoder-ogg-vorbis: bf7c407c2cedff20999df2af8eb42d56 -> 
  custom:scripting/monoscript/fileName/Principal.cs: a0aeb8acfeb0debf2b8ee70b46c046fa -> 
  custom:scripting/monoscript/fileName/RunItemContext.cs: efefd8ae99d1ef552ffd46e4466293bd -> bb4ef75ce860de201ddb04b582034b5c
  custom:audio-encoder-webm-vorbis: bf7c407c2cedff20999df2af8eb42d56 -> 
  custom:scripting/monoscript/fileName/CCTVScanner.cs: f07b35ed66aa3c4c3b1688f93adbf95f -> 
  custom:scripting/monoscript/fileName/SystemConvertersEditor.cs: b157cb077fe6af3401a860fcac0dab41 -> c127c1335f24b77ca70195bf2136c6a2
========================================================================
Received Prepare
Caller must complete domain reload
Begin MonoManager ReloadAssembly
Thread 0x298c87000 may have been prematurely finalized
- Loaded All Assemblies, in  0.258 seconds
Native extension for WindowsStandalone target not found
Native extension for iOS target not found
Native extension for Android target not found
Native extension for OSXStandalone target not found
Native extension for WebGL target not found
Mono: successfully reloaded assembly
- Finished resetting the current domain, in  0.549 seconds
Domain Reload Profiling: 807ms
	BeginReloadAssembly (83ms)
		ExecutionOrderSort (0ms)
		DisableScriptedObjects (3ms)
		BackupInstance (0ms)
		ReleaseScriptingObjects (0ms)
		CreateAndSetChildDomain (25ms)
	RebuildCommonClasses (27ms)
	RebuildNativeTypeToScriptingClass (9ms)
	initialDomainReloadingComplete (15ms)
	LoadAllAssembliesAndSetupDomain (124ms)
		LoadAssemblies (140ms)
		RebuildTransferFunctionScriptingTraits (0ms)
		AnalyzeDomain (15ms)
			TypeCache.Refresh (5ms)
				TypeCache.ScanAssembly (0ms)
			ScanForSourceGeneratedMonoScriptInfo (0ms)
			ResolveRequiredComponents (9ms)
	FinalizeReload (550ms)
		ReleaseScriptCaches (0ms)
		RebuildScriptCaches (0ms)
		SetupLoadedEditorAssemblies (286ms)
			LogAssemblyErrors (0ms)
			InitializePlatformSupportModulesInManaged (18ms)
			SetLoadedEditorAssemblies (4ms)
			RefreshPlugins (0ms)
			BeforeProcessingInitializeOnLoad (55ms)
			ProcessInitializeOnLoadAttributes (173ms)
			ProcessInitializeOnLoadMethodAttributes (34ms)
			AfterProcessingInitializeOnLoad (1ms)
			EditorAssembliesLoaded (0ms)
		ExecutionOrderSort2 (0ms)
		AwakeInstancesAfterBackupRestoration (4ms)
Refreshing native plugins compatible for Editor in 0.94 ms, found 2 plugins.
Preloading 0 native plugins for Editor in 0.00 ms.
Unloading 5155 Unused Serialized files (Serialized files now loaded: 0)
Unloading 26 unused Assets / (0.7 MB). Loaded Objects now: 5854.
Memory consumption went from 233.4 MB to 232.7 MB.
Total: 2.324042 ms (FindLiveObjects: 0.154500 ms CreateObjectMapping: 0.058292 ms MarkObjects: 1.966917 ms  DeleteObjects: 0.143708 ms)

Prepare: number of updated asset objects reloaded= 0
AssetImportParameters requested are different than current active one (requested -> active):
  custom:scripting/monoscript/fileName/NavMeshSurface.cs: 6ef652ad69ea88173bf35c557b9dddbd -> 34aebd278d8d3d5db6b23265b9c700f9
  custom:container-demuxer-ogg: 62fdf1f143b41e24485cea50d1cbac27 -> 
  custom:scripting/monoscript/fileName/NavMeshModifierVolumeEditor.cs: 5dc38ce975f8531f0c32b6103abe4b3a -> 262a50135a116189426aa01c964a744c
  custom:scripting/monoscript/fileName/NavigationOverlay.cs: c5a44226873678a0cb60da52538c2f49 -> 2744f4e7946ebbb71339c9b1ce538d00
  custom:scripting/monoscript/fileName/ConverterItemDescriptor.cs: 994a2a840cbf21580524a5ee48ba943a -> ce581e054faf450c31196535a41f95f6
  custom:scripting/monoscript/fileName/BuiltInToNavMeshSurfaceConverterContainer.cs: c211ada32dadd57d744f821bc5284c6c -> c40a906f9f99ea8a6c5aaa215767017f
  custom:video-decoder-ogg-theora: a1e56fd34408186e4bbccfd4996cb3dc -> 
  custom:scripting/monoscript/fileName/NavigationWindow.cs: 1279a85ab048fbed97c5121b62728812 -> 7884404b71178f59d8819c380b951d7c
  custom:scripting/monoscript/fileName/NavMeshComponentsGUIUtility.cs: 031a331373bebd0dbd0914421ec4dc78 -> 08c52049b94db52661003d42fda4ecff
  custom:scripting/monoscript/fileName/ConverterItemInfo.cs: ac42f0e17844a33779eab11e15959d0e -> f61437cbb7953fbfeff62301ac8e3fd0
  custom:CustomObjectIndexerAttribute: 72b91833f83ae208fae7752999fa3104 -> 
  custom:scripting/monoscript/fileName/NavMeshAssetManager.cs: e08a0378c721f1f25bd22088f2f1c57f -> 79eb4858c2054289cd611249ab36b0a5
  custom:scripting/monoscript/fileName/NavMeshSurfaceEditor.cs: facd6a0c9776c7d71689d1aab9819f46 -> adb1294e971eab992abc2e3e7e051565
  custom:container-demuxer-webm: 4f35f7cbe854078d1ac9338744f61a02 -> 
  custom:scripting/monoscript/fileName/NavMeshModifierVolume.cs: 6bd7a278588de5bdfc0e671df1a878df -> 8dc531216c72b86c60b86e16ff3da10b
  custom:scripting/monoscript/fileName/NavMeshUpdaterUtility.cs: 8ab501a5bf03f031c19b40f7668c1641 -> 5eb03802e6dba19b3e13aaf384805cac
  custom:scripting/monoscript/fileName/NavigationPreferences.cs: 0363b64d3a7a7e0cf24ac21ff2a55693 -> ada9399a4f085d4c824cc06527e7fcae
  custom:scripting/monoscript/fileName/Director.cs: 5eb3d142590217f41c4d62b1c8a29dc7 -> a640d0f47f78a7e4ebb57403003e2bbb
  custom:scripting/monoscript/fileName/NavMeshUpdaterEditor.cs: 50121c23ec79e7ac6c70dd99f719297f -> 169704080eda430978bba61ddedeb304
  custom:scripting/monoscript/fileName/NavMeshModifierEditor.cs: 64d96048d1ecb52c13f79fe460520c53 -> b8675d28116f43f78881455a7301fe8c
  custom:container-muxer-webm: aa71ff27fc2769a1b78a27578f13a17b -> 
  custom:video-decoder-webm-vp8: 9c59270c3fd7afecdb556c50c9e8de78 -> 
  custom:scripting/monoscript/fileName/HelpUrls.cs: 2ab62bc7616e1f75bb9eaa819a355c35 -> c1a90585e3e9c9d25f58f9141655f24f
  custom:scripting/monoscript/fileName/EditorStyles.cs: 11ab1db9e92fdf6f91f7e4f8529bd1fd -> 86b9f4d8fe570a8d8295bfc466c975cf
  custom:SearchIndexIgnoredProperties: e643bd26f0fe6173181afceb89e7c659 -> 
  custom:scripting/monoscript/fileName/NavMeshLinkEditor.cs: db5b506298670e15595eb17639342f60 -> aed8ae070d922149bb2ba3de06889ff6
  custom:AudioImporter_EditorPlatform: 3918e3fc78b5a79bad01e8451be0beb8 -> 
  custom:scripting/monoscript/fileName/NavMeshModifier.cs: 9f2f9ac4a63518769861a9fe3fc49054 -> 99ae5ed91bb784edc4f8312d7de046da
  custom:scripting/monoscript/fileName/IDangerTarget.cs: 0c873814c455377db02d26747af107f7 -> 241d303714f1488ee23fa75bf711b2e7
  custom:scripting/monoscript/fileName/NavMeshSceneConverter.cs: 6496c5f8eec789f0b87d8b24a60b77ce -> baf486a1c1cdf03a3111dd113d13c2f4
  custom:scripting/monoscript/fileName/SystemConverterContainer.cs: bdec785a88883dec09abdd8ddca1fdd8 -> eb4026ea01a117ce0888f693e9eed2cd
  custom:scripting/monoscript/fileName/NavMeshLink.cs: d553acf56818ed54adbed2f21967e3cd -> 0b3d0eeb07ab57d259e8f9365538df09
  custom:framework-osx-AVFoundation: e770b220cccbd017edd2c1fefb359320 -> 
  custom:scripting/monoscript/fileName/ObsoleteNavigationWindowMenuEntry.cs: 4e6e880c198acc644c2491c8b716b9b6 -> c7f73386e6473f401a8e4151cac4e1e5
  custom:scripting/monoscript/fileName/InitializeConverterContext.cs: 50a04ff198dcd709e5450f3b9d7061b1 -> a45c5db80ce634a6cb9d0945b8b3954d
  custom:scripting/monoscript/fileName/SystemConverter.cs: 7cde37e2d29752cb5e16f9b46b9ba9df -> c748d1769fc66e95256254a1cc1497f3
  custom:video-encoder-webm-vp8: eb34c28f22e8b96e1ab97ce403110664 -> 
  custom:audio-decoder-ogg-vorbis: bf7c407c2cedff20999df2af8eb42d56 -> 
  custom:scripting/monoscript/fileName/Principal.cs: a0aeb8acfeb0debf2b8ee70b46c046fa -> 
  custom:scripting/monoscript/fileName/RunItemContext.cs: efefd8ae99d1ef552ffd46e4466293bd -> bb4ef75ce860de201ddb04b582034b5c
  custom:audio-encoder-webm-vorbis: bf7c407c2cedff20999df2af8eb42d56 -> 
  custom:scripting/monoscript/fileName/CCTVScanner.cs: f07b35ed66aa3c4c3b1688f93adbf95f -> 
  custom:scripting/monoscript/fileName/SystemConvertersEditor.cs: b157cb077fe6af3401a860fcac0dab41 -> c127c1335f24b77ca70195bf2136c6a2
========================================================================
Received Prepare
Caller must complete domain reload
Begin MonoManager ReloadAssembly
Thread 0x298c87000 may have been prematurely finalized
- Loaded All Assemblies, in  0.405 seconds
Native extension for WindowsStandalone target not found
Native extension for iOS target not found
Native extension for Android target not found
Native extension for OSXStandalone target not found
Native extension for WebGL target not found
Mono: successfully reloaded assembly
- Finished resetting the current domain, in  1.050 seconds
Domain Reload Profiling: 1455ms
	BeginReloadAssembly (159ms)
		ExecutionOrderSort (0ms)
		DisableScriptedObjects (3ms)
		BackupInstance (0ms)
		ReleaseScriptingObjects (0ms)
		CreateAndSetChildDomain (71ms)
	RebuildCommonClasses (27ms)
	RebuildNativeTypeToScriptingClass (8ms)
	initialDomainReloadingComplete (19ms)
	LoadAllAssembliesAndSetupDomain (191ms)
		LoadAssemblies (191ms)
		RebuildTransferFunctionScriptingTraits (0ms)
		AnalyzeDomain (46ms)
			TypeCache.Refresh (12ms)
				TypeCache.ScanAssembly (2ms)
			ScanForSourceGeneratedMonoScriptInfo (23ms)
			ResolveRequiredComponents (10ms)
	FinalizeReload (1050ms)
		ReleaseScriptCaches (0ms)
		RebuildScriptCaches (0ms)
		SetupLoadedEditorAssemblies (335ms)
			LogAssemblyErrors (0ms)
			InitializePlatformSupportModulesInManaged (47ms)
			SetLoadedEditorAssemblies (4ms)
			RefreshPlugins (0ms)
			BeforeProcessingInitializeOnLoad (55ms)
			ProcessInitializeOnLoadAttributes (186ms)
			ProcessInitializeOnLoadMethodAttributes (41ms)
			AfterProcessingInitializeOnLoad (1ms)
			EditorAssembliesLoaded (0ms)
		ExecutionOrderSort2 (0ms)
		AwakeInstancesAfterBackupRestoration (5ms)
Refreshing native plugins compatible for Editor in 1.20 ms, found 2 plugins.
Preloading 0 native plugins for Editor in 0.00 ms.
Unloading 5155 Unused Serialized files (Serialized files now loaded: 0)
Unloading 26 unused Assets / (0.7 MB). Loaded Objects now: 5858.
Memory consumption went from 236.0 MB to 235.4 MB.
Total: 2.584083 ms (FindLiveObjects: 0.183250 ms CreateObjectMapping: 0.065834 ms MarkObjects: 2.176167 ms  DeleteObjects: 0.158000 ms)

Prepare: number of updated asset objects reloaded= 0
AssetImportParameters requested are different than current active one (requested -> active):
  custom:scripting/monoscript/fileName/NavMeshSurface.cs: 6ef652ad69ea88173bf35c557b9dddbd -> 34aebd278d8d3d5db6b23265b9c700f9
  custom:container-demuxer-ogg: 62fdf1f143b41e24485cea50d1cbac27 -> 
  custom:scripting/monoscript/fileName/NavMeshModifierVolumeEditor.cs: 5dc38ce975f8531f0c32b6103abe4b3a -> 262a50135a116189426aa01c964a744c
  custom:scripting/monoscript/fileName/NavigationOverlay.cs: c5a44226873678a0cb60da52538c2f49 -> 2744f4e7946ebbb71339c9b1ce538d00
  custom:scripting/monoscript/fileName/ConverterItemDescriptor.cs: 994a2a840cbf21580524a5ee48ba943a -> ce581e054faf450c31196535a41f95f6
  custom:scripting/monoscript/fileName/BuiltInToNavMeshSurfaceConverterContainer.cs: c211ada32dadd57d744f821bc5284c6c -> c40a906f9f99ea8a6c5aaa215767017f
  custom:video-decoder-ogg-theora: a1e56fd34408186e4bbccfd4996cb3dc -> 
  custom:scripting/monoscript/fileName/NavigationWindow.cs: 1279a85ab048fbed97c5121b62728812 -> 7884404b71178f59d8819c380b951d7c
  custom:scripting/monoscript/fileName/NavMeshComponentsGUIUtility.cs: 031a331373bebd0dbd0914421ec4dc78 -> 08c52049b94db52661003d42fda4ecff
  custom:scripting/monoscript/fileName/ConverterItemInfo.cs: ac42f0e17844a33779eab11e15959d0e -> f61437cbb7953fbfeff62301ac8e3fd0
  custom:CustomObjectIndexerAttribute: 72b91833f83ae208fae7752999fa3104 -> 
  custom:scripting/monoscript/fileName/NavMeshAssetManager.cs: e08a0378c721f1f25bd22088f2f1c57f -> 79eb4858c2054289cd611249ab36b0a5
  custom:scripting/monoscript/fileName/NavMeshSurfaceEditor.cs: facd6a0c9776c7d71689d1aab9819f46 -> adb1294e971eab992abc2e3e7e051565
  custom:container-demuxer-webm: 4f35f7cbe854078d1ac9338744f61a02 -> 
  custom:scripting/monoscript/fileName/NavMeshModifierVolume.cs: 6bd7a278588de5bdfc0e671df1a878df -> 8dc531216c72b86c60b86e16ff3da10b
  custom:scripting/monoscript/fileName/NavMeshUpdaterUtility.cs: 8ab501a5bf03f031c19b40f7668c1641 -> 5eb03802e6dba19b3e13aaf384805cac
  custom:scripting/monoscript/fileName/NavigationPreferences.cs: 0363b64d3a7a7e0cf24ac21ff2a55693 -> ada9399a4f085d4c824cc06527e7fcae
  custom:scripting/monoscript/fileName/Director.cs: 5eb3d142590217f41c4d62b1c8a29dc7 -> a640d0f47f78a7e4ebb57403003e2bbb
  custom:scripting/monoscript/fileName/NavMeshUpdaterEditor.cs: 50121c23ec79e7ac6c70dd99f719297f -> 169704080eda430978bba61ddedeb304
  custom:scripting/monoscript/fileName/NavMeshModifierEditor.cs: 64d96048d1ecb52c13f79fe460520c53 -> b8675d28116f43f78881455a7301fe8c
  custom:container-muxer-webm: aa71ff27fc2769a1b78a27578f13a17b -> 
  custom:video-decoder-webm-vp8: 9c59270c3fd7afecdb556c50c9e8de78 -> 
  custom:scripting/monoscript/fileName/HelpUrls.cs: 2ab62bc7616e1f75bb9eaa819a355c35 -> c1a90585e3e9c9d25f58f9141655f24f
  custom:scripting/monoscript/fileName/EditorStyles.cs: 11ab1db9e92fdf6f91f7e4f8529bd1fd -> 86b9f4d8fe570a8d8295bfc466c975cf
  custom:SearchIndexIgnoredProperties: e643bd26f0fe6173181afceb89e7c659 -> 
  custom:scripting/monoscript/fileName/NavMeshLinkEditor.cs: db5b506298670e15595eb17639342f60 -> aed8ae070d922149bb2ba3de06889ff6
  custom:AudioImporter_EditorPlatform: 3918e3fc78b5a79bad01e8451be0beb8 -> 
  custom:scripting/monoscript/fileName/NavMeshModifier.cs: 9f2f9ac4a63518769861a9fe3fc49054 -> 99ae5ed91bb784edc4f8312d7de046da
  custom:scripting/monoscript/fileName/IDangerTarget.cs: 0c873814c455377db02d26747af107f7 -> 241d303714f1488ee23fa75bf711b2e7
  custom:scripting/monoscript/fileName/NavMeshSceneConverter.cs: 6496c5f8eec789f0b87d8b24a60b77ce -> baf486a1c1cdf03a3111dd113d13c2f4
  custom:scripting/monoscript/fileName/SystemConverterContainer.cs: bdec785a88883dec09abdd8ddca1fdd8 -> eb4026ea01a117ce0888f693e9eed2cd
  custom:scripting/monoscript/fileName/NavMeshLink.cs: d553acf56818ed54adbed2f21967e3cd -> 0b3d0eeb07ab57d259e8f9365538df09
  custom:framework-osx-AVFoundation: e770b220cccbd017edd2c1fefb359320 -> 
  custom:scripting/monoscript/fileName/ObsoleteNavigationWindowMenuEntry.cs: 4e6e880c198acc644c2491c8b716b9b6 -> c7f73386e6473f401a8e4151cac4e1e5
  custom:scripting/monoscript/fileName/InitializeConverterContext.cs: 50a04ff198dcd709e5450f3b9d7061b1 -> a45c5db80ce634a6cb9d0945b8b3954d
  custom:scripting/monoscript/fileName/SystemConverter.cs: 7cde37e2d29752cb5e16f9b46b9ba9df -> c748d1769fc66e95256254a1cc1497f3
  custom:video-encoder-webm-vp8: eb34c28f22e8b96e1ab97ce403110664 -> 
  custom:audio-decoder-ogg-vorbis: bf7c407c2cedff20999df2af8eb42d56 -> 
  custom:scripting/monoscript/fileName/Principal.cs: a0aeb8acfeb0debf2b8ee70b46c046fa -> 
  custom:scripting/monoscript/fileName/RunItemContext.cs: efefd8ae99d1ef552ffd46e4466293bd -> bb4ef75ce860de201ddb04b582034b5c
  custom:audio-encoder-webm-vorbis: bf7c407c2cedff20999df2af8eb42d56 -> 
  custom:scripting/monoscript/fileName/CCTVScanner.cs: f07b35ed66aa3c4c3b1688f93adbf95f -> 
  custom:scripting/monoscript/fileName/SystemConvertersEditor.cs: b157cb077fe6af3401a860fcac0dab41 -> c127c1335f24b77ca70195bf2136c6a2
========================================================================
Received Prepare
Caller must complete domain reload
Begin MonoManager ReloadAssembly
Thread 0x298f13000 may have been prematurely finalized
- Loaded All Assemblies, in  0.256 seconds
Native extension for WindowsStandalone target not found
Native extension for iOS target not found
Native extension for Android target not found
Native extension for OSXStandalone target not found
Native extension for WebGL target not found
Mono: successfully reloaded assembly
- Finished resetting the current domain, in  0.553 seconds
Domain Reload Profiling: 810ms
	BeginReloadAssembly (82ms)
		ExecutionOrderSort (0ms)
		DisableScriptedObjects (2ms)
		BackupInstance (0ms)
		ReleaseScriptingObjects (0ms)
		CreateAndSetChildDomain (26ms)
	RebuildCommonClasses (26ms)
	RebuildNativeTypeToScriptingClass (9ms)
	initialDomainReloadingComplete (15ms)
	LoadAllAssembliesAndSetupDomain (125ms)
		LoadAssemblies (140ms)
		RebuildTransferFunctionScriptingTraits (0ms)
		AnalyzeDomain (15ms)
			TypeCache.Refresh (5ms)
				TypeCache.ScanAssembly (0ms)
			ScanForSourceGeneratedMonoScriptInfo (0ms)
			ResolveRequiredComponents (9ms)
	FinalizeReload (553ms)
		ReleaseScriptCaches (0ms)
		RebuildScriptCaches (0ms)
		SetupLoadedEditorAssemblies (291ms)
			LogAssemblyErrors (0ms)
			InitializePlatformSupportModulesInManaged (17ms)
			SetLoadedEditorAssemblies (4ms)
			RefreshPlugins (0ms)
			BeforeProcessingInitializeOnLoad (55ms)
			ProcessInitializeOnLoadAttributes (177ms)
			ProcessInitializeOnLoadMethodAttributes (36ms)
			AfterProcessingInitializeOnLoad (1ms)
			EditorAssembliesLoaded (0ms)
		ExecutionOrderSort2 (0ms)
		AwakeInstancesAfterBackupRestoration (4ms)
Refreshing native plugins compatible for Editor in 0.94 ms, found 2 plugins.
Preloading 0 native plugins for Editor in 0.00 ms.
Unloading 5155 Unused Serialized files (Serialized files now loaded: 0)
Unloading 26 unused Assets / (0.7 MB). Loaded Objects now: 5862.
Memory consumption went from 238.8 MB to 238.2 MB.
Total: 2.347333 ms (FindLiveObjects: 0.169167 ms CreateObjectMapping: 0.059708 ms MarkObjects: 1.971417 ms  DeleteObjects: 0.146500 ms)

Prepare: number of updated asset objects reloaded= 0
AssetImportParameters requested are different than current active one (requested -> active):
  custom:scripting/monoscript/fileName/NavMeshSurface.cs: 6ef652ad69ea88173bf35c557b9dddbd -> 34aebd278d8d3d5db6b23265b9c700f9
  custom:container-demuxer-ogg: 62fdf1f143b41e24485cea50d1cbac27 -> 
  custom:scripting/monoscript/fileName/NavMeshModifierVolumeEditor.cs: 5dc38ce975f8531f0c32b6103abe4b3a -> 262a50135a116189426aa01c964a744c
  custom:scripting/monoscript/fileName/NavigationOverlay.cs: c5a44226873678a0cb60da52538c2f49 -> 2744f4e7946ebbb71339c9b1ce538d00
  custom:scripting/monoscript/fileName/ConverterItemDescriptor.cs: 994a2a840cbf21580524a5ee48ba943a -> ce581e054faf450c31196535a41f95f6
  custom:scripting/monoscript/fileName/BuiltInToNavMeshSurfaceConverterContainer.cs: c211ada32dadd57d744f821bc5284c6c -> c40a906f9f99ea8a6c5aaa215767017f
  custom:video-decoder-ogg-theora: a1e56fd34408186e4bbccfd4996cb3dc -> 
  custom:scripting/monoscript/fileName/NavigationWindow.cs: 1279a85ab048fbed97c5121b62728812 -> 7884404b71178f59d8819c380b951d7c
  custom:scripting/monoscript/fileName/NavMeshComponentsGUIUtility.cs: 031a331373bebd0dbd0914421ec4dc78 -> 08c52049b94db52661003d42fda4ecff
  custom:scripting/monoscript/fileName/ConverterItemInfo.cs: ac42f0e17844a33779eab11e15959d0e -> f61437cbb7953fbfeff62301ac8e3fd0
  custom:CustomObjectIndexerAttribute: 72b91833f83ae208fae7752999fa3104 -> 
  custom:scripting/monoscript/fileName/NavMeshAssetManager.cs: e08a0378c721f1f25bd22088f2f1c57f -> 79eb4858c2054289cd611249ab36b0a5
  custom:scripting/monoscript/fileName/NavMeshSurfaceEditor.cs: facd6a0c9776c7d71689d1aab9819f46 -> adb1294e971eab992abc2e3e7e051565
  custom:container-demuxer-webm: 4f35f7cbe854078d1ac9338744f61a02 -> 
  custom:scripting/monoscript/fileName/NavMeshModifierVolume.cs: 6bd7a278588de5bdfc0e671df1a878df -> 8dc531216c72b86c60b86e16ff3da10b
  custom:scripting/monoscript/fileName/NavMeshUpdaterUtility.cs: 8ab501a5bf03f031c19b40f7668c1641 -> 5eb03802e6dba19b3e13aaf384805cac
  custom:scripting/monoscript/fileName/NavigationPreferences.cs: 0363b64d3a7a7e0cf24ac21ff2a55693 -> ada9399a4f085d4c824cc06527e7fcae
  custom:scripting/monoscript/fileName/Director.cs: 5eb3d142590217f41c4d62b1c8a29dc7 -> a640d0f47f78a7e4ebb57403003e2bbb
  custom:scripting/monoscript/fileName/NavMeshUpdaterEditor.cs: 50121c23ec79e7ac6c70dd99f719297f -> 169704080eda430978bba61ddedeb304
  custom:scripting/monoscript/fileName/NavMeshModifierEditor.cs: 64d96048d1ecb52c13f79fe460520c53 -> b8675d28116f43f78881455a7301fe8c
  custom:container-muxer-webm: aa71ff27fc2769a1b78a27578f13a17b -> 
  custom:video-decoder-webm-vp8: 9c59270c3fd7afecdb556c50c9e8de78 -> 
  custom:scripting/monoscript/fileName/HelpUrls.cs: 2ab62bc7616e1f75bb9eaa819a355c35 -> c1a90585e3e9c9d25f58f9141655f24f
  custom:scripting/monoscript/fileName/EditorStyles.cs: 11ab1db9e92fdf6f91f7e4f8529bd1fd -> 86b9f4d8fe570a8d8295bfc466c975cf
  custom:SearchIndexIgnoredProperties: e643bd26f0fe6173181afceb89e7c659 -> 
  custom:scripting/monoscript/fileName/NavMeshLinkEditor.cs: db5b506298670e15595eb17639342f60 -> aed8ae070d922149bb2ba3de06889ff6
  custom:AudioImporter_EditorPlatform: 3918e3fc78b5a79bad01e8451be0beb8 -> 
  custom:scripting/monoscript/fileName/NavMeshModifier.cs: 9f2f9ac4a63518769861a9fe3fc49054 -> 99ae5ed91bb784edc4f8312d7de046da
  custom:scripting/monoscript/fileName/IDangerTarget.cs: 0c873814c455377db02d26747af107f7 -> 241d303714f1488ee23fa75bf711b2e7
  custom:scripting/monoscript/fileName/NavMeshSceneConverter.cs: 6496c5f8eec789f0b87d8b24a60b77ce -> baf486a1c1cdf03a3111dd113d13c2f4
  custom:scripting/monoscript/fileName/SystemConverterContainer.cs: bdec785a88883dec09abdd8ddca1fdd8 -> eb4026ea01a117ce0888f693e9eed2cd
  custom:scripting/monoscript/fileName/NavMeshLink.cs: d553acf56818ed54adbed2f21967e3cd -> 0b3d0eeb07ab57d259e8f9365538df09
  custom:framework-osx-AVFoundation: e770b220cccbd017edd2c1fefb359320 -> 
  custom:scripting/monoscript/fileName/ObsoleteNavigationWindowMenuEntry.cs: 4e6e880c198acc644c2491c8b716b9b6 -> c7f73386e6473f401a8e4151cac4e1e5
  custom:scripting/monoscript/fileName/InitializeConverterContext.cs: 50a04ff198dcd709e5450f3b9d7061b1 -> a45c5db80ce634a6cb9d0945b8b3954d
  custom:scripting/monoscript/fileName/SystemConverter.cs: 7cde37e2d29752cb5e16f9b46b9ba9df -> c748d1769fc66e95256254a1cc1497f3
  custom:video-encoder-webm-vp8: eb34c28f22e8b96e1ab97ce403110664 -> 
  custom:audio-decoder-ogg-vorbis: bf7c407c2cedff20999df2af8eb42d56 -> 
  custom:scripting/monoscript/fileName/Principal.cs: a0aeb8acfeb0debf2b8ee70b46c046fa -> 
  custom:scripting/monoscript/fileName/RunItemContext.cs: efefd8ae99d1ef552ffd46e4466293bd -> bb4ef75ce860de201ddb04b582034b5c
  custom:audio-encoder-webm-vorbis: bf7c407c2cedff20999df2af8eb42d56 -> 
  custom:scripting/monoscript/fileName/CCTVScanner.cs: f07b35ed66aa3c4c3b1688f93adbf95f -> 
  custom:scripting/monoscript/fileName/SystemConvertersEditor.cs: b157cb077fe6af3401a860fcac0dab41 -> c127c1335f24b77ca70195bf2136c6a2
========================================================================
Received Prepare
Caller must complete domain reload
Begin MonoManager ReloadAssembly
Thread 0x298c87000 may have been prematurely finalized
- Loaded All Assemblies, in  0.256 seconds
Native extension for WindowsStandalone target not found
Native extension for iOS target not found
Native extension for Android target not found
Native extension for OSXStandalone target not found
Native extension for WebGL target not found
Mono: successfully reloaded assembly
- Finished resetting the current domain, in  0.577 seconds
Domain Reload Profiling: 832ms
	BeginReloadAssembly (83ms)
		ExecutionOrderSort (0ms)
		DisableScriptedObjects (2ms)
		BackupInstance (0ms)
		ReleaseScriptingObjects (0ms)
		CreateAndSetChildDomain (27ms)
	RebuildCommonClasses (27ms)
	RebuildNativeTypeToScriptingClass (9ms)
	initialDomainReloadingComplete (15ms)
	LoadAllAssembliesAndSetupDomain (122ms)
		LoadAssemblies (138ms)
		RebuildTransferFunctionScriptingTraits (0ms)
		AnalyzeDomain (15ms)
			TypeCache.Refresh (5ms)
				TypeCache.ScanAssembly (0ms)
			ScanForSourceGeneratedMonoScriptInfo (0ms)
			ResolveRequiredComponents (9ms)
	FinalizeReload (577ms)
		ReleaseScriptCaches (0ms)
		RebuildScriptCaches (0ms)
		SetupLoadedEditorAssemblies (298ms)
			LogAssemblyErrors (0ms)
			InitializePlatformSupportModulesInManaged (19ms)
			SetLoadedEditorAssemblies (5ms)
			RefreshPlugins (0ms)
			BeforeProcessingInitializeOnLoad (58ms)
			ProcessInitializeOnLoadAttributes (180ms)
			ProcessInitializeOnLoadMethodAttributes (34ms)
			AfterProcessingInitializeOnLoad (2ms)
			EditorAssembliesLoaded (0ms)
		ExecutionOrderSort2 (0ms)
		AwakeInstancesAfterBackupRestoration (4ms)
Refreshing native plugins compatible for Editor in 0.92 ms, found 2 plugins.
Preloading 0 native plugins for Editor in 0.00 ms.
Unloading 5155 Unused Serialized files (Serialized files now loaded: 0)
Unloading 26 unused Assets / (0.7 MB). Loaded Objects now: 5866.
Memory consumption went from 241.6 MB to 240.9 MB.
Total: 2.366541 ms (FindLiveObjects: 0.155208 ms CreateObjectMapping: 0.057291 ms MarkObjects: 1.999750 ms  DeleteObjects: 0.153459 ms)

Prepare: number of updated asset objects reloaded= 0
AssetImportParameters requested are different than current active one (requested -> active):
  custom:scripting/monoscript/fileName/NavMeshSurface.cs: 6ef652ad69ea88173bf35c557b9dddbd -> 34aebd278d8d3d5db6b23265b9c700f9
  custom:container-demuxer-ogg: 62fdf1f143b41e24485cea50d1cbac27 -> 
  custom:scripting/monoscript/fileName/NavMeshModifierVolumeEditor.cs: 5dc38ce975f8531f0c32b6103abe4b3a -> 262a50135a116189426aa01c964a744c
  custom:scripting/monoscript/fileName/NavigationOverlay.cs: c5a44226873678a0cb60da52538c2f49 -> 2744f4e7946ebbb71339c9b1ce538d00
  custom:scripting/monoscript/fileName/ConverterItemDescriptor.cs: 994a2a840cbf21580524a5ee48ba943a -> ce581e054faf450c31196535a41f95f6
  custom:scripting/monoscript/fileName/BuiltInToNavMeshSurfaceConverterContainer.cs: c211ada32dadd57d744f821bc5284c6c -> c40a906f9f99ea8a6c5aaa215767017f
  custom:video-decoder-ogg-theora: a1e56fd34408186e4bbccfd4996cb3dc -> 
  custom:scripting/monoscript/fileName/NavigationWindow.cs: 1279a85ab048fbed97c5121b62728812 -> 7884404b71178f59d8819c380b951d7c
  custom:scripting/monoscript/fileName/NavMeshComponentsGUIUtility.cs: 031a331373bebd0dbd0914421ec4dc78 -> 08c52049b94db52661003d42fda4ecff
  custom:scripting/monoscript/fileName/ConverterItemInfo.cs: ac42f0e17844a33779eab11e15959d0e -> f61437cbb7953fbfeff62301ac8e3fd0
  custom:CustomObjectIndexerAttribute: 72b91833f83ae208fae7752999fa3104 -> 
  custom:scripting/monoscript/fileName/NavMeshAssetManager.cs: e08a0378c721f1f25bd22088f2f1c57f -> 79eb4858c2054289cd611249ab36b0a5
  custom:scripting/monoscript/fileName/NavMeshSurfaceEditor.cs: facd6a0c9776c7d71689d1aab9819f46 -> adb1294e971eab992abc2e3e7e051565
  custom:container-demuxer-webm: 4f35f7cbe854078d1ac9338744f61a02 -> 
  custom:scripting/monoscript/fileName/NavMeshModifierVolume.cs: 6bd7a278588de5bdfc0e671df1a878df -> 8dc531216c72b86c60b86e16ff3da10b
  custom:scripting/monoscript/fileName/NavMeshUpdaterUtility.cs: 8ab501a5bf03f031c19b40f7668c1641 -> 5eb03802e6dba19b3e13aaf384805cac
  custom:scripting/monoscript/fileName/NavigationPreferences.cs: 0363b64d3a7a7e0cf24ac21ff2a55693 -> ada9399a4f085d4c824cc06527e7fcae
  custom:scripting/monoscript/fileName/Director.cs: 5eb3d142590217f41c4d62b1c8a29dc7 -> a640d0f47f78a7e4ebb57403003e2bbb
  custom:scripting/monoscript/fileName/NavMeshUpdaterEditor.cs: 50121c23ec79e7ac6c70dd99f719297f -> 169704080eda430978bba61ddedeb304
  custom:scripting/monoscript/fileName/NavMeshModifierEditor.cs: 64d96048d1ecb52c13f79fe460520c53 -> b8675d28116f43f78881455a7301fe8c
  custom:container-muxer-webm: aa71ff27fc2769a1b78a27578f13a17b -> 
  custom:video-decoder-webm-vp8: 9c59270c3fd7afecdb556c50c9e8de78 -> 
  custom:scripting/monoscript/fileName/HelpUrls.cs: 2ab62bc7616e1f75bb9eaa819a355c35 -> c1a90585e3e9c9d25f58f9141655f24f
  custom:scripting/monoscript/fileName/EditorStyles.cs: 11ab1db9e92fdf6f91f7e4f8529bd1fd -> 86b9f4d8fe570a8d8295bfc466c975cf
  custom:SearchIndexIgnoredProperties: e643bd26f0fe6173181afceb89e7c659 -> 
  custom:scripting/monoscript/fileName/NavMeshLinkEditor.cs: db5b506298670e15595eb17639342f60 -> aed8ae070d922149bb2ba3de06889ff6
  custom:AudioImporter_EditorPlatform: 3918e3fc78b5a79bad01e8451be0beb8 -> 
  custom:scripting/monoscript/fileName/NavMeshModifier.cs: 9f2f9ac4a63518769861a9fe3fc49054 -> 99ae5ed91bb784edc4f8312d7de046da
  custom:scripting/monoscript/fileName/IDangerTarget.cs: 0c873814c455377db02d26747af107f7 -> 241d303714f1488ee23fa75bf711b2e7
  custom:scripting/monoscript/fileName/NavMeshSceneConverter.cs: 6496c5f8eec789f0b87d8b24a60b77ce -> baf486a1c1cdf03a3111dd113d13c2f4
  custom:scripting/monoscript/fileName/SystemConverterContainer.cs: bdec785a88883dec09abdd8ddca1fdd8 -> eb4026ea01a117ce0888f693e9eed2cd
  custom:scripting/monoscript/fileName/NavMeshLink.cs: d553acf56818ed54adbed2f21967e3cd -> 0b3d0eeb07ab57d259e8f9365538df09
  custom:framework-osx-AVFoundation: e770b220cccbd017edd2c1fefb359320 -> 
  custom:scripting/monoscript/fileName/ObsoleteNavigationWindowMenuEntry.cs: 4e6e880c198acc644c2491c8b716b9b6 -> c7f73386e6473f401a8e4151cac4e1e5
  custom:scripting/monoscript/fileName/InitializeConverterContext.cs: 50a04ff198dcd709e5450f3b9d7061b1 -> a45c5db80ce634a6cb9d0945b8b3954d
  custom:scripting/monoscript/fileName/SystemConverter.cs: 7cde37e2d29752cb5e16f9b46b9ba9df -> c748d1769fc66e95256254a1cc1497f3
  custom:video-encoder-webm-vp8: eb34c28f22e8b96e1ab97ce403110664 -> 
  custom:audio-decoder-ogg-vorbis: bf7c407c2cedff20999df2af8eb42d56 -> 
  custom:scripting/monoscript/fileName/Principal.cs: a0aeb8acfeb0debf2b8ee70b46c046fa -> 
  custom:scripting/monoscript/fileName/RunItemContext.cs: efefd8ae99d1ef552ffd46e4466293bd -> bb4ef75ce860de201ddb04b582034b5c
  custom:audio-encoder-webm-vorbis: bf7c407c2cedff20999df2af8eb42d56 -> 
  custom:scripting/monoscript/fileName/CCTVScanner.cs: f07b35ed66aa3c4c3b1688f93adbf95f -> 
  custom:scripting/monoscript/fileName/SystemConvertersEditor.cs: b157cb077fe6af3401a860fcac0dab41 -> c127c1335f24b77ca70195bf2136c6a2
