Using pre-set license
Built from '2022.3/staging' branch; Version is '2022.3.47f1 (88c277b85d21) revision 8962679'; Using compiler version '192829333'; Build Type 'Release'
OS: 'Windows 11  (10.0.26100) 64bit Core' Language: 'ko' Physical Memory: 32283 MB
BatchMode: 1, IsHumanControllingUs: 0, StartBugReporterOnCrash: 0, Is64bit: 1, IsPro: 1

COMMAND LINE ARGUMENTS:
C:\Program Files\Unity\Hub\Editor\2022.3.47f1\Editor\Unity.exe
-adb2
-batchMode
-noUpm
-name
AssetImportWorker0
-projectPath
C:/Users/doyeon/Documents/GitHub/DelRev/DelRev
-logFile
Logs/AssetImportWorker0.log
-srvPort
49918
Successfully changed project path to: C:/Users/doyeon/Documents/GitHub/DelRev/DelRev
C:/Users/doyeon/Documents/GitHub/DelRev/DelRev
[UnityMemory] Configuration Parameters - Can be set up in boot.config
    "memorysetup-bucket-allocator-granularity=16"
    "memorysetup-bucket-allocator-bucket-count=8"
    "memorysetup-bucket-allocator-block-size=33554432"
    "memorysetup-bucket-allocator-block-count=8"
    "memorysetup-main-allocator-block-size=16777216"
    "memorysetup-thread-allocator-block-size=16777216"
    "memorysetup-gfx-main-allocator-block-size=16777216"
    "memorysetup-gfx-thread-allocator-block-size=16777216"
    "memorysetup-cache-allocator-block-size=4194304"
    "memorysetup-typetree-allocator-block-size=2097152"
    "memorysetup-profiler-bucket-allocator-granularity=16"
    "memorysetup-profiler-bucket-allocator-bucket-count=8"
    "memorysetup-profiler-bucket-allocator-block-size=33554432"
    "memorysetup-profiler-bucket-allocator-block-count=8"
    "memorysetup-profiler-allocator-block-size=16777216"
    "memorysetup-profiler-editor-allocator-block-size=1048576"
    "memorysetup-temp-allocator-size-main=16777216"
    "memorysetup-job-temp-allocator-block-size=2097152"
    "memorysetup-job-temp-allocator-block-size-background=1048576"
    "memorysetup-job-temp-allocator-reduction-small-platforms=262144"
    "memorysetup-allocator-temp-initial-block-size-main=262144"
    "memorysetup-allocator-temp-initial-block-size-worker=262144"
    "memorysetup-temp-allocator-size-background-worker=32768"
    "memorysetup-temp-allocator-size-job-worker=262144"
    "memorysetup-temp-allocator-size-preload-manager=33554432"
    "memorysetup-temp-allocator-size-nav-mesh-worker=65536"
    "memorysetup-temp-allocator-size-audio-worker=65536"
    "memorysetup-temp-allocator-size-cloud-worker=32768"
    "memorysetup-temp-allocator-size-gi-baking-worker=262144"
    "memorysetup-temp-allocator-size-gfx=262144"
Player connection [1992]  Target information:

Player connection [1992]  * "[IP] 172.20.10.5 [Port] 0 [Flags] 2 [Guid] 1847620127 [EditorId] 1847620127 [Version] 1048832 [Id] WindowsEditor(7,DESKTOP-T9KB0LK) [Debug] 1 [PackageName] WindowsEditor [ProjectName] Editor" 

Player connection [1992] Host joined multi-casting on [225.0.0.222:54997]...
Player connection [1992] Host joined alternative multi-casting on [225.0.0.222:34997]...
[PhysX] Initialized MultithreadedTaskDispatcher with 22 workers.
Refreshing native plugins compatible for Editor in 3016.46 ms, found 3 plugins.
Preloading 0 native plugins for Editor in 0.00 ms.
Initialize engine version: 2022.3.47f1 (88c277b85d21)
[Subsystems] Discovering subsystems at path C:/Program Files/Unity/Hub/Editor/2022.3.47f1/Editor/Data/Resources/UnitySubsystems
[Subsystems] Discovering subsystems at path C:/Users/doyeon/Documents/GitHub/DelRev/DelRev/Assets
GfxDevice: creating device client; threaded=0; jobified=0
Direct3D:
    Version:  Direct3D 11.0 [level 11.1]
    Renderer: Intel(R) Arc(TM) Graphics (ID=0x7d55)
    Vendor:   Intel
    VRAM:     16141 MB
    Driver:   31.0.101.5382
Initialize mono
Mono path[0] = 'C:/Program Files/Unity/Hub/Editor/2022.3.47f1/Editor/Data/Managed'
Mono path[1] = 'C:/Program Files/Unity/Hub/Editor/2022.3.47f1/Editor/Data/MonoBleedingEdge/lib/mono/unityjit-win32'
Mono config path = 'C:/Program Files/Unity/Hub/Editor/2022.3.47f1/Editor/Data/MonoBleedingEdge/etc'
Using monoOptions --debugger-agent=transport=dt_socket,embedding=1,server=y,suspend=n,address=127.0.0.1:56604
Begin MonoManager ReloadAssembly
Registering precompiled unity dll's ...
Register platform support module: C:/Program Files/Unity/Hub/Editor/2022.3.47f1/Editor/Data/PlaybackEngines/AndroidPlayer/UnityEditor.Android.Extensions.dll
Register platform support module: C:/Program Files/Unity/Hub/Editor/2022.3.47f1/Editor/Data/PlaybackEngines/iOSSupport/UnityEditor.iOS.Extensions.dll
Register platform support module: C:/Program Files/Unity/Hub/Editor/2022.3.47f1/Editor/Data/PlaybackEngines/WindowsStandaloneSupport/UnityEditor.WindowsStandalone.Extensions.dll
Registered in 0.016305 seconds.
- Loaded All Assemblies, in 17.226 seconds
Native extension for WindowsStandalone target not found
Native extension for iOS target not found
Native extension for Android target not found
Android Extension - Scanning For ADB Devices 943 ms
Mono: successfully reloaded assembly
- Finished resetting the current domain, in  2.025 seconds
Domain Reload Profiling: 19249ms
	BeginReloadAssembly (12675ms)
		ExecutionOrderSort (0ms)
		DisableScriptedObjects (0ms)
		BackupInstance (0ms)
		ReleaseScriptingObjects (0ms)
		CreateAndSetChildDomain (1ms)
	RebuildCommonClasses (972ms)
	RebuildNativeTypeToScriptingClass (19ms)
	initialDomainReloadingComplete (86ms)
	LoadAllAssembliesAndSetupDomain (3471ms)
		LoadAssemblies (12664ms)
		RebuildTransferFunctionScriptingTraits (0ms)
		AnalyzeDomain (3466ms)
			TypeCache.Refresh (3464ms)
				TypeCache.ScanAssembly (2845ms)
			ScanForSourceGeneratedMonoScriptInfo (0ms)
			ResolveRequiredComponents (1ms)
	FinalizeReload (2026ms)
		ReleaseScriptCaches (0ms)
		RebuildScriptCaches (0ms)
		SetupLoadedEditorAssemblies (1960ms)
			LogAssemblyErrors (0ms)
			InitializePlatformSupportModulesInManaged (1674ms)
			SetLoadedEditorAssemblies (7ms)
			RefreshPlugins (0ms)
			BeforeProcessingInitializeOnLoad (2ms)
			ProcessInitializeOnLoadAttributes (202ms)
			ProcessInitializeOnLoadMethodAttributes (74ms)
			AfterProcessingInitializeOnLoad (0ms)
			EditorAssembliesLoaded (0ms)
		ExecutionOrderSort2 (0ms)
		AwakeInstancesAfterBackupRestoration (0ms)
========================================================================
Worker process is ready to serve import requests
Caller must complete domain reload
Begin MonoManager ReloadAssembly
- Loaded All Assemblies, in 16.027 seconds
Native extension for WindowsStandalone target not found
Native extension for iOS target not found
Native extension for Android target not found
Mono: successfully reloaded assembly
- Finished resetting the current domain, in  1.229 seconds
Domain Reload Profiling: 17249ms
	BeginReloadAssembly (227ms)
		ExecutionOrderSort (0ms)
		DisableScriptedObjects (8ms)
		BackupInstance (0ms)
		ReleaseScriptingObjects (0ms)
		CreateAndSetChildDomain (28ms)
	RebuildCommonClasses (52ms)
	RebuildNativeTypeToScriptingClass (17ms)
	initialDomainReloadingComplete (82ms)
	LoadAllAssembliesAndSetupDomain (15641ms)
		LoadAssemblies (14331ms)
		RebuildTransferFunctionScriptingTraits (0ms)
		AnalyzeDomain (1441ms)
			TypeCache.Refresh (1402ms)
				TypeCache.ScanAssembly (1236ms)
			ScanForSourceGeneratedMonoScriptInfo (25ms)
			ResolveRequiredComponents (12ms)
	FinalizeReload (1230ms)
		ReleaseScriptCaches (0ms)
		RebuildScriptCaches (0ms)
		SetupLoadedEditorAssemblies (962ms)
			LogAssemblyErrors (0ms)
			InitializePlatformSupportModulesInManaged (45ms)
			SetLoadedEditorAssemblies (4ms)
			RefreshPlugins (0ms)
			BeforeProcessingInitializeOnLoad (101ms)
			ProcessInitializeOnLoadAttributes (753ms)
			ProcessInitializeOnLoadMethodAttributes (42ms)
			AfterProcessingInitializeOnLoad (17ms)
			EditorAssembliesLoaded (0ms)
		ExecutionOrderSort2 (0ms)
		AwakeInstancesAfterBackupRestoration (13ms)
Launched and connected shader compiler UnityShaderCompiler.exe after 0.21 seconds
Refreshing native plugins compatible for Editor in 9.70 ms, found 3 plugins.
Preloading 0 native plugins for Editor in 0.00 ms.
Unloading 3369 Unused Serialized files (Serialized files now loaded: 0)
Unloading 23 unused Assets / (344.1 KB). Loaded Objects now: 3833.
Memory consumption went from 149.0 MB to 148.6 MB.
Total: 6.757000 ms (FindLiveObjects: 0.535700 ms CreateObjectMapping: 0.408300 ms MarkObjects: 5.558000 ms  DeleteObjects: 0.252500 ms)

AssetImportParameters requested are different than current active one (requested -> active):
  custom:container-demuxer-ogg: 62fdf1f143b41e24485cea50d1cbac27 -> 
  custom:video-decoder-ogg-theora: a1e56fd34408186e4bbccfd4996cb3dc -> 
  custom:framework-win-MediaFoundation: 216162199b28c13a410421893ffa2e32 -> 
  custom:CustomObjectIndexerAttribute: 9a22284fe3817be447336de3de66b15e -> 
  custom:container-demuxer-webm: 4f35f7cbe854078d1ac9338744f61a02 -> 
  custom:container-muxer-webm: aa71ff27fc2769a1b78a27578f13a17b -> 
  custom:video-decoder-webm-vp8: 9c59270c3fd7afecdb556c50c9e8de78 -> 
  custom:SearchIndexIgnoredProperties: e643bd26f0fe6173181afceb89e7c659 -> 
  custom:AudioImporter_EditorPlatform: d09bf68614088b80899f8185d706f6e7 -> 
  custom:video-encoder-webm-vp8: eb34c28f22e8b96e1ab97ce403110664 -> 
  custom:audio-decoder-ogg-vorbis: bf7c407c2cedff20999df2af8eb42d56 -> 
  custom:audio-encoder-webm-vorbis: bf7c407c2cedff20999df2af8eb42d56 -> 
========================================================================
Received Import Request.
  Time since last request: 1483.511459 seconds.
  path: Assets/doyeon/asset/texture/wood.mat
  artifactKey: Guid(c84a5a1201036ab4097abd80f1d69f0c) Importer(815301076,1909f56bfc062723c751e8b465ee728b)
Start importing Assets/doyeon/asset/texture/wood.mat using Guid(c84a5a1201036ab4097abd80f1d69f0c) Importer(815301076,1909f56bfc062723c751e8b465ee728b) [PhysX] Initialized MultithreadedTaskDispatcher with 22 workers.
[PhysX] Initialized MultithreadedTaskDispatcher with 22 workers.
 -> (artifact id: '6fefd98018395971949dd8d2bfce9eb2') in 0.377937 seconds
Number of updated asset objects reloaded before import = 0
Number of asset objects unloaded after import = 3
========================================================================
Received Import Request.
  Time since last request: 0.000047 seconds.
  path: Assets/doyeon/asset/texture/Wood-roughness.jpg
  artifactKey: Guid(1bf8cf67db57ae54cacaa89e30803638) Importer(815301076,1909f56bfc062723c751e8b465ee728b)
Start importing Assets/doyeon/asset/texture/Wood-roughness.jpg using Guid(1bf8cf67db57ae54cacaa89e30803638) Importer(815301076,1909f56bfc062723c751e8b465ee728b) [PhysX] Initialized MultithreadedTaskDispatcher with 22 workers.
[PhysX] Initialized MultithreadedTaskDispatcher with 22 workers.
 -> (artifact id: '342630d88e1d7204b03c66ae01d20e1f') in 0.055668 seconds
Number of updated asset objects reloaded before import = 0
Number of asset objects unloaded after import = 2
========================================================================
Received Import Request.
  Time since last request: 0.000110 seconds.
  path: Assets/doyeon/asset/texture/Wood034_2K_Normal.jpg
  artifactKey: Guid(67a3decf5554fc945841b67aa7df7834) Importer(815301076,1909f56bfc062723c751e8b465ee728b)
Start importing Assets/doyeon/asset/texture/Wood034_2K_Normal.jpg using Guid(67a3decf5554fc945841b67aa7df7834) Importer(815301076,1909f56bfc062723c751e8b465ee728b) [PhysX] Initialized MultithreadedTaskDispatcher with 22 workers.
[PhysX] Initialized MultithreadedTaskDispatcher with 22 workers.
 -> (artifact id: '102eca3593992067de98ba50d3f8b290') in 0.038687 seconds
Number of updated asset objects reloaded before import = 0
Number of asset objects unloaded after import = 2
========================================================================
Received Import Request.
  Time since last request: 0.000034 seconds.
  path: Assets/doyeon/asset/texture/Wood-basecolor.jpg
  artifactKey: Guid(f26e653f4fe881b40a3474eca5a4b2fe) Importer(815301076,1909f56bfc062723c751e8b465ee728b)
Start importing Assets/doyeon/asset/texture/Wood-basecolor.jpg using Guid(f26e653f4fe881b40a3474eca5a4b2fe) Importer(815301076,1909f56bfc062723c751e8b465ee728b) [PhysX] Initialized MultithreadedTaskDispatcher with 22 workers.
[PhysX] Initialized MultithreadedTaskDispatcher with 22 workers.
 -> (artifact id: 'e6f6b09b8a53776ab7dcbdafbd147d94') in 0.036218 seconds
Number of updated asset objects reloaded before import = 0
Number of asset objects unloaded after import = 2
========================================================================
Received Import Request.
  Time since last request: 1168.494885 seconds.
  path: Assets/doyeon/asset/texture/toy2_T_body_Normal_OpenGL.jpg
  artifactKey: Guid(e6ff60309f011e247b745788888a0e1d) Importer(815301076,1909f56bfc062723c751e8b465ee728b)
Start importing Assets/doyeon/asset/texture/toy2_T_body_Normal_OpenGL.jpg using Guid(e6ff60309f011e247b745788888a0e1d) Importer(815301076,1909f56bfc062723c751e8b465ee728b) [PhysX] Initialized MultithreadedTaskDispatcher with 22 workers.
[PhysX] Initialized MultithreadedTaskDispatcher with 22 workers.
 -> (artifact id: 'ea8af359196a7462250aaace3c06290d') in 0.044772 seconds
Number of updated asset objects reloaded before import = 0
Number of asset objects unloaded after import = 2
========================================================================
Received Import Request.
  Time since last request: 0.000197 seconds.
  path: Assets/doyeon/asset/texture/toy_p.mat
  artifactKey: Guid(3f7d706e72512574cb16d48c44598319) Importer(815301076,1909f56bfc062723c751e8b465ee728b)
Start importing Assets/doyeon/asset/texture/toy_p.mat using Guid(3f7d706e72512574cb16d48c44598319) Importer(815301076,1909f56bfc062723c751e8b465ee728b) [PhysX] Initialized MultithreadedTaskDispatcher with 22 workers.
[PhysX] Initialized MultithreadedTaskDispatcher with 22 workers.
 -> (artifact id: 'fe6a8b8bb2c1baca8c653f0edc530456') in 0.035052 seconds
Number of updated asset objects reloaded before import = 0
Number of asset objects unloaded after import = 3
========================================================================
Received Import Request.
  Time since last request: 0.000178 seconds.
  path: Assets/doyeon/asset/texture/toy2_T_wheels_Base_Color.jpg
  artifactKey: Guid(9484e7c6148c4dd4591c82c061c89dcf) Importer(815301076,1909f56bfc062723c751e8b465ee728b)
Start importing Assets/doyeon/asset/texture/toy2_T_wheels_Base_Color.jpg using Guid(9484e7c6148c4dd4591c82c061c89dcf) Importer(815301076,1909f56bfc062723c751e8b465ee728b) [PhysX] Initialized MultithreadedTaskDispatcher with 22 workers.
[PhysX] Initialized MultithreadedTaskDispatcher with 22 workers.
 -> (artifact id: '781b05097bd8afd40636d98f5e04a326') in 0.040558 seconds
Number of updated asset objects reloaded before import = 0
Number of asset objects unloaded after import = 2
========================================================================
Received Import Request.
  Time since last request: 0.000432 seconds.
  path: Assets/doyeon/asset/texture/toy2_T_wheels_Normal_OpenGL.jpg
  artifactKey: Guid(383f4806be6a8ef4896512ef090a4301) Importer(815301076,1909f56bfc062723c751e8b465ee728b)
Start importing Assets/doyeon/asset/texture/toy2_T_wheels_Normal_OpenGL.jpg using Guid(383f4806be6a8ef4896512ef090a4301) Importer(815301076,1909f56bfc062723c751e8b465ee728b) [PhysX] Initialized MultithreadedTaskDispatcher with 22 workers.
[PhysX] Initialized MultithreadedTaskDispatcher with 22 workers.
 -> (artifact id: '9b174fb14ae94669d1f99f1c64d56af4') in 0.040271 seconds
Number of updated asset objects reloaded before import = 0
Number of asset objects unloaded after import = 2
========================================================================
Received Import Request.
  Time since last request: 0.000027 seconds.
  path: Assets/doyeon/asset/texture/toy2_wheels.mat
  artifactKey: Guid(f5670841f4842d24bb5d8fe165c8a9e3) Importer(815301076,1909f56bfc062723c751e8b465ee728b)
Start importing Assets/doyeon/asset/texture/toy2_wheels.mat using Guid(f5670841f4842d24bb5d8fe165c8a9e3) Importer(815301076,1909f56bfc062723c751e8b465ee728b) [PhysX] Initialized MultithreadedTaskDispatcher with 22 workers.
[PhysX] Initialized MultithreadedTaskDispatcher with 22 workers.
 -> (artifact id: 'd49e3e9979452cb38b1c4cb4a86b6bfd') in 0.130324 seconds
Number of updated asset objects reloaded before import = 0
Number of asset objects unloaded after import = 4
========================================================================
Received Import Request.
  Time since last request: 48686.944799 seconds.
  path: Assets/doyeon/asset/texture/toy2_body.mat
  artifactKey: Guid(2859e40439b25544e84b1d7692cf8c93) Importer(815301076,1909f56bfc062723c751e8b465ee728b)
Start importing Assets/doyeon/asset/texture/toy2_body.mat using Guid(2859e40439b25544e84b1d7692cf8c93) Importer(815301076,1909f56bfc062723c751e8b465ee728b) [PhysX] Initialized MultithreadedTaskDispatcher with 22 workers.
[PhysX] Initialized MultithreadedTaskDispatcher with 22 workers.
 -> (artifact id: '5e3150563b8aaa002f8fbcf72149247d') in 0.132468 seconds
Number of updated asset objects reloaded before import = 0
Number of asset objects unloaded after import = 3
========================================================================
Received Import Request.
  Time since last request: 0.000275 seconds.
  path: Assets/doyeon/asset/texture/toy2_T_body_Base_Color.jpg
  artifactKey: Guid(1675b94abdf36f74fab8fba833980ff0) Importer(815301076,1909f56bfc062723c751e8b465ee728b)
Start importing Assets/doyeon/asset/texture/toy2_T_body_Base_Color.jpg using Guid(1675b94abdf36f74fab8fba833980ff0) Importer(815301076,1909f56bfc062723c751e8b465ee728b) [PhysX] Initialized MultithreadedTaskDispatcher with 22 workers.
[PhysX] Initialized MultithreadedTaskDispatcher with 22 workers.
 -> (artifact id: 'fc5dda82bb3fd2caebcc2f13243e5146') in 0.059869 seconds
Number of updated asset objects reloaded before import = 0
Number of asset objects unloaded after import = 2
========================================================================
Received Import Request.
  Time since last request: 12674.011809 seconds.
  path: Assets/doyeon/asset/texture/normal.jpg
  artifactKey: Guid(d5d3677073f889442ad2542a1a5d6545) Importer(815301076,1909f56bfc062723c751e8b465ee728b)
Start importing Assets/doyeon/asset/texture/normal.jpg using Guid(d5d3677073f889442ad2542a1a5d6545) Importer(815301076,1909f56bfc062723c751e8b465ee728b) [PhysX] Initialized MultithreadedTaskDispatcher with 22 workers.
[PhysX] Initialized MultithreadedTaskDispatcher with 22 workers.
 -> (artifact id: '773b0c1b60b2790e84dc980688d18e16') in 0.065415 seconds
Number of updated asset objects reloaded before import = 0
Number of asset objects unloaded after import = 2
========================================================================
Received Import Request.
  Time since last request: 0.000123 seconds.
  path: Assets/doyeon/asset/texture/rubber_duck_toy_nor_gl_4k.exr
  artifactKey: Guid(31942194d27c84048badb36b6fdcecae) Importer(815301076,1909f56bfc062723c751e8b465ee728b)
Start importing Assets/doyeon/asset/texture/rubber_duck_toy_nor_gl_4k.exr using Guid(31942194d27c84048badb36b6fdcecae) Importer(815301076,1909f56bfc062723c751e8b465ee728b) [PhysX] Initialized MultithreadedTaskDispatcher with 22 workers.
[PhysX] Initialized MultithreadedTaskDispatcher with 22 workers.
 -> (artifact id: '8a46c81ed09ea161985b0d526ed4581f') in 0.030508 seconds
Number of updated asset objects reloaded before import = 0
Number of asset objects unloaded after import = 2
========================================================================
Received Import Request.
  Time since last request: 0.000108 seconds.
  path: Assets/doyeon/asset/texture/rubber_duck_toy_diff_4k.jpg
  artifactKey: Guid(2837943ea531c3543b3f9ee0b1280148) Importer(815301076,1909f56bfc062723c751e8b465ee728b)
Start importing Assets/doyeon/asset/texture/rubber_duck_toy_diff_4k.jpg using Guid(2837943ea531c3543b3f9ee0b1280148) Importer(815301076,1909f56bfc062723c751e8b465ee728b) [PhysX] Initialized MultithreadedTaskDispatcher with 22 workers.
[PhysX] Initialized MultithreadedTaskDispatcher with 22 workers.
 -> (artifact id: '0b3285f2baf557f98648df5e7f070dd6') in 0.027583 seconds
Number of updated asset objects reloaded before import = 0
Number of asset objects unloaded after import = 2
========================================================================
Received Import Request.
  Time since last request: 0.000115 seconds.
  path: Assets/doyeon/asset/texture/rubber_duck_toy_metal_4k.exr
  artifactKey: Guid(6ac6b0b0a6f5fbe41ab1740b19660995) Importer(815301076,1909f56bfc062723c751e8b465ee728b)
Start importing Assets/doyeon/asset/texture/rubber_duck_toy_metal_4k.exr using Guid(6ac6b0b0a6f5fbe41ab1740b19660995) Importer(815301076,1909f56bfc062723c751e8b465ee728b) [PhysX] Initialized MultithreadedTaskDispatcher with 22 workers.
[PhysX] Initialized MultithreadedTaskDispatcher with 22 workers.
 -> (artifact id: '4925788166d93cc48ffa2219e17bcd0f') in 0.029020 seconds
Number of updated asset objects reloaded before import = 0
Number of asset objects unloaded after import = 2
========================================================================
Received Import Request.
  Time since last request: 0.000050 seconds.
  path: Assets/doyeon/asset/texture/pills_GD6_Render Result.jpg
  artifactKey: Guid(d33827b5bc43fe14e88b6be33b30f41f) Importer(815301076,1909f56bfc062723c751e8b465ee728b)
Start importing Assets/doyeon/asset/texture/pills_GD6_Render Result.jpg using Guid(d33827b5bc43fe14e88b6be33b30f41f) Importer(815301076,1909f56bfc062723c751e8b465ee728b) [PhysX] Initialized MultithreadedTaskDispatcher with 22 workers.
[PhysX] Initialized MultithreadedTaskDispatcher with 22 workers.
 -> (artifact id: 'faf6c3567814dee7c39a65e2cb8f8506') in 0.032109 seconds
Number of updated asset objects reloaded before import = 0
Number of asset objects unloaded after import = 2
========================================================================
Received Import Request.
  Time since last request: 0.000031 seconds.
  path: Assets/doyeon/asset/texture/pink.mat
  artifactKey: Guid(6a952fbc7d6b47d4cb779af1ef5150a3) Importer(815301076,1909f56bfc062723c751e8b465ee728b)
Start importing Assets/doyeon/asset/texture/pink.mat using Guid(6a952fbc7d6b47d4cb779af1ef5150a3) Importer(815301076,1909f56bfc062723c751e8b465ee728b) [PhysX] Initialized MultithreadedTaskDispatcher with 22 workers.
[PhysX] Initialized MultithreadedTaskDispatcher with 22 workers.
 -> (artifact id: '59961ec8b30795ebc6b44e1742ac7c02') in 0.146677 seconds
Number of updated asset objects reloaded before import = 0
Number of asset objects unloaded after import = 1
========================================================================
Received Import Request.
  Time since last request: 0.015433 seconds.
  path: Assets/doyeon/asset/texture/MI_Toy12_NormalOpenGL.jpg
  artifactKey: Guid(f22731fe15315f04398ab8a0ff599c85) Importer(815301076,1909f56bfc062723c751e8b465ee728b)
Start importing Assets/doyeon/asset/texture/MI_Toy12_NormalOpenGL.jpg using Guid(f22731fe15315f04398ab8a0ff599c85) Importer(815301076,1909f56bfc062723c751e8b465ee728b) [PhysX] Initialized MultithreadedTaskDispatcher with 22 workers.
[PhysX] Initialized MultithreadedTaskDispatcher with 22 workers.
 -> (artifact id: '0dccad236949bbb296d8f74ffadcb3a3') in 0.033858 seconds
Number of updated asset objects reloaded before import = 0
Number of asset objects unloaded after import = 2
========================================================================
Received Import Request.
  Time since last request: 0.000027 seconds.
  path: Assets/doyeon/asset/texture/mom_toy.mat
  artifactKey: Guid(8726260d751d4ff4e8ce1e5f22187f0d) Importer(815301076,1909f56bfc062723c751e8b465ee728b)
Start importing Assets/doyeon/asset/texture/mom_toy.mat using Guid(8726260d751d4ff4e8ce1e5f22187f0d) Importer(815301076,1909f56bfc062723c751e8b465ee728b) [PhysX] Initialized MultithreadedTaskDispatcher with 22 workers.
[PhysX] Initialized MultithreadedTaskDispatcher with 22 workers.
 -> (artifact id: 'af1480d0349b04c6ecfc47ae19494b2c') in 0.061664 seconds
Number of updated asset objects reloaded before import = 0
Number of asset objects unloaded after import = 4
========================================================================
Received Import Request.
  Time since last request: 0.000036 seconds.
  path: Assets/doyeon/asset/texture/moms_clock_inner.mat
  artifactKey: Guid(5195a031cb0f8b148b5f36a42045156f) Importer(815301076,1909f56bfc062723c751e8b465ee728b)
Start importing Assets/doyeon/asset/texture/moms_clock_inner.mat using Guid(5195a031cb0f8b148b5f36a42045156f) Importer(815301076,1909f56bfc062723c751e8b465ee728b) [PhysX] Initialized MultithreadedTaskDispatcher with 22 workers.
[PhysX] Initialized MultithreadedTaskDispatcher with 22 workers.
 -> (artifact id: '56dc31fa7e163352e4c174b475cc70ae') in 0.038334 seconds
Number of updated asset objects reloaded before import = 0
Number of asset objects unloaded after import = 2
========================================================================
Received Import Request.
  Time since last request: 0.000045 seconds.
  path: Assets/doyeon/asset/texture/moms_letter.png
  artifactKey: Guid(e10e6008afce89b41bcebeb0864baca7) Importer(815301076,1909f56bfc062723c751e8b465ee728b)
Start importing Assets/doyeon/asset/texture/moms_letter.png using Guid(e10e6008afce89b41bcebeb0864baca7) Importer(815301076,1909f56bfc062723c751e8b465ee728b) [PhysX] Initialized MultithreadedTaskDispatcher with 22 workers.
[PhysX] Initialized MultithreadedTaskDispatcher with 22 workers.
 -> (artifact id: 'd18ce48d217ef10c5f9a51ecdcdb5b95') in 0.027574 seconds
Number of updated asset objects reloaded before import = 0
Number of asset objects unloaded after import = 2
========================================================================
Received Import Request.
  Time since last request: 9.385944 seconds.
  path: Assets/0.Scenes/FamilyHouse.unity
  artifactKey: Guid(c67631f456c804c38a60c4d5e5acd245) Importer(815301076,1909f56bfc062723c751e8b465ee728b)
Start importing Assets/0.Scenes/FamilyHouse.unity using Guid(c67631f456c804c38a60c4d5e5acd245) Importer(815301076,1909f56bfc062723c751e8b465ee728b) [PhysX] Initialized MultithreadedTaskDispatcher with 22 workers.
 -> (artifact id: '6f65dea5dc379ee58d9f5b2d7f0487fc') in 0.001307 seconds
Number of updated asset objects reloaded before import = 0
Number of asset objects unloaded after import = 0
========================================================================
Received Import Request.
  Time since last request: 245.783366 seconds.
  path: Assets/0.Scenes/Kindergarten.unity
  artifactKey: Guid(facf051d9ff0059429cb871cab8896d2) Importer(815301076,1909f56bfc062723c751e8b465ee728b)
Start importing Assets/0.Scenes/Kindergarten.unity using Guid(facf051d9ff0059429cb871cab8896d2) Importer(815301076,1909f56bfc062723c751e8b465ee728b) [PhysX] Initialized MultithreadedTaskDispatcher with 22 workers.
 -> (artifact id: '59ae6c02ce02b941fdbb52b287ae7776') in 0.011216 seconds
Number of updated asset objects reloaded before import = 0
Number of asset objects unloaded after import = 0
========================================================================
Received Import Request.
  Time since last request: 36.674465 seconds.
  path: Assets/0.Scenes/Kindergarten2.unity
  artifactKey: Guid(bd48e909feafd0c43a1595663e66b158) Importer(815301076,1909f56bfc062723c751e8b465ee728b)
Start importing Assets/0.Scenes/Kindergarten2.unity using Guid(bd48e909feafd0c43a1595663e66b158) Importer(815301076,1909f56bfc062723c751e8b465ee728b) [PhysX] Initialized MultithreadedTaskDispatcher with 22 workers.
 -> (artifact id: 'c462fffc63260ac87c56eb803bf1fd58') in 0.003065 seconds
Number of updated asset objects reloaded before import = 0
Number of asset objects unloaded after import = 0
========================================================================
Received Import Request.
  Time since last request: 278.073361 seconds.
  path: Assets/2.Download/navigation.fbx
  artifactKey: Guid(bb64944aad54c41ea95e4afb7730a8c9) Importer(815301076,1909f56bfc062723c751e8b465ee728b)
Start importing Assets/2.Download/navigation.fbx using Guid(bb64944aad54c41ea95e4afb7730a8c9) Importer(815301076,1909f56bfc062723c751e8b465ee728b) [PhysX] Initialized MultithreadedTaskDispatcher with 22 workers.
[PhysX] Initialized MultithreadedTaskDispatcher with 22 workers.
[PhysX] Initialized MultithreadedTaskDispatcher with 22 workers.
[PhysX] Initialized MultithreadedTaskDispatcher with 22 workers.
[PhysX] Initialized MultithreadedTaskDispatcher with 22 workers.
[PhysX] Initialized MultithreadedTaskDispatcher with 22 workers.
[PhysX] Initialized MultithreadedTaskDispatcher with 22 workers.
[PhysX] Initialized MultithreadedTaskDispatcher with 22 workers.
[PhysX] Initialized MultithreadedTaskDispatcher with 22 workers.
[PhysX] Initialized MultithreadedTaskDispatcher with 22 workers.
[PhysX] Initialized MultithreadedTaskDispatcher with 22 workers.
[PhysX] Initialized MultithreadedTaskDispatcher with 22 workers.
 -> (artifact id: 'f69f49881285361de0ec13a303f307da') in 0.235380 seconds
Number of updated asset objects reloaded before import = 0
Number of asset objects unloaded after import = 26
========================================================================
Received Import Request.
  Time since last request: 1.790693 seconds.
  path: Assets/doyeon/baby_clothes.mat
  artifactKey: Guid(a41f6201539633441b991ea8ad586c97) Importer(815301076,1909f56bfc062723c751e8b465ee728b)
Start importing Assets/doyeon/baby_clothes.mat using Guid(a41f6201539633441b991ea8ad586c97) Importer(815301076,1909f56bfc062723c751e8b465ee728b) [PhysX] Initialized MultithreadedTaskDispatcher with 22 workers.
[PhysX] Initialized MultithreadedTaskDispatcher with 22 workers.
 -> (artifact id: 'ef143ed73c9ea6c5c11618b8f3931bd3') in 0.096954 seconds
Number of updated asset objects reloaded before import = 0
Number of asset objects unloaded after import = 3
========================================================================
Received Import Request.
  Time since last request: 0.000071 seconds.
  path: Assets/doyeon/Fabric019_2K-JPG_Color.jpg
  artifactKey: Guid(920e99df76d220140bd810dadc63a871) Importer(815301076,1909f56bfc062723c751e8b465ee728b)
Start importing Assets/doyeon/Fabric019_2K-JPG_Color.jpg using Guid(920e99df76d220140bd810dadc63a871) Importer(815301076,1909f56bfc062723c751e8b465ee728b) [PhysX] Initialized MultithreadedTaskDispatcher with 22 workers.
[PhysX] Initialized MultithreadedTaskDispatcher with 22 workers.
 -> (artifact id: '5ed6db3ffdd1f175dc28fe4b65121001') in 0.025268 seconds
Number of updated asset objects reloaded before import = 0
Number of asset objects unloaded after import = 2
========================================================================
Received Import Request.
  Time since last request: 0.000089 seconds.
  path: Assets/doyeon/face.mat
  artifactKey: Guid(f9b8cac920acca540b4de5fdaafa16c2) Importer(815301076,1909f56bfc062723c751e8b465ee728b)
Start importing Assets/doyeon/face.mat using Guid(f9b8cac920acca540b4de5fdaafa16c2) Importer(815301076,1909f56bfc062723c751e8b465ee728b) [PhysX] Initialized MultithreadedTaskDispatcher with 22 workers.
[PhysX] Initialized MultithreadedTaskDispatcher with 22 workers.
 -> (artifact id: '91a9cf569cc44f0a93ba7dff9860f772') in 0.023932 seconds
Number of updated asset objects reloaded before import = 0
Number of asset objects unloaded after import = 1
========================================================================
Received Import Request.
  Time since last request: 0.000212 seconds.
  path: Assets/doyeon/skirt 1.mat
  artifactKey: Guid(793e4f53db823db45b3267a0a8573c4d) Importer(815301076,1909f56bfc062723c751e8b465ee728b)
Start importing Assets/doyeon/skirt 1.mat using Guid(793e4f53db823db45b3267a0a8573c4d) Importer(815301076,1909f56bfc062723c751e8b465ee728b) [PhysX] Initialized MultithreadedTaskDispatcher with 22 workers.
[PhysX] Initialized MultithreadedTaskDispatcher with 22 workers.
 -> (artifact id: 'a1939222826ff3f281c72838de7f3f68') in 0.034217 seconds
Number of updated asset objects reloaded before import = 0
Number of asset objects unloaded after import = 3
========================================================================
Received Import Request.
  Time since last request: 0.000107 seconds.
  path: Assets/doyeon/safe_zone2.mat
  artifactKey: Guid(a3f00e37fff84114581ca7adf5be6199) Importer(815301076,1909f56bfc062723c751e8b465ee728b)
Start importing Assets/doyeon/safe_zone2.mat using Guid(a3f00e37fff84114581ca7adf5be6199) Importer(815301076,1909f56bfc062723c751e8b465ee728b) [PhysX] Initialized MultithreadedTaskDispatcher with 22 workers.
[PhysX] Initialized MultithreadedTaskDispatcher with 22 workers.
 -> (artifact id: '40fd5efa78ebdfb01b2705e8bcec4e9e') in 0.165353 seconds
Number of updated asset objects reloaded before import = 0
Number of asset objects unloaded after import = 2
========================================================================
Received Import Request.
  Time since last request: 0.000023 seconds.
  path: Assets/doyeon/house(mom)3_texture1.fbx
  artifactKey: Guid(6a155c870429ce44ea3693f8104c04ee) Importer(815301076,1909f56bfc062723c751e8b465ee728b)
Start importing Assets/doyeon/house(mom)3_texture1.fbx using Guid(6a155c870429ce44ea3693f8104c04ee) Importer(815301076,1909f56bfc062723c751e8b465ee728b) [PhysX] Initialized MultithreadedTaskDispatcher with 22 workers.
[PhysX] Initialized MultithreadedTaskDispatcher with 22 workers.
[PhysX] Initialized MultithreadedTaskDispatcher with 22 workers.
[PhysX] Initialized MultithreadedTaskDispatcher with 22 workers.
[PhysX] Initialized MultithreadedTaskDispatcher with 22 workers.
[PhysX] Initialized MultithreadedTaskDispatcher with 22 workers.
[PhysX] Initialized MultithreadedTaskDispatcher with 22 workers.
[PhysX] Initialized MultithreadedTaskDispatcher with 22 workers.
[PhysX] Initialized MultithreadedTaskDispatcher with 22 workers.
[PhysX] Initialized MultithreadedTaskDispatcher with 22 workers.
[PhysX] Initialized MultithreadedTaskDispatcher with 22 workers.
[PhysX] Initialized MultithreadedTaskDispatcher with 22 workers.
[PhysX] Initialized MultithreadedTaskDispatcher with 22 workers.
[PhysX] Initialized MultithreadedTaskDispatcher with 22 workers.
[PhysX] Initialized MultithreadedTaskDispatcher with 22 workers.
[PhysX] Initialized MultithreadedTaskDispatcher with 22 workers.
[PhysX] Initialized MultithreadedTaskDispatcher with 22 workers.
[PhysX] Initialized MultithreadedTaskDispatcher with 22 workers.
[PhysX] Initialized MultithreadedTaskDispatcher with 22 workers.
[PhysX] Initialized MultithreadedTaskDispatcher with 22 workers.
[PhysX] Initialized MultithreadedTaskDispatcher with 22 workers.
[PhysX] Initialized MultithreadedTaskDispatcher with 22 workers.
[PhysX] Initialized MultithreadedTaskDispatcher with 22 workers.
[PhysX] Initialized MultithreadedTaskDispatcher with 22 workers.
[PhysX] Initialized MultithreadedTaskDispatcher with 22 workers.
[PhysX] Initialized MultithreadedTaskDispatcher with 22 workers.
[PhysX] Initialized MultithreadedTaskDispatcher with 22 workers.
[PhysX] Initialized MultithreadedTaskDispatcher with 22 workers.
[PhysX] Initialized MultithreadedTaskDispatcher with 22 workers.
[PhysX] Initialized MultithreadedTaskDispatcher with 22 workers.
[PhysX] Initialized MultithreadedTaskDispatcher with 22 workers.
[PhysX] Initialized MultithreadedTaskDispatcher with 22 workers.
[PhysX] Initialized MultithreadedTaskDispatcher with 22 workers.
[PhysX] Initialized MultithreadedTaskDispatcher with 22 workers.
[PhysX] Initialized MultithreadedTaskDispatcher with 22 workers.
[PhysX] Initialized MultithreadedTaskDispatcher with 22 workers.
 -> (artifact id: '87076a120333f54cecd1fbd15c3a06dc') in 0.269395 seconds
Number of updated asset objects reloaded before import = 0
Number of asset objects unloaded after import = 182
========================================================================
Received Import Request.
  Time since last request: 0.000032 seconds.
  path: Assets/doyeon/dog_eyes.mat
  artifactKey: Guid(072c6dcbd31e1ee4e8b29c6875504d95) Importer(815301076,1909f56bfc062723c751e8b465ee728b)
Start importing Assets/doyeon/dog_eyes.mat using Guid(072c6dcbd31e1ee4e8b29c6875504d95) Importer(815301076,1909f56bfc062723c751e8b465ee728b) [PhysX] Initialized MultithreadedTaskDispatcher with 22 workers.
[PhysX] Initialized MultithreadedTaskDispatcher with 22 workers.
 -> (artifact id: 'db194ffef78ed6f3f03c90e66cf5afd8') in 0.027909 seconds
Number of updated asset objects reloaded before import = 0
Number of asset objects unloaded after import = 2
========================================================================
Received Import Request.
  Time since last request: 0.000023 seconds.
  path: Assets/doyeon/clothes.mat
  artifactKey: Guid(df8e319904c0881418afebe9092fc466) Importer(815301076,1909f56bfc062723c751e8b465ee728b)
Start importing Assets/doyeon/clothes.mat using Guid(df8e319904c0881418afebe9092fc466) Importer(815301076,1909f56bfc062723c751e8b465ee728b) [PhysX] Initialized MultithreadedTaskDispatcher with 22 workers.
[PhysX] Initialized MultithreadedTaskDispatcher with 22 workers.
 -> (artifact id: 'd296919cfe46c213660ee2735f942789') in 0.031039 seconds
Number of updated asset objects reloaded before import = 0
Number of asset objects unloaded after import = 3
========================================================================
Received Import Request.
  Time since last request: 0.000029 seconds.
  path: Assets/doyeon/Fabric019_2K-JPG_NormalDX.jpg
  artifactKey: Guid(5a11ee529f69f6d4eb9ad3682b277edc) Importer(815301076,1909f56bfc062723c751e8b465ee728b)
Start importing Assets/doyeon/Fabric019_2K-JPG_NormalDX.jpg using Guid(5a11ee529f69f6d4eb9ad3682b277edc) Importer(815301076,1909f56bfc062723c751e8b465ee728b) [PhysX] Initialized MultithreadedTaskDispatcher with 22 workers.
[PhysX] Initialized MultithreadedTaskDispatcher with 22 workers.
 -> (artifact id: 'bbe1ae4cb27e407e57bbd828f3d4ecc6') in 0.031790 seconds
Number of updated asset objects reloaded before import = 0
Number of asset objects unloaded after import = 2
========================================================================
Received Import Request.
  Time since last request: 0.000020 seconds.
  path: Assets/doyeon/skirt.mat
  artifactKey: Guid(99085b2d5c96a264fbc2461925974f7e) Importer(815301076,1909f56bfc062723c751e8b465ee728b)
Start importing Assets/doyeon/skirt.mat using Guid(99085b2d5c96a264fbc2461925974f7e) Importer(815301076,1909f56bfc062723c751e8b465ee728b) [PhysX] Initialized MultithreadedTaskDispatcher with 22 workers.
[PhysX] Initialized MultithreadedTaskDispatcher with 22 workers.
 -> (artifact id: '994f2c0ec4ff9629cc9fa825210ba68a') in 0.031178 seconds
Number of updated asset objects reloaded before import = 0
Number of asset objects unloaded after import = 3
========================================================================
Received Import Request.
  Time since last request: 0.000022 seconds.
  path: Assets/doyeon/lip(c).png
  artifactKey: Guid(aebfe7653d585f140b049f299372372a) Importer(815301076,1909f56bfc062723c751e8b465ee728b)
Start importing Assets/doyeon/lip(c).png using Guid(aebfe7653d585f140b049f299372372a) Importer(815301076,1909f56bfc062723c751e8b465ee728b) [PhysX] Initialized MultithreadedTaskDispatcher with 22 workers.
[PhysX] Initialized MultithreadedTaskDispatcher with 22 workers.
 -> (artifact id: '5c1987478c73c9e55932e6fbc56dc252') in 0.030347 seconds
Number of updated asset objects reloaded before import = 0
Number of asset objects unloaded after import = 2
========================================================================
Received Import Request.
  Time since last request: 0.000024 seconds.
  path: Assets/doyeon/head_house1_mom(c).png
  artifactKey: Guid(5bac8f3f1dbdaf549811d5c3ff5a7d38) Importer(815301076,1909f56bfc062723c751e8b465ee728b)
Start importing Assets/doyeon/head_house1_mom(c).png using Guid(5bac8f3f1dbdaf549811d5c3ff5a7d38) Importer(815301076,1909f56bfc062723c751e8b465ee728b) [PhysX] Initialized MultithreadedTaskDispatcher with 22 workers.
[PhysX] Initialized MultithreadedTaskDispatcher with 22 workers.
 -> (artifact id: '518a64a2b8ca1c9f3e83e90116a5d88d') in 0.031554 seconds
Number of updated asset objects reloaded before import = 0
Number of asset objects unloaded after import = 2
========================================================================
Received Import Request.
  Time since last request: 0.000026 seconds.
  path: Assets/doyeon/Fabric066_2K-JPG_Color.jpg
  artifactKey: Guid(a29826f9bde19f84d9fe6e89f8443f98) Importer(815301076,1909f56bfc062723c751e8b465ee728b)
Start importing Assets/doyeon/Fabric066_2K-JPG_Color.jpg using Guid(a29826f9bde19f84d9fe6e89f8443f98) Importer(815301076,1909f56bfc062723c751e8b465ee728b) [PhysX] Initialized MultithreadedTaskDispatcher with 22 workers.
[PhysX] Initialized MultithreadedTaskDispatcher with 22 workers.
 -> (artifact id: '8b0250e5ab8e9156b5121ba27bfbaaa9') in 0.024858 seconds
Number of updated asset objects reloaded before import = 0
Number of asset objects unloaded after import = 2
========================================================================
Received Import Request.
  Time since last request: 0.000048 seconds.
  path: Assets/doyeon/house_mom_hair.png
  artifactKey: Guid(7dbe3fb2a1974d34389b9639dcef5624) Importer(815301076,1909f56bfc062723c751e8b465ee728b)
Start importing Assets/doyeon/house_mom_hair.png using Guid(7dbe3fb2a1974d34389b9639dcef5624) Importer(815301076,1909f56bfc062723c751e8b465ee728b) [PhysX] Initialized MultithreadedTaskDispatcher with 22 workers.
[PhysX] Initialized MultithreadedTaskDispatcher with 22 workers.
 -> (artifact id: '5cad2544131f0209fe57756a30bffb1c') in 0.028552 seconds
Number of updated asset objects reloaded before import = 0
Number of asset objects unloaded after import = 2
========================================================================
Received Import Request.
  Time since last request: 0.000058 seconds.
  path: Assets/doyeon/submit.mat
  artifactKey: Guid(5b6b5a5df8848b745b96d2e13cd34679) Importer(815301076,1909f56bfc062723c751e8b465ee728b)
Start importing Assets/doyeon/submit.mat using Guid(5b6b5a5df8848b745b96d2e13cd34679) Importer(815301076,1909f56bfc062723c751e8b465ee728b) [PhysX] Initialized MultithreadedTaskDispatcher with 22 workers.
[PhysX] Initialized MultithreadedTaskDispatcher with 22 workers.
 -> (artifact id: 'ef40be3504dd3a4f208932409e22b966') in 0.053258 seconds
Number of updated asset objects reloaded before import = 0
Number of asset objects unloaded after import = 4
========================================================================
Received Import Request.
  Time since last request: 0.000035 seconds.
  path: Assets/doyeon/eyes_mom_color.png
  artifactKey: Guid(f3a56ec4c4099b34e9a3ff40804e03ed) Importer(815301076,1909f56bfc062723c751e8b465ee728b)
Start importing Assets/doyeon/eyes_mom_color.png using Guid(f3a56ec4c4099b34e9a3ff40804e03ed) Importer(815301076,1909f56bfc062723c751e8b465ee728b) [PhysX] Initialized MultithreadedTaskDispatcher with 22 workers.
[PhysX] Initialized MultithreadedTaskDispatcher with 22 workers.
 -> (artifact id: 'b57060ee5756a8a6a6cb1078123e260e') in 0.027385 seconds
Number of updated asset objects reloaded before import = 0
Number of asset objects unloaded after import = 2
========================================================================
Received Import Request.
  Time since last request: 0.000024 seconds.
  path: Assets/doyeon/baby_face_Roughness.jpg
  artifactKey: Guid(e3356c8ff9f13714eb7657058d07c91c) Importer(815301076,1909f56bfc062723c751e8b465ee728b)
Start importing Assets/doyeon/baby_face_Roughness.jpg using Guid(e3356c8ff9f13714eb7657058d07c91c) Importer(815301076,1909f56bfc062723c751e8b465ee728b) [PhysX] Initialized MultithreadedTaskDispatcher with 22 workers.
[PhysX] Initialized MultithreadedTaskDispatcher with 22 workers.
 -> (artifact id: 'fdade871f622c4b12705906d3ee691f0') in 0.024484 seconds
Number of updated asset objects reloaded before import = 0
Number of asset objects unloaded after import = 2
========================================================================
Received Import Request.
  Time since last request: 0.000066 seconds.
  path: Assets/doyeon/Fabric006_2K-JPG_Color.jpg
  artifactKey: Guid(8622e0d078e8a434ca0c3c0b4ebd9b96) Importer(815301076,1909f56bfc062723c751e8b465ee728b)
Start importing Assets/doyeon/Fabric006_2K-JPG_Color.jpg using Guid(8622e0d078e8a434ca0c3c0b4ebd9b96) Importer(815301076,1909f56bfc062723c751e8b465ee728b) [PhysX] Initialized MultithreadedTaskDispatcher with 22 workers.
[PhysX] Initialized MultithreadedTaskDispatcher with 22 workers.
 -> (artifact id: '199e70c219a734ed7b6703fea72eb00b') in 0.029125 seconds
Number of updated asset objects reloaded before import = 0
Number of asset objects unloaded after import = 2
========================================================================
Received Import Request.
  Time since last request: 0.000028 seconds.
  path: Assets/doyeon/Fabric018_2K-JPG_NormalDX.jpg
  artifactKey: Guid(51bc33b19c859c440a105b7a7f267f88) Importer(815301076,1909f56bfc062723c751e8b465ee728b)
Start importing Assets/doyeon/Fabric018_2K-JPG_NormalDX.jpg using Guid(51bc33b19c859c440a105b7a7f267f88) Importer(815301076,1909f56bfc062723c751e8b465ee728b) [PhysX] Initialized MultithreadedTaskDispatcher with 22 workers.
[PhysX] Initialized MultithreadedTaskDispatcher with 22 workers.
 -> (artifact id: '2ff624bd6fe928982600e44899b8a9e8') in 0.031240 seconds
Number of updated asset objects reloaded before import = 0
Number of asset objects unloaded after import = 2
========================================================================
Received Import Request.
  Time since last request: 0.000118 seconds.
  path: Assets/doyeon/bell.mat
  artifactKey: Guid(5d9ab294f8ab1584f97aa47e32ce9efb) Importer(815301076,1909f56bfc062723c751e8b465ee728b)
Start importing Assets/doyeon/bell.mat using Guid(5d9ab294f8ab1584f97aa47e32ce9efb) Importer(815301076,1909f56bfc062723c751e8b465ee728b) [PhysX] Initialized MultithreadedTaskDispatcher with 22 workers.
[PhysX] Initialized MultithreadedTaskDispatcher with 22 workers.
 -> (artifact id: '586c19beadd9dc8b26699bc583f7567a') in 0.022382 seconds
Number of updated asset objects reloaded before import = 0
Number of asset objects unloaded after import = 1
========================================================================
Received Import Request.
  Time since last request: 0.000049 seconds.
  path: Assets/doyeon/Fabric006_2K-JPG_Roughness.jpg
  artifactKey: Guid(7eede3d9b5e442c41a9fcbd30cca26e4) Importer(815301076,1909f56bfc062723c751e8b465ee728b)
Start importing Assets/doyeon/Fabric006_2K-JPG_Roughness.jpg using Guid(7eede3d9b5e442c41a9fcbd30cca26e4) Importer(815301076,1909f56bfc062723c751e8b465ee728b) [PhysX] Initialized MultithreadedTaskDispatcher with 22 workers.
[PhysX] Initialized MultithreadedTaskDispatcher with 22 workers.
 -> (artifact id: '534f0a3766fb2f5e41adf95ecebcc96a') in 0.025547 seconds
Number of updated asset objects reloaded before import = 0
Number of asset objects unloaded after import = 2
========================================================================
Received Import Request.
  Time since last request: 0.000028 seconds.
  path: Assets/doyeon/Fabric006_2K-JPG_NormalDX.jpg
  artifactKey: Guid(6817e1187ae375948be93b17c84fdd69) Importer(815301076,1909f56bfc062723c751e8b465ee728b)
Start importing Assets/doyeon/Fabric006_2K-JPG_NormalDX.jpg using Guid(6817e1187ae375948be93b17c84fdd69) Importer(815301076,1909f56bfc062723c751e8b465ee728b) [PhysX] Initialized MultithreadedTaskDispatcher with 22 workers.
[PhysX] Initialized MultithreadedTaskDispatcher with 22 workers.
 -> (artifact id: '3796047e1775050438b93891379cf357') in 0.028901 seconds
Number of updated asset objects reloaded before import = 0
Number of asset objects unloaded after import = 2
========================================================================
Received Import Request.
  Time since last request: 0.000069 seconds.
  path: Assets/doyeon/dog_nose.mat
  artifactKey: Guid(c7cd35d906d448941ac50eee623087c0) Importer(815301076,1909f56bfc062723c751e8b465ee728b)
Start importing Assets/doyeon/dog_nose.mat using Guid(c7cd35d906d448941ac50eee623087c0) Importer(815301076,1909f56bfc062723c751e8b465ee728b) [PhysX] Initialized MultithreadedTaskDispatcher with 22 workers.
[PhysX] Initialized MultithreadedTaskDispatcher with 22 workers.
 -> (artifact id: '50cd35329ac1c0ea74007b20e1f73590') in 0.025436 seconds
Number of updated asset objects reloaded before import = 0
Number of asset objects unloaded after import = 2
========================================================================
Received Import Request.
  Time since last request: 1.571271 seconds.
  path: Assets/modeling/baby.fbx
  artifactKey: Guid(41fde2fc68b68ab439f6da2941b9ffc3) Importer(815301076,1909f56bfc062723c751e8b465ee728b)
Start importing Assets/modeling/baby.fbx using Guid(41fde2fc68b68ab439f6da2941b9ffc3) Importer(815301076,1909f56bfc062723c751e8b465ee728b) [PhysX] Initialized MultithreadedTaskDispatcher with 22 workers.
[PhysX] Initialized MultithreadedTaskDispatcher with 22 workers.
[PhysX] Initialized MultithreadedTaskDispatcher with 22 workers.
[PhysX] Initialized MultithreadedTaskDispatcher with 22 workers.
[PhysX] Initialized MultithreadedTaskDispatcher with 22 workers.
[PhysX] Initialized MultithreadedTaskDispatcher with 22 workers.
[PhysX] Initialized MultithreadedTaskDispatcher with 22 workers.
[PhysX] Initialized MultithreadedTaskDispatcher with 22 workers.
[PhysX] Initialized MultithreadedTaskDispatcher with 22 workers.
[PhysX] Initialized MultithreadedTaskDispatcher with 22 workers.
[PhysX] Initialized MultithreadedTaskDispatcher with 22 workers.
[PhysX] Initialized MultithreadedTaskDispatcher with 22 workers.
[PhysX] Initialized MultithreadedTaskDispatcher with 22 workers.
[PhysX] Initialized MultithreadedTaskDispatcher with 22 workers.
[PhysX] Initialized MultithreadedTaskDispatcher with 22 workers.
[PhysX] Initialized MultithreadedTaskDispatcher with 22 workers.
[PhysX] Initialized MultithreadedTaskDispatcher with 22 workers.
[PhysX] Initialized MultithreadedTaskDispatcher with 22 workers.
[PhysX] Initialized MultithreadedTaskDispatcher with 22 workers.
 -> (artifact id: '6943658466bb549744dd5c1f02e53437') in 0.147734 seconds
Number of updated asset objects reloaded before import = 0
Number of asset objects unloaded after import = 83
========================================================================
Received Import Request.
  Time since last request: 0.000028 seconds.
  path: Assets/modeling/house(petcam)_body.fbx
  artifactKey: Guid(3c70d348656979d4bb2b82d2517df078) Importer(815301076,1909f56bfc062723c751e8b465ee728b)
Start importing Assets/modeling/house(petcam)_body.fbx using Guid(3c70d348656979d4bb2b82d2517df078) Importer(815301076,1909f56bfc062723c751e8b465ee728b) [PhysX] Initialized MultithreadedTaskDispatcher with 22 workers.
[PhysX] Initialized MultithreadedTaskDispatcher with 22 workers.
[PhysX] Initialized MultithreadedTaskDispatcher with 22 workers.
[PhysX] Initialized MultithreadedTaskDispatcher with 22 workers.
[PhysX] Initialized MultithreadedTaskDispatcher with 22 workers.
[PhysX] Initialized MultithreadedTaskDispatcher with 22 workers.
[PhysX] Initialized MultithreadedTaskDispatcher with 22 workers.
[PhysX] Initialized MultithreadedTaskDispatcher with 22 workers.
[PhysX] Initialized MultithreadedTaskDispatcher with 22 workers.
[PhysX] Initialized MultithreadedTaskDispatcher with 22 workers.
[PhysX] Initialized MultithreadedTaskDispatcher with 22 workers.
 -> (artifact id: 'c6db4c6a10df49feb666aa150e9529fd') in 0.076075 seconds
Number of updated asset objects reloaded before import = 0
Number of asset objects unloaded after import = 22
========================================================================
Received Import Request.
  Time since last request: 0.000023 seconds.
  path: Assets/modeling/safe_zone.fbx
  artifactKey: Guid(6208a6e8f2b44ef479d8784c0ee61dce) Importer(815301076,1909f56bfc062723c751e8b465ee728b)
Start importing Assets/modeling/safe_zone.fbx using Guid(6208a6e8f2b44ef479d8784c0ee61dce) Importer(815301076,1909f56bfc062723c751e8b465ee728b) [PhysX] Initialized MultithreadedTaskDispatcher with 22 workers.
[PhysX] Initialized MultithreadedTaskDispatcher with 22 workers.
[PhysX] Initialized MultithreadedTaskDispatcher with 22 workers.
 -> (artifact id: '4594b065d4011ee91ea22646045a8a2f') in 0.032774 seconds
Number of updated asset objects reloaded before import = 0
Number of asset objects unloaded after import = 7
========================================================================
Received Import Request.
  Time since last request: 0.000048 seconds.
  path: Assets/modeling/wall1.fbx
  artifactKey: Guid(528b9bb62b58269438efd5a912c7d147) Importer(815301076,1909f56bfc062723c751e8b465ee728b)
Start importing Assets/modeling/wall1.fbx using Guid(528b9bb62b58269438efd5a912c7d147) Importer(815301076,1909f56bfc062723c751e8b465ee728b) [PhysX] Initialized MultithreadedTaskDispatcher with 22 workers.
[PhysX] Initialized MultithreadedTaskDispatcher with 22 workers.
[PhysX] Initialized MultithreadedTaskDispatcher with 22 workers.
[PhysX] Initialized MultithreadedTaskDispatcher with 22 workers.
 -> (artifact id: '71e7e88c15216087ce064e3609b28fe9') in 0.035162 seconds
Number of updated asset objects reloaded before import = 0
Number of asset objects unloaded after import = 8
========================================================================
Received Import Request.
  Time since last request: 0.000022 seconds.
  path: Assets/modeling/house(petcam)_head.fbx
  artifactKey: Guid(f9ed21db047eb7344a50fe9c341d648a) Importer(815301076,1909f56bfc062723c751e8b465ee728b)
Start importing Assets/modeling/house(petcam)_head.fbx using Guid(f9ed21db047eb7344a50fe9c341d648a) Importer(815301076,1909f56bfc062723c751e8b465ee728b) [PhysX] Initialized MultithreadedTaskDispatcher with 22 workers.
[PhysX] Initialized MultithreadedTaskDispatcher with 22 workers.
[PhysX] Initialized MultithreadedTaskDispatcher with 22 workers.
[PhysX] Initialized MultithreadedTaskDispatcher with 22 workers.
[PhysX] Initialized MultithreadedTaskDispatcher with 22 workers.
[PhysX] Initialized MultithreadedTaskDispatcher with 22 workers.
[PhysX] Initialized MultithreadedTaskDispatcher with 22 workers.
[PhysX] Initialized MultithreadedTaskDispatcher with 22 workers.
[PhysX] Initialized MultithreadedTaskDispatcher with 22 workers.
[PhysX] Initialized MultithreadedTaskDispatcher with 22 workers.
[PhysX] Initialized MultithreadedTaskDispatcher with 22 workers.
[PhysX] Initialized MultithreadedTaskDispatcher with 22 workers.
[PhysX] Initialized MultithreadedTaskDispatcher with 22 workers.
[PhysX] Initialized MultithreadedTaskDispatcher with 22 workers.
[PhysX] Initialized MultithreadedTaskDispatcher with 22 workers.
[PhysX] Initialized MultithreadedTaskDispatcher with 22 workers.
[PhysX] Initialized MultithreadedTaskDispatcher with 22 workers.
[PhysX] Initialized MultithreadedTaskDispatcher with 22 workers.
[PhysX] Initialized MultithreadedTaskDispatcher with 22 workers.
[PhysX] Initialized MultithreadedTaskDispatcher with 22 workers.
[PhysX] Initialized MultithreadedTaskDispatcher with 22 workers.
[PhysX] Initialized MultithreadedTaskDispatcher with 22 workers.
[PhysX] Initialized MultithreadedTaskDispatcher with 22 workers.
[PhysX] Initialized MultithreadedTaskDispatcher with 22 workers.
[PhysX] Initialized MultithreadedTaskDispatcher with 22 workers.
[PhysX] Initialized MultithreadedTaskDispatcher with 22 workers.
[PhysX] Initialized MultithreadedTaskDispatcher with 22 workers.
[PhysX] Initialized MultithreadedTaskDispatcher with 22 workers.
[PhysX] Initialized MultithreadedTaskDispatcher with 22 workers.
 -> (artifact id: '36daabd74d3094bec8b3324601582434') in 0.188980 seconds
Number of updated asset objects reloaded before import = 0
Number of asset objects unloaded after import = 58
========================================================================
Received Import Request.
  Time since last request: 0.000033 seconds.
  path: Assets/modeling/house(dog)3hue_1smooth_rigging.fbx
  artifactKey: Guid(77eb807fb1a615d46adef7af11467ad9) Importer(815301076,1909f56bfc062723c751e8b465ee728b)
Start importing Assets/modeling/house(dog)3hue_1smooth_rigging.fbx using Guid(77eb807fb1a615d46adef7af11467ad9) Importer(815301076,1909f56bfc062723c751e8b465ee728b) [PhysX] Initialized MultithreadedTaskDispatcher with 22 workers.
[PhysX] Initialized MultithreadedTaskDispatcher with 22 workers.
[PhysX] Initialized MultithreadedTaskDispatcher with 22 workers.
[PhysX] Initialized MultithreadedTaskDispatcher with 22 workers.
[PhysX] Initialized MultithreadedTaskDispatcher with 22 workers.
[PhysX] Initialized MultithreadedTaskDispatcher with 22 workers.
[PhysX] Initialized MultithreadedTaskDispatcher with 22 workers.
[PhysX] Initialized MultithreadedTaskDispatcher with 22 workers.
[PhysX] Initialized MultithreadedTaskDispatcher with 22 workers.
[PhysX] Initialized MultithreadedTaskDispatcher with 22 workers.
[PhysX] Initialized MultithreadedTaskDispatcher with 22 workers.
[PhysX] Initialized MultithreadedTaskDispatcher with 22 workers.
[PhysX] Initialized MultithreadedTaskDispatcher with 22 workers.
[PhysX] Initialized MultithreadedTaskDispatcher with 22 workers.
[PhysX] Initialized MultithreadedTaskDispatcher with 22 workers.
[PhysX] Initialized MultithreadedTaskDispatcher with 22 workers.
[PhysX] Initialized MultithreadedTaskDispatcher with 22 workers.
[PhysX] Initialized MultithreadedTaskDispatcher with 22 workers.
[PhysX] Initialized MultithreadedTaskDispatcher with 22 workers.
[PhysX] Initialized MultithreadedTaskDispatcher with 22 workers.
[PhysX] Initialized MultithreadedTaskDispatcher with 22 workers.
 -> (artifact id: 'e8a3aa88d3d9d8759904d20a74de0e00') in 0.150090 seconds
Number of updated asset objects reloaded before import = 0
Number of asset objects unloaded after import = 125
========================================================================
Received Import Request.
  Time since last request: 0.000030 seconds.
  path: Assets/modeling/house(cat)_rigging 1.fbx
  artifactKey: Guid(f3d169ac9d23175418989d01d9eb6a79) Importer(815301076,1909f56bfc062723c751e8b465ee728b)
Start importing Assets/modeling/house(cat)_rigging 1.fbx using Guid(f3d169ac9d23175418989d01d9eb6a79) Importer(815301076,1909f56bfc062723c751e8b465ee728b) [PhysX] Initialized MultithreadedTaskDispatcher with 22 workers.
[PhysX] Initialized MultithreadedTaskDispatcher with 22 workers.
[PhysX] Initialized MultithreadedTaskDispatcher with 22 workers.
[PhysX] Initialized MultithreadedTaskDispatcher with 22 workers.
[PhysX] Initialized MultithreadedTaskDispatcher with 22 workers.
[PhysX] Initialized MultithreadedTaskDispatcher with 22 workers.
[PhysX] Initialized MultithreadedTaskDispatcher with 22 workers.
[PhysX] Initialized MultithreadedTaskDispatcher with 22 workers.
[PhysX] Initialized MultithreadedTaskDispatcher with 22 workers.
 -> (artifact id: 'bd86e513ff35bd6bec07e1f4f1599fa3') in 0.135162 seconds
Number of updated asset objects reloaded before import = 0
Number of asset objects unloaded after import = 82
========================================================================
Received Import Request.
  Time since last request: 19.011531 seconds.
  path: Assets/modeling/bear_stand.fbx
  artifactKey: Guid(4fd8c25767b7ca04a93ca407a23107a3) Importer(815301076,1909f56bfc062723c751e8b465ee728b)
Start importing Assets/modeling/bear_stand.fbx using Guid(4fd8c25767b7ca04a93ca407a23107a3) Importer(815301076,1909f56bfc062723c751e8b465ee728b) [PhysX] Initialized MultithreadedTaskDispatcher with 22 workers.
[PhysX] Initialized MultithreadedTaskDispatcher with 22 workers.
[PhysX] Initialized MultithreadedTaskDispatcher with 22 workers.
[PhysX] Initialized MultithreadedTaskDispatcher with 22 workers.
[PhysX] Initialized MultithreadedTaskDispatcher with 22 workers.
[PhysX] Initialized MultithreadedTaskDispatcher with 22 workers.
[PhysX] Initialized MultithreadedTaskDispatcher with 22 workers.
[PhysX] Initialized MultithreadedTaskDispatcher with 22 workers.
[PhysX] Initialized MultithreadedTaskDispatcher with 22 workers.
[PhysX] Initialized MultithreadedTaskDispatcher with 22 workers.
[PhysX] Initialized MultithreadedTaskDispatcher with 22 workers.
[PhysX] Initialized MultithreadedTaskDispatcher with 22 workers.
[PhysX] Initialized MultithreadedTaskDispatcher with 22 workers.
[PhysX] Initialized MultithreadedTaskDispatcher with 22 workers.
[PhysX] Initialized MultithreadedTaskDispatcher with 22 workers.
[PhysX] Initialized MultithreadedTaskDispatcher with 22 workers.
[PhysX] Initialized MultithreadedTaskDispatcher with 22 workers.
[PhysX] Initialized MultithreadedTaskDispatcher with 22 workers.
[PhysX] Initialized MultithreadedTaskDispatcher with 22 workers.
[PhysX] Initialized MultithreadedTaskDispatcher with 22 workers.
[PhysX] Initialized MultithreadedTaskDispatcher with 22 workers.
[PhysX] Initialized MultithreadedTaskDispatcher with 22 workers.
[PhysX] Initialized MultithreadedTaskDispatcher with 22 workers.
[PhysX] Initialized MultithreadedTaskDispatcher with 22 workers.
[PhysX] Initialized MultithreadedTaskDispatcher with 22 workers.
[PhysX] Initialized MultithreadedTaskDispatcher with 22 workers.
[PhysX] Initialized MultithreadedTaskDispatcher with 22 workers.
[PhysX] Initialized MultithreadedTaskDispatcher with 22 workers.
[PhysX] Initialized MultithreadedTaskDispatcher with 22 workers.
[PhysX] Initialized MultithreadedTaskDispatcher with 22 workers.
[PhysX] Initialized MultithreadedTaskDispatcher with 22 workers.
[PhysX] Initialized MultithreadedTaskDispatcher with 22 workers.
[PhysX] Initialized MultithreadedTaskDispatcher with 22 workers.
[PhysX] Initialized MultithreadedTaskDispatcher with 22 workers.
[PhysX] Initialized MultithreadedTaskDispatcher with 22 workers.
[PhysX] Initialized MultithreadedTaskDispatcher with 22 workers.
[PhysX] Initialized MultithreadedTaskDispatcher with 22 workers.
[PhysX] Initialized MultithreadedTaskDispatcher with 22 workers.
[PhysX] Initialized MultithreadedTaskDispatcher with 22 workers.
[PhysX] Initialized MultithreadedTaskDispatcher with 22 workers.
 -> (artifact id: 'a0b3dfda31050d180cd1fbc59d623c58') in 0.407382 seconds
Number of updated asset objects reloaded before import = 0
Number of asset objects unloaded after import = 129
